mode: set
goxus/src/internal/app/goxus/api/server/provider.go:21.147,22.20 1 0
goxus/src/internal/app/goxus/api/server/provider.go:22.20,24.3 1 0
goxus/src/internal/app/goxus/api/server/provider.go:26.2,27.16 2 0
goxus/src/internal/app/goxus/api/server/provider.go:27.16,29.3 1 0
goxus/src/internal/app/goxus/api/server/provider.go:31.2,31.26 1 0
goxus/src/internal/app/goxus/api/server/server.go:28.172,39.2 4 0
goxus/src/internal/app/goxus/api/server/server.go:42.36,43.12 1 0
goxus/src/internal/app/goxus/api/server/server.go:43.12,45.58 2 0
goxus/src/internal/app/goxus/api/server/server.go:45.58,47.4 1 0
goxus/src/internal/app/goxus/api/server/server.go:50.2,52.12 2 0
goxus/src/internal/app/goxus/api/server/server.graceful.shutdown.go:13.48,18.2 4 0
goxus/src/internal/app/goxus/api/server/server.graceful.shutdown.go:21.42,26.16 4 0
goxus/src/internal/app/goxus/api/server/server.graceful.shutdown.go:26.16,28.3 1 0
goxus/src/internal/app/goxus/api/server/server.graceful.shutdown.go:30.2,30.9 1 0
goxus/src/internal/app/goxus/api/server/server.graceful.shutdown.go:31.20,32.39 1 0
goxus/src/internal/app/goxus/api/server/server.graceful.shutdown.go:35.2,35.31 1 0
goxus/src/internal/app/goxus/api/server/server.graceful.shutdown.go:39.43,42.2 2 0
goxus/src/internal/app/goxus/api/server/router/v1/handlers/handlers.auth.go:33.52,36.16 3 0
goxus/src/internal/app/goxus/api/server/router/v1/handlers/handlers.auth.go:36.16,39.3 2 0
goxus/src/internal/app/goxus/api/server/router/v1/handlers/handlers.auth.go:41.2,42.16 2 0
goxus/src/internal/app/goxus/api/server/router/v1/handlers/handlers.auth.go:42.16,43.49 1 0
goxus/src/internal/app/goxus/api/server/router/v1/handlers/handlers.auth.go:43.49,46.4 2 0
goxus/src/internal/app/goxus/api/server/router/v1/handlers/handlers.auth.go:47.3,47.49 1 0
goxus/src/internal/app/goxus/api/server/router/v1/handlers/handlers.auth.go:47.49,50.4 2 0
goxus/src/internal/app/goxus/api/server/router/v1/handlers/handlers.auth.go:51.3,52.9 2 0
goxus/src/internal/app/goxus/api/server/router/v1/handlers/handlers.auth.go:55.2,64.4 1 0
goxus/src/internal/app/goxus/api/server/router/v1/handlers/handlers.auth.go:69.53,71.13 2 0
goxus/src/internal/app/goxus/api/server/router/v1/handlers/handlers.auth.go:71.13,74.3 2 0
goxus/src/internal/app/goxus/api/server/router/v1/handlers/handlers.auth.go:76.2,77.9 2 0
goxus/src/internal/app/goxus/api/server/router/v1/handlers/handlers.auth.go:77.9,80.3 2 0
goxus/src/internal/app/goxus/api/server/router/v1/handlers/handlers.auth.go:82.2,83.16 2 0
goxus/src/internal/app/goxus/api/server/router/v1/handlers/handlers.auth.go:83.16,84.50 1 0
goxus/src/internal/app/goxus/api/server/router/v1/handlers/handlers.auth.go:84.50,87.4 2 0
goxus/src/internal/app/goxus/api/server/router/v1/handlers/handlers.auth.go:88.3,89.9 2 0
goxus/src/internal/app/goxus/api/server/router/v1/handlers/handlers.auth.go:92.2,95.4 1 0
goxus/src/internal/app/goxus/api/server/router/v1/handlers/handlers.avatar.go:19.53,21.16 2 0
goxus/src/internal/app/goxus/api/server/router/v1/handlers/handlers.avatar.go:21.16,24.3 2 0
goxus/src/internal/app/goxus/api/server/router/v1/handlers/handlers.avatar.go:26.2,28.16 3 0
goxus/src/internal/app/goxus/api/server/router/v1/handlers/handlers.avatar.go:28.16,29.51 1 0
goxus/src/internal/app/goxus/api/server/router/v1/handlers/handlers.avatar.go:29.51,32.4 2 0
goxus/src/internal/app/goxus/api/server/router/v1/handlers/handlers.avatar.go:33.3,34.9 2 0
goxus/src/internal/app/goxus/api/server/router/v1/handlers/handlers.avatar.go:37.2,37.42 1 0
goxus/src/internal/app/goxus/api/server/router/v1/handlers/handlers.avatar.go:41.56,43.9 2 0
goxus/src/internal/app/goxus/api/server/router/v1/handlers/handlers.avatar.go:43.9,46.3 2 0
goxus/src/internal/app/goxus/api/server/router/v1/handlers/handlers.avatar.go:48.2,49.16 2 0
goxus/src/internal/app/goxus/api/server/router/v1/handlers/handlers.avatar.go:49.16,52.3 2 0
goxus/src/internal/app/goxus/api/server/router/v1/handlers/handlers.avatar.go:55.2,56.16 2 0
goxus/src/internal/app/goxus/api/server/router/v1/handlers/handlers.avatar.go:56.16,59.3 2 0
goxus/src/internal/app/goxus/api/server/router/v1/handlers/handlers.avatar.go:60.2,63.16 3 0
goxus/src/internal/app/goxus/api/server/router/v1/handlers/handlers.avatar.go:63.16,66.3 2 0
goxus/src/internal/app/goxus/api/server/router/v1/handlers/handlers.avatar.go:68.2,69.16 2 0
goxus/src/internal/app/goxus/api/server/router/v1/handlers/handlers.avatar.go:69.16,70.105 1 0
goxus/src/internal/app/goxus/api/server/router/v1/handlers/handlers.avatar.go:70.105,73.4 2 0
goxus/src/internal/app/goxus/api/server/router/v1/handlers/handlers.avatar.go:74.3,75.9 2 0
goxus/src/internal/app/goxus/api/server/router/v1/handlers/handlers.avatar.go:78.2,81.4 1 0
goxus/src/internal/app/goxus/api/server/router/v1/handlers/handlers.avatar.go:85.56,87.9 2 0
goxus/src/internal/app/goxus/api/server/router/v1/handlers/handlers.avatar.go:87.9,90.3 2 0
goxus/src/internal/app/goxus/api/server/router/v1/handlers/handlers.avatar.go:92.2,93.16 2 0
goxus/src/internal/app/goxus/api/server/router/v1/handlers/handlers.avatar.go:93.16,96.3 2 0
goxus/src/internal/app/goxus/api/server/router/v1/handlers/handlers.avatar.go:98.2,99.16 2 0
goxus/src/internal/app/goxus/api/server/router/v1/handlers/handlers.avatar.go:99.16,102.3 2 0
goxus/src/internal/app/goxus/api/server/router/v1/handlers/handlers.avatar.go:104.2,107.4 1 0
goxus/src/internal/app/goxus/api/server/router/v1/handlers/handlers.go:19.63,23.2 1 0
goxus/src/internal/app/goxus/api/server/router/v1/handlers/handlers.go:26.47,31.2 1 0
goxus/src/internal/app/goxus/api/server/router/v1/handlers/handlers.go:34.46,40.2 1 0
goxus/src/internal/app/goxus/api/server/router/v1/handlers/handlers.settings.go:20.62,22.9 2 0
goxus/src/internal/app/goxus/api/server/router/v1/handlers/handlers.settings.go:22.9,25.3 2 0
goxus/src/internal/app/goxus/api/server/router/v1/handlers/handlers.settings.go:27.2,28.16 2 0
goxus/src/internal/app/goxus/api/server/router/v1/handlers/handlers.settings.go:28.16,31.3 2 0
goxus/src/internal/app/goxus/api/server/router/v1/handlers/handlers.settings.go:33.2,33.24 1 0
goxus/src/internal/app/goxus/api/server/router/v1/handlers/handlers.settings.go:33.24,35.3 1 0
goxus/src/internal/app/goxus/api/server/router/v1/handlers/handlers.settings.go:37.2,40.4 1 0
goxus/src/internal/app/goxus/api/server/router/v1/handlers/handlers.settings.go:45.55,47.9 2 0
goxus/src/internal/app/goxus/api/server/router/v1/handlers/handlers.settings.go:47.9,50.3 2 0
goxus/src/internal/app/goxus/api/server/router/v1/handlers/handlers.settings.go:52.2,53.16 2 0
goxus/src/internal/app/goxus/api/server/router/v1/handlers/handlers.settings.go:53.16,56.3 2 0
goxus/src/internal/app/goxus/api/server/router/v1/handlers/handlers.settings.go:58.2,59.16 2 0
goxus/src/internal/app/goxus/api/server/router/v1/handlers/handlers.settings.go:59.16,62.3 2 0
goxus/src/internal/app/goxus/api/server/router/v1/handlers/handlers.settings.go:64.2,67.4 1 0
goxus/src/internal/app/goxus/api/server/router/v1/handlers/handlers.settings.go:72.57,74.9 2 0
goxus/src/internal/app/goxus/api/server/router/v1/handlers/handlers.settings.go:74.9,77.3 2 0
goxus/src/internal/app/goxus/api/server/router/v1/handlers/handlers.settings.go:79.2,80.16 2 0
goxus/src/internal/app/goxus/api/server/router/v1/handlers/handlers.settings.go:80.16,83.3 2 0
goxus/src/internal/app/goxus/api/server/router/v1/handlers/handlers.settings.go:85.2,86.16 2 0
goxus/src/internal/app/goxus/api/server/router/v1/handlers/handlers.settings.go:86.16,89.3 2 0
goxus/src/internal/app/goxus/api/server/router/v1/handlers/handlers.settings.go:91.2,93.16 3 0
goxus/src/internal/app/goxus/api/server/router/v1/handlers/handlers.settings.go:93.16,96.3 2 0
goxus/src/internal/app/goxus/api/server/router/v1/handlers/handlers.settings.go:98.2,99.16 2 0
goxus/src/internal/app/goxus/api/server/router/v1/handlers/handlers.settings.go:99.16,102.3 2 0
goxus/src/internal/app/goxus/api/server/router/v1/handlers/handlers.settings.go:104.2,107.4 1 0
goxus/src/internal/app/goxus/api/server/router/v1/handlers/handlers.user.go:56.49,65.29 2 0
goxus/src/internal/app/goxus/api/server/router/v1/handlers/handlers.user.go:65.29,67.3 1 0
goxus/src/internal/app/goxus/api/server/router/v1/handlers/handlers.user.go:68.2,68.23 1 0
goxus/src/internal/app/goxus/api/server/router/v1/handlers/handlers.user.go:68.23,70.3 1 0
goxus/src/internal/app/goxus/api/server/router/v1/handlers/handlers.user.go:71.2,71.13 1 0
goxus/src/internal/app/goxus/api/server/router/v1/handlers/handlers.user.go:76.66,85.30 2 0
goxus/src/internal/app/goxus/api/server/router/v1/handlers/handlers.user.go:85.30,87.3 1 0
goxus/src/internal/app/goxus/api/server/router/v1/handlers/handlers.user.go:88.2,88.24 1 0
goxus/src/internal/app/goxus/api/server/router/v1/handlers/handlers.user.go:88.24,90.3 1 0
goxus/src/internal/app/goxus/api/server/router/v1/handlers/handlers.user.go:91.2,91.13 1 0
goxus/src/internal/app/goxus/api/server/router/v1/handlers/handlers.user.go:95.58,97.13 2 0
goxus/src/internal/app/goxus/api/server/router/v1/handlers/handlers.user.go:97.13,99.3 1 0
goxus/src/internal/app/goxus/api/server/router/v1/handlers/handlers.user.go:100.2,101.9 2 0
goxus/src/internal/app/goxus/api/server/router/v1/handlers/handlers.user.go:101.9,103.3 1 0
goxus/src/internal/app/goxus/api/server/router/v1/handlers/handlers.user.go:104.2,104.68 1 0
goxus/src/internal/app/goxus/api/server/router/v1/handlers/handlers.user.go:110.50,112.9 2 0
goxus/src/internal/app/goxus/api/server/router/v1/handlers/handlers.user.go:112.9,115.3 2 0
goxus/src/internal/app/goxus/api/server/router/v1/handlers/handlers.user.go:117.2,119.16 3 0
goxus/src/internal/app/goxus/api/server/router/v1/handlers/handlers.user.go:119.16,122.3 2 0
goxus/src/internal/app/goxus/api/server/router/v1/handlers/handlers.user.go:124.2,125.16 2 0
goxus/src/internal/app/goxus/api/server/router/v1/handlers/handlers.user.go:125.16,128.3 2 0
goxus/src/internal/app/goxus/api/server/router/v1/handlers/handlers.user.go:130.2,133.4 1 0
goxus/src/internal/app/goxus/api/server/router/v1/handlers/handlers.user.go:137.49,139.9 2 0
goxus/src/internal/app/goxus/api/server/router/v1/handlers/handlers.user.go:139.9,142.3 2 0
goxus/src/internal/app/goxus/api/server/router/v1/handlers/handlers.user.go:145.2,147.25 3 0
goxus/src/internal/app/goxus/api/server/router/v1/handlers/handlers.user.go:147.25,149.3 1 0
goxus/src/internal/app/goxus/api/server/router/v1/handlers/handlers.user.go:151.2,153.26 3 0
goxus/src/internal/app/goxus/api/server/router/v1/handlers/handlers.user.go:153.26,155.3 1 0
goxus/src/internal/app/goxus/api/server/router/v1/handlers/handlers.user.go:157.2,158.16 2 0
goxus/src/internal/app/goxus/api/server/router/v1/handlers/handlers.user.go:158.16,161.3 2 0
goxus/src/internal/app/goxus/api/server/router/v1/handlers/handlers.user.go:163.2,164.26 2 0
goxus/src/internal/app/goxus/api/server/router/v1/handlers/handlers.user.go:164.26,166.3 1 0
goxus/src/internal/app/goxus/api/server/router/v1/handlers/handlers.user.go:168.2,172.4 1 0
goxus/src/internal/app/goxus/api/server/router/v1/handlers/handlers.user.go:176.47,178.9 2 0
goxus/src/internal/app/goxus/api/server/router/v1/handlers/handlers.user.go:178.9,181.3 2 0
goxus/src/internal/app/goxus/api/server/router/v1/handlers/handlers.user.go:183.2,184.16 2 0
goxus/src/internal/app/goxus/api/server/router/v1/handlers/handlers.user.go:184.16,187.3 2 0
goxus/src/internal/app/goxus/api/server/router/v1/handlers/handlers.user.go:189.2,190.16 2 0
goxus/src/internal/app/goxus/api/server/router/v1/handlers/handlers.user.go:190.16,193.3 2 0
goxus/src/internal/app/goxus/api/server/router/v1/handlers/handlers.user.go:195.2,198.4 1 0
goxus/src/internal/app/goxus/api/server/router/v1/handlers/handlers.user.go:202.50,204.9 2 0
goxus/src/internal/app/goxus/api/server/router/v1/handlers/handlers.user.go:204.9,207.3 2 0
goxus/src/internal/app/goxus/api/server/router/v1/handlers/handlers.user.go:209.2,210.16 2 0
goxus/src/internal/app/goxus/api/server/router/v1/handlers/handlers.user.go:210.16,213.3 2 0
goxus/src/internal/app/goxus/api/server/router/v1/handlers/handlers.user.go:215.2,217.16 3 0
goxus/src/internal/app/goxus/api/server/router/v1/handlers/handlers.user.go:217.16,220.3 2 0
goxus/src/internal/app/goxus/api/server/router/v1/handlers/handlers.user.go:222.2,223.16 2 0
goxus/src/internal/app/goxus/api/server/router/v1/handlers/handlers.user.go:223.16,226.3 2 0
goxus/src/internal/app/goxus/api/server/router/v1/handlers/handlers.user.go:228.2,231.4 1 0
goxus/src/internal/app/goxus/api/server/router/v1/handlers/handlers.user.go:235.58,237.9 2 0
goxus/src/internal/app/goxus/api/server/router/v1/handlers/handlers.user.go:237.9,240.3 2 0
goxus/src/internal/app/goxus/api/server/router/v1/handlers/handlers.user.go:242.2,243.16 2 0
goxus/src/internal/app/goxus/api/server/router/v1/handlers/handlers.user.go:243.16,246.3 2 0
goxus/src/internal/app/goxus/api/server/router/v1/handlers/handlers.user.go:248.2,250.16 3 0
goxus/src/internal/app/goxus/api/server/router/v1/handlers/handlers.user.go:250.16,253.3 2 0
goxus/src/internal/app/goxus/api/server/router/v1/handlers/handlers.user.go:255.2,256.16 2 0
goxus/src/internal/app/goxus/api/server/router/v1/handlers/handlers.user.go:256.16,259.3 2 0
goxus/src/internal/app/goxus/api/server/router/v1/handlers/handlers.user.go:261.2,264.4 1 0
goxus/src/internal/app/goxus/api/server/router/v1/handlers/handlers.user.go:268.50,270.9 2 0
goxus/src/internal/app/goxus/api/server/router/v1/handlers/handlers.user.go:270.9,273.3 2 0
goxus/src/internal/app/goxus/api/server/router/v1/handlers/handlers.user.go:275.2,276.16 2 0
goxus/src/internal/app/goxus/api/server/router/v1/handlers/handlers.user.go:276.16,279.3 2 0
goxus/src/internal/app/goxus/api/server/router/v1/handlers/handlers.user.go:281.2,282.16 2 0
goxus/src/internal/app/goxus/api/server/router/v1/handlers/handlers.user.go:282.16,285.3 2 0
goxus/src/internal/app/goxus/api/server/router/v1/handlers/handlers.user.go:287.2,290.4 1 0
goxus/src/internal/app/goxus/api/server/router/v1/handlers/handlers.user.go:294.51,296.9 2 0
goxus/src/internal/app/goxus/api/server/router/v1/handlers/handlers.user.go:296.9,299.3 2 0
goxus/src/internal/app/goxus/api/server/router/v1/handlers/handlers.user.go:301.2,302.16 2 0
goxus/src/internal/app/goxus/api/server/router/v1/handlers/handlers.user.go:302.16,305.3 2 0
goxus/src/internal/app/goxus/api/server/router/v1/handlers/handlers.user.go:307.2,308.16 2 0
goxus/src/internal/app/goxus/api/server/router/v1/handlers/handlers.user.go:308.16,311.3 2 0
goxus/src/internal/app/goxus/api/server/router/v1/handlers/handlers.user.go:313.2,317.4 1 0
goxus/src/internal/app/goxus/api/server/router/v1/handlers/handlers.user.go:321.52,323.9 2 0
goxus/src/internal/app/goxus/api/server/router/v1/handlers/handlers.user.go:323.9,326.3 2 0
goxus/src/internal/app/goxus/api/server/router/v1/handlers/handlers.user.go:328.2,329.16 2 0
goxus/src/internal/app/goxus/api/server/router/v1/handlers/handlers.user.go:329.16,332.3 2 0
goxus/src/internal/app/goxus/api/server/router/v1/handlers/handlers.user.go:334.2,334.18 1 0
goxus/src/internal/app/goxus/api/server/router/v1/handlers/handlers.user.go:334.18,336.3 1 0
goxus/src/internal/app/goxus/api/server/router/v1/handlers/handlers.user.go:338.2,341.4 1 0
goxus/src/internal/app/goxus/api/server/router/v1/handlers/handlers.user.go:345.52,347.9 2 0
goxus/src/internal/app/goxus/api/server/router/v1/handlers/handlers.user.go:347.9,350.3 2 0
goxus/src/internal/app/goxus/api/server/router/v1/handlers/handlers.user.go:352.2,353.16 2 0
goxus/src/internal/app/goxus/api/server/router/v1/handlers/handlers.user.go:353.16,356.3 2 0
goxus/src/internal/app/goxus/api/server/router/v1/handlers/handlers.user.go:358.2,359.16 2 0
goxus/src/internal/app/goxus/api/server/router/v1/handlers/handlers.user.go:359.16,362.3 2 0
goxus/src/internal/app/goxus/api/server/router/v1/handlers/handlers.user.go:364.2,367.4 1 0
goxus/src/internal/app/goxus/api/server/router/v1/handlers/handlers.user.go:371.54,373.9 2 0
goxus/src/internal/app/goxus/api/server/router/v1/handlers/handlers.user.go:373.9,376.3 2 0
goxus/src/internal/app/goxus/api/server/router/v1/handlers/handlers.user.go:378.2,379.16 2 0
goxus/src/internal/app/goxus/api/server/router/v1/handlers/handlers.user.go:379.16,382.3 2 0
goxus/src/internal/app/goxus/api/server/router/v1/handlers/handlers.user.go:384.2,386.16 3 0
goxus/src/internal/app/goxus/api/server/router/v1/handlers/handlers.user.go:386.16,389.3 2 0
goxus/src/internal/app/goxus/api/server/router/v1/handlers/handlers.user.go:391.2,392.16 2 0
goxus/src/internal/app/goxus/api/server/router/v1/handlers/handlers.user.go:392.16,395.3 2 0
goxus/src/internal/app/goxus/api/server/router/v1/handlers/handlers.user.go:397.2,400.4 1 0
goxus/src/internal/app/goxus/api/server/router/v1/handlers/handlers.user.go:404.54,406.9 2 0
goxus/src/internal/app/goxus/api/server/router/v1/handlers/handlers.user.go:406.9,409.3 2 0
goxus/src/internal/app/goxus/api/server/router/v1/handlers/handlers.user.go:411.2,412.16 2 0
goxus/src/internal/app/goxus/api/server/router/v1/handlers/handlers.user.go:412.16,415.3 2 0
goxus/src/internal/app/goxus/api/server/router/v1/handlers/handlers.user.go:417.2,418.20 2 0
goxus/src/internal/app/goxus/api/server/router/v1/handlers/handlers.user.go:418.20,421.3 2 0
goxus/src/internal/app/goxus/api/server/router/v1/handlers/handlers.user.go:423.2,424.16 2 0
goxus/src/internal/app/goxus/api/server/router/v1/handlers/handlers.user.go:424.16,427.3 2 0
goxus/src/internal/app/goxus/api/server/router/v1/handlers/handlers.user.go:429.2,432.4 1 0
goxus/src/internal/app/goxus/api/server/router/middlewares/middlewares.api-logger.go:11.66,12.30 1 0
goxus/src/internal/app/goxus/api/server/router/middlewares/middlewares.api-logger.go:12.30,20.3 5 0
goxus/src/internal/app/goxus/api/server/router/middlewares/middlewares.cors.go:6.61,7.30 1 0
goxus/src/internal/app/goxus/api/server/router/middlewares/middlewares.cors.go:7.30,12.36 4 0
goxus/src/internal/app/goxus/api/server/router/middlewares/middlewares.cors.go:12.36,15.4 2 0
goxus/src/internal/app/goxus/api/server/router/middlewares/middlewares.cors.go:17.3,17.11 1 0
goxus/src/internal/app/goxus/api/server/router/middlewares/middlewares.go:13.75,17.2 3 0
goxus/src/internal/app/goxus/api/server/router/handlers/handlers.go:16.73,20.2 3 0
goxus/src/internal/app/goxus/api/server/router/handlers/handlers.go:23.54,28.2 1 0
goxus/src/internal/app/goxus/cli/cli.go:25.29,29.16 3 0
goxus/src/internal/app/goxus/cli/cli.go:29.16,31.3 1 0
goxus/src/internal/app/goxus/cli/cli.go:33.2,33.17 1 0
goxus/src/internal/app/goxus/cli/provider.go:16.44,17.20 1 0
goxus/src/internal/app/goxus/cli/provider.go:17.20,19.3 1 0
goxus/src/internal/app/goxus/cli/provider.go:21.2,22.16 2 0
goxus/src/internal/app/goxus/cli/provider.go:22.16,24.3 1 0
goxus/src/internal/app/goxus/cli/provider.go:26.2,26.26 1 0
goxus/src/internal/app/goxus/api/server/router/v1/router.v1.go:14.91,16.2 2 0
goxus/src/internal/app/goxus/api/server/router/v1/router.v1.go:16.2,33.3 9 0
goxus/src/internal/app/goxus/api/server/router/v1/router.v1.go:33.3,35.4 1 0
goxus/src/internal/app/goxus/api/server/router/v1/router.v1.go:38.3,40.3 3 0
goxus/src/internal/app/goxus/api/server/router/v1/router.v1.go:40.3,42.4 1 0
goxus/src/internal/app/goxus/api/server/router/v1/router.v1.go:45.3,47.3 3 0
goxus/src/internal/app/goxus/api/server/router/v1/router.v1.go:47.3,52.4 3 0
goxus/src/internal/app/goxus/api/server/router/v1/router.v1.go:52.4,77.5 14 0
goxus/src/internal/app/goxus/api/server/router/v1/router.v1.go:81.3,81.53 1 0
goxus/src/internal/app/goxus/api/server/router/v1/middlewares/middlewares.auth.go:20.66,21.30 1 0
goxus/src/internal/app/goxus/api/server/router/v1/middlewares/middlewares.auth.go:21.30,26.26 4 0
goxus/src/internal/app/goxus/api/server/router/v1/middlewares/middlewares.auth.go:26.26,29.4 2 0
goxus/src/internal/app/goxus/api/server/router/v1/middlewares/middlewares.auth.go:31.3,32.17 2 0
goxus/src/internal/app/goxus/api/server/router/v1/middlewares/middlewares.auth.go:32.17,33.51 1 0
goxus/src/internal/app/goxus/api/server/router/v1/middlewares/middlewares.auth.go:33.51,36.5 2 0
goxus/src/internal/app/goxus/api/server/router/v1/middlewares/middlewares.auth.go:38.4,38.50 1 0
goxus/src/internal/app/goxus/api/server/router/v1/middlewares/middlewares.auth.go:38.50,41.5 2 0
goxus/src/internal/app/goxus/api/server/router/v1/middlewares/middlewares.auth.go:43.4,44.10 2 0
goxus/src/internal/app/goxus/api/server/router/v1/middlewares/middlewares.auth.go:47.3,50.11 3 0
goxus/src/internal/app/goxus/api/server/router/v1/middlewares/middlewares.go:16.97,22.2 4 0
goxus/src/internal/app/goxus/api/server/router/v1/middlewares/middlewares.ratelimit.go:13.71,14.30 1 0
goxus/src/internal/app/goxus/api/server/router/v1/middlewares/middlewares.ratelimit.go:14.30,18.34 2 0
goxus/src/internal/app/goxus/api/server/router/v1/middlewares/middlewares.ratelimit.go:18.34,26.4 4 0
goxus/src/internal/app/goxus/api/server/router/v1/middlewares/middlewares.ratelimit.go:28.3,28.11 1 0
goxus/src/cmd/goxus/app.go:26.27,29.27 2 0
goxus/src/cmd/goxus/app.go:30.23,31.37 1 0
goxus/src/cmd/goxus/app.go:33.26,34.23 1 0
goxus/src/cmd/goxus/app.go:34.23,36.4 1 0
goxus/src/cmd/goxus/app.go:38.3,38.28 1 0
goxus/src/cmd/goxus/app.go:40.10,42.21 2 0
goxus/src/cmd/goxus/app.go:45.2,45.12 1 0
goxus/src/cmd/goxus/app.go:49.138,50.20 1 0
goxus/src/cmd/goxus/app.go:50.20,52.21 2 0
goxus/src/cmd/goxus/app.go:52.21,54.4 1 0
goxus/src/cmd/goxus/app.go:57.2,62.17 1 0
goxus/src/cmd/goxus/main.go:12.13,14.15 1 0
goxus/src/cmd/goxus/main.go:14.15,16.15 2 0
goxus/src/cmd/goxus/main.go:16.15,18.4 1 0
goxus/src/cmd/goxus/main.go:22.2,22.34 1 0
goxus/src/cmd/goxus/main.go:22.34,23.46 1 0
goxus/src/cmd/goxus/main.go:23.46,26.4 2 0
goxus/src/cmd/goxus/main.go:30.2,31.16 2 0
goxus/src/cmd/goxus/main.go:31.16,33.3 1 0
goxus/src/cmd/goxus/main.go:34.2,37.16 3 0
goxus/src/cmd/goxus/main.go:37.16,39.3 1 0
goxus/src/cmd/goxus/wire_gen.go:29.44,31.16 2 0
goxus/src/cmd/goxus/wire_gen.go:31.16,33.3 1 0
goxus/src/cmd/goxus/wire_gen.go:34.2,35.16 2 0
goxus/src/cmd/goxus/wire_gen.go:35.16,38.3 2 0
goxus/src/cmd/goxus/wire_gen.go:39.2,40.16 2 0
goxus/src/cmd/goxus/wire_gen.go:40.16,44.3 3 0
goxus/src/cmd/goxus/wire_gen.go:45.2,46.16 2 0
goxus/src/cmd/goxus/wire_gen.go:46.16,50.3 3 0
goxus/src/cmd/goxus/wire_gen.go:51.2,52.16 2 0
goxus/src/cmd/goxus/wire_gen.go:52.16,57.3 4 0
goxus/src/cmd/goxus/wire_gen.go:58.2,59.16 2 0
goxus/src/cmd/goxus/wire_gen.go:59.16,65.3 5 0
goxus/src/cmd/goxus/wire_gen.go:66.2,67.16 2 0
goxus/src/cmd/goxus/wire_gen.go:67.16,74.3 6 0
goxus/src/cmd/goxus/wire_gen.go:75.2,76.16 2 0
goxus/src/cmd/goxus/wire_gen.go:76.16,84.3 7 0
goxus/src/cmd/goxus/wire_gen.go:85.2,86.16 2 0
goxus/src/cmd/goxus/wire_gen.go:86.16,95.3 8 0
goxus/src/cmd/goxus/wire_gen.go:96.2,97.16 2 0
goxus/src/cmd/goxus/wire_gen.go:97.16,107.3 9 0
goxus/src/cmd/goxus/wire_gen.go:108.2,109.16 2 0
goxus/src/cmd/goxus/wire_gen.go:109.16,120.3 10 0
goxus/src/cmd/goxus/wire_gen.go:121.2,122.16 2 0
goxus/src/cmd/goxus/wire_gen.go:122.16,134.3 11 0
goxus/src/cmd/goxus/wire_gen.go:135.2,136.16 2 0
goxus/src/cmd/goxus/wire_gen.go:136.16,149.3 12 0
goxus/src/cmd/goxus/wire_gen.go:150.2,151.16 2 0
goxus/src/cmd/goxus/wire_gen.go:151.16,165.3 13 0
goxus/src/cmd/goxus/wire_gen.go:166.2,167.16 2 0
goxus/src/cmd/goxus/wire_gen.go:167.16,182.3 14 0
goxus/src/cmd/goxus/wire_gen.go:183.2,184.16 2 0
goxus/src/cmd/goxus/wire_gen.go:184.16,200.3 15 0
goxus/src/cmd/goxus/wire_gen.go:201.2,201.22 1 0
goxus/src/cmd/goxus/wire_gen.go:201.22,217.3 15 0
goxus/src/internal/app/goxus/api/server/router/router.go:27.125,30.20 2 0
goxus/src/internal/app/goxus/api/server/router/router.go:30.20,33.3 2 0
goxus/src/internal/app/goxus/api/server/router/router.go:35.2,40.15 5 0
goxus/src/internal/app/goxus/api/server/router/router.go:40.15,42.3 1 0
goxus/src/internal/app/goxus/api/server/router/router.go:44.2,46.8 2 0
goxus/src/internal/app/goxus/api/server/router/router.go:50.85,52.47 1 0
goxus/src/internal/app/goxus/api/server/router/router.go:52.47,58.3 1 0
goxus/src/internal/app/goxus/api/server/router/router.go:61.2,62.2 2 0
goxus/src/internal/app/goxus/api/server/router/router.go:62.2,64.3 1 0
goxus/src/internal/app/goxus/config/storage/storage.go:16.39,17.24 1 1
goxus/src/internal/app/goxus/config/storage/storage.go:17.24,19.3 1 1
goxus/src/internal/app/goxus/config/config-app.go:42.44,46.16 3 1
goxus/src/internal/app/goxus/config/config-app.go:46.16,48.3 1 1
goxus/src/internal/app/goxus/config/config-app.go:50.2,50.17 1 1
goxus/src/internal/app/goxus/config/config-app.go:53.46,57.16 3 1
goxus/src/internal/app/goxus/config/config-app.go:57.16,59.3 1 1
goxus/src/internal/app/goxus/config/config-app.go:61.2,62.16 2 1
goxus/src/internal/app/goxus/config/config-app.go:62.16,64.3 1 1
goxus/src/internal/app/goxus/config/config-app.go:66.2,66.12 1 1
goxus/src/internal/app/goxus/config/config-app.go:69.46,73.16 3 1
goxus/src/internal/app/goxus/config/config-app.go:73.16,75.3 1 0
goxus/src/internal/app/goxus/config/config-app.go:77.2,78.16 2 1
goxus/src/internal/app/goxus/config/config-app.go:78.16,80.3 1 1
goxus/src/internal/app/goxus/config/config-app.go:82.2,82.12 1 1
goxus/src/internal/app/goxus/config/config-app.go:85.32,87.2 1 1
goxus/src/internal/app/goxus/config/provider.go:20.71,21.20 1 1
goxus/src/internal/app/goxus/config/provider.go:21.20,23.3 1 1
goxus/src/internal/app/goxus/config/provider.go:25.2,26.16 2 1
goxus/src/internal/app/goxus/config/provider.go:26.16,28.3 1 1
goxus/src/internal/app/goxus/config/provider.go:30.2,30.26 1 1
goxus/src/internal/app/goxus/config/provider.go:34.64,36.2 1 1
goxus/src/internal/app/goxus/domain/domain-app.go:87.174,95.2 1 0
goxus/src/internal/app/goxus/domain/domain-app.go:97.33,100.2 1 0
goxus/src/internal/app/goxus/domain/domain-app.go:102.51,104.2 1 0
goxus/src/internal/app/goxus/domain/domain-app.go:108.104,110.2 1 0
goxus/src/internal/app/goxus/domain/domain-app.go:112.109,114.2 1 0
goxus/src/internal/app/goxus/domain/domain-app.go:116.81,118.2 1 0
goxus/src/internal/app/goxus/domain/domain-app.go:120.104,122.2 1 0
goxus/src/internal/app/goxus/domain/domain-app.go:124.94,126.2 1 0
goxus/src/internal/app/goxus/domain/domain-app.go:128.69,130.2 1 0
goxus/src/internal/app/goxus/domain/domain-app.go:132.85,134.2 1 0
goxus/src/internal/app/goxus/domain/domain-app.go:136.112,138.2 1 0
goxus/src/internal/app/goxus/domain/domain-app.go:140.69,142.2 1 0
goxus/src/internal/app/goxus/domain/domain-app.go:144.110,146.2 1 0
goxus/src/internal/app/goxus/domain/domain-app.go:148.96,150.2 1 0
goxus/src/internal/app/goxus/domain/domain-app.go:152.81,154.2 1 0
goxus/src/internal/app/goxus/domain/domain-app.go:156.94,158.2 1 0
goxus/src/internal/app/goxus/domain/domain-app.go:160.94,162.2 1 0
goxus/src/internal/app/goxus/domain/domain-app.go:164.81,166.2 1 0
goxus/src/internal/app/goxus/domain/domain-app.go:170.90,172.2 1 0
goxus/src/internal/app/goxus/domain/domain-app.go:174.88,176.2 1 0
goxus/src/internal/app/goxus/domain/domain-app.go:178.75,180.2 1 0
goxus/src/internal/app/goxus/domain/domain-app.go:184.111,186.2 1 0
goxus/src/internal/app/goxus/domain/domain-app.go:188.111,190.2 1 0
goxus/src/internal/app/goxus/domain/domain-app.go:192.110,195.2 2 0
goxus/src/internal/app/goxus/domain/provider.go:21.201,22.20 1 0
goxus/src/internal/app/goxus/domain/provider.go:22.20,24.3 1 0
goxus/src/internal/app/goxus/domain/provider.go:26.2,28.26 2 0
goxus/src/internal/app/goxus/cron-job/jobs/example/job.go:18.90,19.16 1 0
goxus/src/internal/app/goxus/cron-job/jobs/example/job.go:19.16,23.3 1 0
goxus/src/internal/app/goxus/cron-job/jobs/example/job.go:25.2,27.8 1 0
goxus/src/internal/app/goxus/cron-job/jobs/example/job.go:31.21,34.2 1 0
goxus/src/internal/app/goxus/cron-job/jobs/example/provider.go:21.104,22.20 1 0
goxus/src/internal/app/goxus/cron-job/jobs/example/provider.go:22.20,24.3 1 0
goxus/src/internal/app/goxus/cron-job/jobs/example/provider.go:26.2,29.16 3 0
goxus/src/internal/app/goxus/cron-job/jobs/example/provider.go:29.16,31.3 1 0
goxus/src/internal/app/goxus/cron-job/jobs/example/provider.go:33.2,33.26 1 0
goxus/src/internal/app/goxus/cron-job/jobs/token-cleanup/job.go:21.96,22.16 1 0
goxus/src/internal/app/goxus/cron-job/jobs/token-cleanup/job.go:22.16,26.3 1 0
goxus/src/internal/app/goxus/cron-job/jobs/token-cleanup/job.go:28.2,33.8 2 0
goxus/src/internal/app/goxus/cron-job/jobs/token-cleanup/job.go:37.21,39.16 2 0
goxus/src/internal/app/goxus/cron-job/jobs/token-cleanup/job.go:39.16,42.3 2 0
goxus/src/internal/app/goxus/cron-job/jobs/token-cleanup/job.go:44.2,44.53 1 0
goxus/src/internal/app/goxus/cron-job/jobs/token-cleanup/provider.go:19.109,20.20 1 0
goxus/src/internal/app/goxus/cron-job/jobs/token-cleanup/provider.go:20.20,22.3 1 0
goxus/src/internal/app/goxus/cron-job/jobs/token-cleanup/provider.go:24.2,27.16 3 0
goxus/src/internal/app/goxus/cron-job/jobs/token-cleanup/provider.go:27.16,29.3 1 0
goxus/src/internal/app/goxus/cron-job/jobs/token-cleanup/provider.go:31.2,31.26 1 0
goxus/src/internal/app/goxus/cron-job/jobs/token-cleanup/config/config-token-cleanup.go:10.44,11.20 1 0
goxus/src/internal/app/goxus/cron-job/jobs/token-cleanup/config/config-token-cleanup.go:11.20,13.3 1 0
goxus/src/internal/app/goxus/cron-job/jobs/provider.go:28.31,33.33 3 0
goxus/src/internal/app/goxus/cron-job/jobs/provider.go:33.33,35.17 2 0
goxus/src/internal/app/goxus/cron-job/jobs/provider.go:35.17,37.4 1 0
goxus/src/internal/app/goxus/cron-job/jobs/provider.go:38.3,38.21 1 0
goxus/src/internal/app/goxus/cron-job/jobs/provider.go:38.21,40.4 1 0
goxus/src/internal/app/goxus/cron-job/jobs/provider.go:43.2,43.38 1 0
goxus/src/internal/app/goxus/cron-job/jobs/provider.go:43.38,45.17 2 0
goxus/src/internal/app/goxus/cron-job/jobs/provider.go:45.17,47.4 1 0
goxus/src/internal/app/goxus/cron-job/jobs/provider.go:48.3,48.21 1 0
goxus/src/internal/app/goxus/cron-job/jobs/provider.go:48.21,50.4 1 0
goxus/src/internal/app/goxus/cron-job/jobs/provider.go:53.2,53.20 1 0
goxus/src/internal/app/goxus/cron-job/jobs/provider.go:53.20,56.3 2 0
goxus/src/internal/app/goxus/cron-job/jobs/provider.go:58.2,58.24 1 0
goxus/src/pkg/tests/postgres/postgres.go:21.108,39.16 3 0
goxus/src/pkg/tests/postgres/postgres.go:39.16,41.3 1 0
goxus/src/pkg/tests/postgres/postgres.go:44.2,49.36 4 0
goxus/src/internal/pkg/services/ratelimit/config/config-ratelimit.go:16.46,17.24 1 0
goxus/src/internal/pkg/services/ratelimit/config/config-ratelimit.go:17.24,19.3 1 0
goxus/src/internal/pkg/services/ratelimit/config/config-ratelimit.go:21.2,21.20 1 0
goxus/src/internal/pkg/services/ratelimit/config/config-ratelimit.go:21.20,23.3 1 0
goxus/src/internal/app/goxus/log/log-file.go:21.38,23.16 2 0
goxus/src/internal/app/goxus/log/log-file.go:23.16,25.3 1 0
goxus/src/internal/app/goxus/log/log-file.go:27.2,29.24 2 0
goxus/src/internal/app/goxus/log/log-file.go:33.28,34.20 1 0
goxus/src/internal/app/goxus/log/log-file.go:34.20,36.17 2 0
goxus/src/internal/app/goxus/log/log-file.go:36.17,38.4 1 0
goxus/src/internal/app/goxus/log/log-file.go:43.35,45.2 1 0
goxus/src/internal/app/goxus/log/provider.go:21.70,22.20 1 0
goxus/src/internal/app/goxus/log/provider.go:22.20,24.3 1 0
goxus/src/internal/app/goxus/log/provider.go:26.2,28.47 2 0
goxus/src/internal/app/goxus/log/provider.go:28.47,31.3 2 0
goxus/src/internal/app/goxus/log/provider.go:33.2,33.30 1 0
goxus/src/internal/app/goxus/log/provider.go:38.89,39.20 1 0
goxus/src/internal/app/goxus/log/provider.go:39.21,39.22 0 0
goxus/src/internal/app/goxus/log/provider.go:41.2,41.31 1 0
goxus/src/internal/app/goxus/log/provider.go:41.31,42.86 1 0
goxus/src/internal/app/goxus/log/provider.go:42.87,42.88 0 0
goxus/src/internal/app/goxus/log/provider.go:43.3,43.30 1 0
goxus/src/internal/app/goxus/log/provider.go:46.2,46.85 1 0
goxus/src/internal/app/goxus/log/provider.go:46.85,48.3 1 0
goxus/src/internal/app/goxus/log/provider.go:50.2,50.29 1 0
goxus/src/internal/pkg/hash/md5.go:10.27,12.2 1 0
goxus/src/internal/pkg/db/goxus/a-db-repo.go:26.96,28.16 2 0
goxus/src/internal/pkg/db/goxus/a-db-repo.go:28.16,30.3 1 0
goxus/src/internal/pkg/db/goxus/a-db-repo.go:32.2,46.8 1 0
goxus/src/internal/pkg/db/goxus/a-db-repo.go:50.36,52.2 1 0
goxus/src/internal/pkg/db/goxus/provider.go:17.97,19.16 2 0
goxus/src/internal/pkg/db/goxus/provider.go:19.16,21.3 1 0
goxus/src/internal/pkg/db/goxus/provider.go:23.2,23.20 1 0
goxus/src/internal/pkg/db/goxus/provider.go:23.20,25.3 1 0
goxus/src/internal/pkg/db/goxus/provider.go:27.2,27.29 1 0
goxus/src/internal/pkg/db/goxus/rbacpermission-repo.xo.go:32.70,34.2 1 0
goxus/src/internal/pkg/db/goxus/rbacpermission-repo.xo.go:37.72,39.2 1 0
goxus/src/internal/pkg/db/goxus/rbacpermission-repo.xo.go:47.78,49.2 1 0
goxus/src/internal/pkg/db/goxus/rbacpermission-repo.xo.go:52.75,54.2 1 0
goxus/src/internal/pkg/db/goxus/rbacpermission-repo.xo.go:57.106,59.2 1 0
goxus/src/internal/pkg/db/goxus/rbacpermission-repo.xo.go:62.68,64.2 1 0
goxus/src/internal/pkg/db/goxus/rbacpermission-repo.xo.go:67.103,69.2 1 0
goxus/src/internal/pkg/db/goxus/rbacpermission-repo.xo.go:72.136,74.2 1 0
goxus/src/internal/pkg/db/goxus/rbacpermission-repo.xo.go:77.96,79.2 1 0
goxus/src/internal/pkg/db/goxus/rbacpermission-repo.xo.go:82.76,84.2 1 0
goxus/src/internal/pkg/db/goxus/rbacpermission-repo.xo.go:87.96,89.2 1 0
goxus/src/internal/pkg/db/goxus/rbacpermission-repo.xo.go:92.91,94.2 1 0
goxus/src/internal/pkg/db/goxus/rbacpermission-repo.xo.go:97.101,99.2 1 0
goxus/src/internal/pkg/db/goxus/rbacpermission-repo.xo.go:102.96,104.2 1 0
goxus/src/internal/pkg/db/goxus/rbacpermission-repo.xo.go:107.108,109.2 1 0
goxus/src/internal/pkg/db/goxus/rbacpermission-repo.xo.go:112.101,114.2 1 0
goxus/src/internal/pkg/db/goxus/rbacpermission-repo.xo.go:117.141,119.2 1 0
goxus/src/internal/pkg/db/goxus/rbacpermission-repo.xo.go:122.127,124.2 1 0
goxus/src/internal/pkg/db/goxus/rbacpermission-repo.xo.go:127.120,129.2 1 0
goxus/src/internal/pkg/db/goxus/rbacpermission-repo.xo.go:132.160,134.2 1 0
goxus/src/internal/pkg/db/goxus/rbacpermission.xo.go:28.41,30.2 1 0
goxus/src/internal/pkg/db/goxus/rbacpermission.xo.go:33.50,35.2 1 0
goxus/src/internal/pkg/db/goxus/rbacpermission.xo.go:38.42,40.2 1 0
goxus/src/internal/pkg/db/goxus/rbacpermission.xo.go:43.58,51.16 4 0
goxus/src/internal/pkg/db/goxus/rbacpermission.xo.go:51.16,53.3 1 0
goxus/src/internal/pkg/db/goxus/rbacpermission.xo.go:57.2,70.16 4 0
goxus/src/internal/pkg/db/goxus/rbacpermission.xo.go:70.16,72.3 1 0
goxus/src/internal/pkg/db/goxus/rbacpermission.xo.go:75.2,77.12 2 0
goxus/src/internal/pkg/db/goxus/rbacpermission.xo.go:81.58,89.17 4 0
goxus/src/internal/pkg/db/goxus/rbacpermission.xo.go:89.17,91.3 1 0
goxus/src/internal/pkg/db/goxus/rbacpermission.xo.go:94.2,94.17 1 0
goxus/src/internal/pkg/db/goxus/rbacpermission.xo.go:94.17,96.3 1 0
goxus/src/internal/pkg/db/goxus/rbacpermission.xo.go:100.2,113.12 4 0
goxus/src/internal/pkg/db/goxus/rbacpermission.xo.go:117.56,118.17 1 0
goxus/src/internal/pkg/db/goxus/rbacpermission.xo.go:118.17,120.3 1 0
goxus/src/internal/pkg/db/goxus/rbacpermission.xo.go:122.2,122.22 1 0
goxus/src/internal/pkg/db/goxus/rbacpermission.xo.go:128.58,136.16 4 0
goxus/src/internal/pkg/db/goxus/rbacpermission.xo.go:136.16,138.3 1 0
goxus/src/internal/pkg/db/goxus/rbacpermission.xo.go:142.2,159.16 4 0
goxus/src/internal/pkg/db/goxus/rbacpermission.xo.go:159.16,161.3 1 0
goxus/src/internal/pkg/db/goxus/rbacpermission.xo.go:164.2,166.12 2 0
goxus/src/internal/pkg/db/goxus/rbacpermission.xo.go:170.58,178.17 4 0
goxus/src/internal/pkg/db/goxus/rbacpermission.xo.go:178.17,180.3 1 0
goxus/src/internal/pkg/db/goxus/rbacpermission.xo.go:183.2,183.17 1 0
goxus/src/internal/pkg/db/goxus/rbacpermission.xo.go:183.17,185.3 1 0
goxus/src/internal/pkg/db/goxus/rbacpermission.xo.go:189.2,199.16 4 0
goxus/src/internal/pkg/db/goxus/rbacpermission.xo.go:199.16,201.3 1 0
goxus/src/internal/pkg/db/goxus/rbacpermission.xo.go:204.2,206.12 2 0
goxus/src/internal/pkg/db/goxus/rbacpermission.xo.go:210.72,228.16 6 0
goxus/src/internal/pkg/db/goxus/rbacpermission.xo.go:228.16,230.3 1 0
goxus/src/internal/pkg/db/goxus/rbacpermission.xo.go:231.2,235.15 3 0
goxus/src/internal/pkg/db/goxus/rbacpermission.xo.go:235.15,240.17 3 0
goxus/src/internal/pkg/db/goxus/rbacpermission.xo.go:240.17,242.4 1 0
goxus/src/internal/pkg/db/goxus/rbacpermission.xo.go:243.3,245.25 2 0
goxus/src/internal/pkg/db/goxus/rbacpermission.xo.go:248.2,248.17 1 0
goxus/src/internal/pkg/db/goxus/rbacpermission.xo.go:252.105,271.16 6 0
goxus/src/internal/pkg/db/goxus/rbacpermission.xo.go:271.16,273.3 1 0
goxus/src/internal/pkg/db/goxus/rbacpermission.xo.go:274.2,278.15 3 0
goxus/src/internal/pkg/db/goxus/rbacpermission.xo.go:278.15,283.17 3 0
goxus/src/internal/pkg/db/goxus/rbacpermission.xo.go:283.17,285.4 1 0
goxus/src/internal/pkg/db/goxus/rbacpermission.xo.go:286.3,288.25 2 0
goxus/src/internal/pkg/db/goxus/rbacpermission.xo.go:291.2,291.17 1 0
goxus/src/internal/pkg/db/goxus/rbacpermission.xo.go:295.65,308.16 7 0
goxus/src/internal/pkg/db/goxus/rbacpermission.xo.go:308.16,310.3 1 0
goxus/src/internal/pkg/db/goxus/rbacpermission.xo.go:312.2,312.19 1 0
goxus/src/internal/pkg/db/goxus/rbacpermission.xo.go:316.103,325.16 5 0
goxus/src/internal/pkg/db/goxus/rbacpermission.xo.go:325.16,327.3 1 0
goxus/src/internal/pkg/db/goxus/rbacpermission.xo.go:328.2,332.15 3 0
goxus/src/internal/pkg/db/goxus/rbacpermission.xo.go:332.15,337.17 3 0
goxus/src/internal/pkg/db/goxus/rbacpermission.xo.go:337.17,339.4 1 0
goxus/src/internal/pkg/db/goxus/rbacpermission.xo.go:341.3,341.25 1 0
goxus/src/internal/pkg/db/goxus/rbacpermission.xo.go:344.2,344.17 1 0
goxus/src/internal/pkg/db/goxus/rbacpermission.xo.go:348.136,360.16 7 0
goxus/src/internal/pkg/db/goxus/rbacpermission.xo.go:360.16,362.3 1 0
goxus/src/internal/pkg/db/goxus/rbacpermission.xo.go:363.2,367.15 3 0
goxus/src/internal/pkg/db/goxus/rbacpermission.xo.go:367.15,372.17 3 0
goxus/src/internal/pkg/db/goxus/rbacpermission.xo.go:372.17,374.4 1 0
goxus/src/internal/pkg/db/goxus/rbacpermission.xo.go:376.3,376.25 1 0
goxus/src/internal/pkg/db/goxus/rbacpermission.xo.go:379.2,379.17 1 0
goxus/src/internal/pkg/db/goxus/rbacpermission.xo.go:383.96,395.16 7 0
goxus/src/internal/pkg/db/goxus/rbacpermission.xo.go:395.16,397.3 1 0
goxus/src/internal/pkg/db/goxus/rbacpermission.xo.go:399.2,399.19 1 0
goxus/src/internal/pkg/db/goxus/rbacpermission.xo.go:407.73,427.16 7 0
goxus/src/internal/pkg/db/goxus/rbacpermission.xo.go:427.16,429.3 1 0
goxus/src/internal/pkg/db/goxus/rbacpermission.xo.go:430.2,433.17 3 0
goxus/src/internal/pkg/db/goxus/rbacpermission.xo.go:439.81,466.16 8 0
goxus/src/internal/pkg/db/goxus/rbacpermission.xo.go:466.16,468.3 1 0
goxus/src/internal/pkg/db/goxus/rbacpermission.xo.go:470.2,470.17 1 0
goxus/src/internal/pkg/db/goxus/rbacpermission.xo.go:474.76,498.16 8 0
goxus/src/internal/pkg/db/goxus/rbacpermission.xo.go:498.16,500.3 1 0
goxus/src/internal/pkg/db/goxus/rbacpermission.xo.go:502.2,502.19 1 0
goxus/src/internal/pkg/db/goxus/rbacpermission.xo.go:510.86,537.16 8 0
goxus/src/internal/pkg/db/goxus/rbacpermission.xo.go:537.16,539.3 1 0
goxus/src/internal/pkg/db/goxus/rbacpermission.xo.go:541.2,541.17 1 0
goxus/src/internal/pkg/db/goxus/rbacpermission.xo.go:545.81,569.16 8 0
goxus/src/internal/pkg/db/goxus/rbacpermission.xo.go:569.16,571.3 1 0
goxus/src/internal/pkg/db/goxus/rbacpermission.xo.go:573.2,573.19 1 0
goxus/src/internal/pkg/db/goxus/rbacpermission.xo.go:579.93,603.16 7 0
goxus/src/internal/pkg/db/goxus/rbacpermission.xo.go:603.16,605.3 1 0
goxus/src/internal/pkg/db/goxus/rbacpermission.xo.go:606.2,610.15 3 0
goxus/src/internal/pkg/db/goxus/rbacpermission.xo.go:610.15,615.17 3 0
goxus/src/internal/pkg/db/goxus/rbacpermission.xo.go:615.17,617.4 1 0
goxus/src/internal/pkg/db/goxus/rbacpermission.xo.go:619.3,622.25 3 0
goxus/src/internal/pkg/db/goxus/rbacpermission.xo.go:625.2,625.17 1 0
goxus/src/internal/pkg/db/goxus/rbacpermission.xo.go:629.86,656.16 9 0
goxus/src/internal/pkg/db/goxus/rbacpermission.xo.go:656.16,658.3 1 0
goxus/src/internal/pkg/db/goxus/rbacpermission.xo.go:660.2,660.19 1 0
goxus/src/internal/pkg/db/goxus/rbacpermission.xo.go:664.126,690.16 8 0
goxus/src/internal/pkg/db/goxus/rbacpermission.xo.go:690.16,692.3 1 0
goxus/src/internal/pkg/db/goxus/rbacpermission.xo.go:693.2,697.15 3 0
goxus/src/internal/pkg/db/goxus/rbacpermission.xo.go:697.15,702.17 3 0
goxus/src/internal/pkg/db/goxus/rbacpermission.xo.go:702.17,704.4 1 0
goxus/src/internal/pkg/db/goxus/rbacpermission.xo.go:706.3,709.25 3 0
goxus/src/internal/pkg/db/goxus/rbacpermission.xo.go:712.2,712.17 1 0
goxus/src/internal/pkg/db/goxus/rbacpermission.xo.go:716.112,741.16 7 0
goxus/src/internal/pkg/db/goxus/rbacpermission.xo.go:741.16,743.3 1 0
goxus/src/internal/pkg/db/goxus/rbacpermission.xo.go:744.2,748.15 3 0
goxus/src/internal/pkg/db/goxus/rbacpermission.xo.go:748.15,753.17 3 0
goxus/src/internal/pkg/db/goxus/rbacpermission.xo.go:753.17,755.4 1 0
goxus/src/internal/pkg/db/goxus/rbacpermission.xo.go:757.3,760.25 3 0
goxus/src/internal/pkg/db/goxus/rbacpermission.xo.go:763.2,763.17 1 0
goxus/src/internal/pkg/db/goxus/rbacpermission.xo.go:767.105,795.16 9 0
goxus/src/internal/pkg/db/goxus/rbacpermission.xo.go:795.16,797.3 1 0
goxus/src/internal/pkg/db/goxus/rbacpermission.xo.go:799.2,799.19 1 0
goxus/src/internal/pkg/db/goxus/rbacpermission.xo.go:803.145,830.16 8 0
goxus/src/internal/pkg/db/goxus/rbacpermission.xo.go:830.16,832.3 1 0
goxus/src/internal/pkg/db/goxus/rbacpermission.xo.go:833.2,837.15 3 0
goxus/src/internal/pkg/db/goxus/rbacpermission.xo.go:837.15,842.17 3 0
goxus/src/internal/pkg/db/goxus/rbacpermission.xo.go:842.17,844.4 1 0
goxus/src/internal/pkg/db/goxus/rbacpermission.xo.go:846.3,849.25 3 0
goxus/src/internal/pkg/db/goxus/rbacpermission.xo.go:852.2,852.17 1 0
goxus/src/internal/pkg/db/goxus/rbacrole-repo.xo.go:29.58,31.2 1 0
goxus/src/internal/pkg/db/goxus/rbacrole-repo.xo.go:34.60,36.2 1 0
goxus/src/internal/pkg/db/goxus/rbacrole-repo.xo.go:44.66,46.2 1 0
goxus/src/internal/pkg/db/goxus/rbacrole-repo.xo.go:49.63,51.2 1 0
goxus/src/internal/pkg/db/goxus/rbacrole-repo.xo.go:54.94,56.2 1 0
goxus/src/internal/pkg/db/goxus/rbacrole-repo.xo.go:59.62,61.2 1 0
goxus/src/internal/pkg/db/goxus/rbacrole-repo.xo.go:64.91,66.2 1 0
goxus/src/internal/pkg/db/goxus/rbacrole-repo.xo.go:69.124,71.2 1 0
goxus/src/internal/pkg/db/goxus/rbacrole-repo.xo.go:74.90,76.2 1 0
goxus/src/internal/pkg/db/goxus/rbacrole-repo.xo.go:79.64,81.2 1 0
goxus/src/internal/pkg/db/goxus/rbacrole-repo.xo.go:84.78,86.2 1 0
goxus/src/internal/pkg/db/goxus/rbacrole-repo.xo.go:89.79,91.2 1 0
goxus/src/internal/pkg/db/goxus/rbacrole-repo.xo.go:94.83,96.2 1 0
goxus/src/internal/pkg/db/goxus/rbacrole-repo.xo.go:99.84,101.2 1 0
goxus/src/internal/pkg/db/goxus/rbacrole-repo.xo.go:104.85,106.2 1 0
goxus/src/internal/pkg/db/goxus/rbacrole-repo.xo.go:109.84,111.2 1 0
goxus/src/internal/pkg/db/goxus/rbacrole-repo.xo.go:114.118,116.2 1 0
goxus/src/internal/pkg/db/goxus/rbacrole.xo.go:28.35,30.2 1 0
goxus/src/internal/pkg/db/goxus/rbacrole.xo.go:33.44,35.2 1 0
goxus/src/internal/pkg/db/goxus/rbacrole.xo.go:38.36,40.2 1 0
goxus/src/internal/pkg/db/goxus/rbacrole.xo.go:43.52,51.16 4 0
goxus/src/internal/pkg/db/goxus/rbacrole.xo.go:51.16,53.3 1 0
goxus/src/internal/pkg/db/goxus/rbacrole.xo.go:57.2,70.16 4 0
goxus/src/internal/pkg/db/goxus/rbacrole.xo.go:70.16,72.3 1 0
goxus/src/internal/pkg/db/goxus/rbacrole.xo.go:75.2,77.12 2 0
goxus/src/internal/pkg/db/goxus/rbacrole.xo.go:81.52,89.17 4 0
goxus/src/internal/pkg/db/goxus/rbacrole.xo.go:89.17,91.3 1 0
goxus/src/internal/pkg/db/goxus/rbacrole.xo.go:94.2,94.17 1 0
goxus/src/internal/pkg/db/goxus/rbacrole.xo.go:94.17,96.3 1 0
goxus/src/internal/pkg/db/goxus/rbacrole.xo.go:100.2,113.12 4 0
goxus/src/internal/pkg/db/goxus/rbacrole.xo.go:117.50,118.17 1 0
goxus/src/internal/pkg/db/goxus/rbacrole.xo.go:118.17,120.3 1 0
goxus/src/internal/pkg/db/goxus/rbacrole.xo.go:122.2,122.22 1 0
goxus/src/internal/pkg/db/goxus/rbacrole.xo.go:128.52,136.16 4 0
goxus/src/internal/pkg/db/goxus/rbacrole.xo.go:136.16,138.3 1 0
goxus/src/internal/pkg/db/goxus/rbacrole.xo.go:142.2,159.16 4 0
goxus/src/internal/pkg/db/goxus/rbacrole.xo.go:159.16,161.3 1 0
goxus/src/internal/pkg/db/goxus/rbacrole.xo.go:164.2,166.12 2 0
goxus/src/internal/pkg/db/goxus/rbacrole.xo.go:170.52,178.17 4 0
goxus/src/internal/pkg/db/goxus/rbacrole.xo.go:178.17,180.3 1 0
goxus/src/internal/pkg/db/goxus/rbacrole.xo.go:183.2,183.17 1 0
goxus/src/internal/pkg/db/goxus/rbacrole.xo.go:183.17,185.3 1 0
goxus/src/internal/pkg/db/goxus/rbacrole.xo.go:189.2,199.16 4 0
goxus/src/internal/pkg/db/goxus/rbacrole.xo.go:199.16,201.3 1 0
goxus/src/internal/pkg/db/goxus/rbacrole.xo.go:204.2,206.12 2 0
goxus/src/internal/pkg/db/goxus/rbacrole.xo.go:210.60,228.16 6 0
goxus/src/internal/pkg/db/goxus/rbacrole.xo.go:228.16,230.3 1 0
goxus/src/internal/pkg/db/goxus/rbacrole.xo.go:231.2,235.15 3 0
goxus/src/internal/pkg/db/goxus/rbacrole.xo.go:235.15,240.17 3 0
goxus/src/internal/pkg/db/goxus/rbacrole.xo.go:240.17,242.4 1 0
goxus/src/internal/pkg/db/goxus/rbacrole.xo.go:243.3,245.25 2 0
goxus/src/internal/pkg/db/goxus/rbacrole.xo.go:248.2,248.17 1 0
goxus/src/internal/pkg/db/goxus/rbacrole.xo.go:252.93,271.16 6 0
goxus/src/internal/pkg/db/goxus/rbacrole.xo.go:271.16,273.3 1 0
goxus/src/internal/pkg/db/goxus/rbacrole.xo.go:274.2,278.15 3 0
goxus/src/internal/pkg/db/goxus/rbacrole.xo.go:278.15,283.17 3 0
goxus/src/internal/pkg/db/goxus/rbacrole.xo.go:283.17,285.4 1 0
goxus/src/internal/pkg/db/goxus/rbacrole.xo.go:286.3,288.25 2 0
goxus/src/internal/pkg/db/goxus/rbacrole.xo.go:291.2,291.17 1 0
goxus/src/internal/pkg/db/goxus/rbacrole.xo.go:295.59,308.16 7 0
goxus/src/internal/pkg/db/goxus/rbacrole.xo.go:308.16,310.3 1 0
goxus/src/internal/pkg/db/goxus/rbacrole.xo.go:312.2,312.19 1 0
goxus/src/internal/pkg/db/goxus/rbacrole.xo.go:316.91,325.16 5 0
goxus/src/internal/pkg/db/goxus/rbacrole.xo.go:325.16,327.3 1 0
goxus/src/internal/pkg/db/goxus/rbacrole.xo.go:328.2,332.15 3 0
goxus/src/internal/pkg/db/goxus/rbacrole.xo.go:332.15,337.17 3 0
goxus/src/internal/pkg/db/goxus/rbacrole.xo.go:337.17,339.4 1 0
goxus/src/internal/pkg/db/goxus/rbacrole.xo.go:341.3,341.25 1 0
goxus/src/internal/pkg/db/goxus/rbacrole.xo.go:344.2,344.17 1 0
goxus/src/internal/pkg/db/goxus/rbacrole.xo.go:348.124,360.16 7 0
goxus/src/internal/pkg/db/goxus/rbacrole.xo.go:360.16,362.3 1 0
goxus/src/internal/pkg/db/goxus/rbacrole.xo.go:363.2,367.15 3 0
goxus/src/internal/pkg/db/goxus/rbacrole.xo.go:367.15,372.17 3 0
goxus/src/internal/pkg/db/goxus/rbacrole.xo.go:372.17,374.4 1 0
goxus/src/internal/pkg/db/goxus/rbacrole.xo.go:376.3,376.25 1 0
goxus/src/internal/pkg/db/goxus/rbacrole.xo.go:379.2,379.17 1 0
goxus/src/internal/pkg/db/goxus/rbacrole.xo.go:383.90,395.16 7 0
goxus/src/internal/pkg/db/goxus/rbacrole.xo.go:395.16,397.3 1 0
goxus/src/internal/pkg/db/goxus/rbacrole.xo.go:399.2,399.19 1 0
goxus/src/internal/pkg/db/goxus/rbacrole.xo.go:407.61,427.16 7 0
goxus/src/internal/pkg/db/goxus/rbacrole.xo.go:427.16,429.3 1 0
goxus/src/internal/pkg/db/goxus/rbacrole.xo.go:430.2,433.17 3 0
goxus/src/internal/pkg/db/goxus/rbacrole.xo.go:439.69,466.16 8 0
goxus/src/internal/pkg/db/goxus/rbacrole.xo.go:466.16,468.3 1 0
goxus/src/internal/pkg/db/goxus/rbacrole.xo.go:470.2,470.17 1 0
goxus/src/internal/pkg/db/goxus/rbacrole.xo.go:474.70,498.16 8 0
goxus/src/internal/pkg/db/goxus/rbacrole.xo.go:498.16,500.3 1 0
goxus/src/internal/pkg/db/goxus/rbacrole.xo.go:502.2,502.19 1 0
goxus/src/internal/pkg/db/goxus/rbacrole.xo.go:510.74,537.16 8 0
goxus/src/internal/pkg/db/goxus/rbacrole.xo.go:537.16,539.3 1 0
goxus/src/internal/pkg/db/goxus/rbacrole.xo.go:541.2,541.17 1 0
goxus/src/internal/pkg/db/goxus/rbacrole.xo.go:545.75,569.16 8 0
goxus/src/internal/pkg/db/goxus/rbacrole.xo.go:569.16,571.3 1 0
goxus/src/internal/pkg/db/goxus/rbacrole.xo.go:573.2,573.19 1 0
goxus/src/internal/pkg/db/goxus/rbacrole.xo.go:579.76,602.16 7 0
goxus/src/internal/pkg/db/goxus/rbacrole.xo.go:602.16,604.3 1 0
goxus/src/internal/pkg/db/goxus/rbacrole.xo.go:605.2,609.15 3 0
goxus/src/internal/pkg/db/goxus/rbacrole.xo.go:609.15,614.17 3 0
goxus/src/internal/pkg/db/goxus/rbacrole.xo.go:614.17,616.4 1 0
goxus/src/internal/pkg/db/goxus/rbacrole.xo.go:618.3,621.25 3 0
goxus/src/internal/pkg/db/goxus/rbacrole.xo.go:624.2,624.17 1 0
goxus/src/internal/pkg/db/goxus/rbacrole.xo.go:628.75,654.16 9 0
goxus/src/internal/pkg/db/goxus/rbacrole.xo.go:654.16,656.3 1 0
goxus/src/internal/pkg/db/goxus/rbacrole.xo.go:658.2,658.19 1 0
goxus/src/internal/pkg/db/goxus/rbacrole.xo.go:662.109,687.16 8 0
goxus/src/internal/pkg/db/goxus/rbacrole.xo.go:687.16,689.3 1 0
goxus/src/internal/pkg/db/goxus/rbacrole.xo.go:690.2,694.15 3 0
goxus/src/internal/pkg/db/goxus/rbacrole.xo.go:694.15,699.17 3 0
goxus/src/internal/pkg/db/goxus/rbacrole.xo.go:699.17,701.4 1 0
goxus/src/internal/pkg/db/goxus/rbacrole.xo.go:703.3,706.25 3 0
goxus/src/internal/pkg/db/goxus/rbacrole.xo.go:709.2,709.17 1 0
goxus/src/internal/pkg/db/goxus/rbacrolepermission-repo.xo.go:32.79,34.2 1 0
goxus/src/internal/pkg/db/goxus/rbacrolepermission-repo.xo.go:37.81,39.2 1 0
goxus/src/internal/pkg/db/goxus/rbacrolepermission-repo.xo.go:47.86,49.2 1 0
goxus/src/internal/pkg/db/goxus/rbacrolepermission-repo.xo.go:52.83,54.2 1 0
goxus/src/internal/pkg/db/goxus/rbacrolepermission-repo.xo.go:57.114,59.2 1 0
goxus/src/internal/pkg/db/goxus/rbacrolepermission-repo.xo.go:62.72,64.2 1 0
goxus/src/internal/pkg/db/goxus/rbacrolepermission-repo.xo.go:67.111,69.2 1 0
goxus/src/internal/pkg/db/goxus/rbacrolepermission-repo.xo.go:72.144,74.2 1 0
goxus/src/internal/pkg/db/goxus/rbacrolepermission-repo.xo.go:77.100,79.2 1 0
goxus/src/internal/pkg/db/goxus/rbacrolepermission-repo.xo.go:82.84,84.2 1 0
goxus/src/internal/pkg/db/goxus/rbacrolepermission-repo.xo.go:87.108,89.2 1 0
goxus/src/internal/pkg/db/goxus/rbacrolepermission-repo.xo.go:92.99,94.2 1 0
goxus/src/internal/pkg/db/goxus/rbacrolepermission-repo.xo.go:97.148,99.2 1 0
goxus/src/internal/pkg/db/goxus/rbacrolepermission-repo.xo.go:102.139,104.2 1 0
goxus/src/internal/pkg/db/goxus/rbacrolepermission-repo.xo.go:107.130,109.2 1 0
goxus/src/internal/pkg/db/goxus/rbacrolepermission-repo.xo.go:112.119,114.2 1 0
goxus/src/internal/pkg/db/goxus/rbacrolepermission-repo.xo.go:117.163,119.2 1 0
goxus/src/internal/pkg/db/goxus/rbacrolepermission-repo.xo.go:122.118,124.2 1 0
goxus/src/internal/pkg/db/goxus/rbacrolepermission-repo.xo.go:127.107,129.2 1 0
goxus/src/internal/pkg/db/goxus/rbacrolepermission-repo.xo.go:132.151,134.2 1 0
goxus/src/internal/pkg/db/goxus/rbacrolepermission.xo.go:28.46,30.2 1 0
goxus/src/internal/pkg/db/goxus/rbacrolepermission.xo.go:33.55,35.2 1 0
goxus/src/internal/pkg/db/goxus/rbacrolepermission.xo.go:38.47,40.2 1 0
goxus/src/internal/pkg/db/goxus/rbacrolepermission.xo.go:43.63,51.17 4 0
goxus/src/internal/pkg/db/goxus/rbacrolepermission.xo.go:51.17,53.3 1 0
goxus/src/internal/pkg/db/goxus/rbacrolepermission.xo.go:57.2,70.16 4 0
goxus/src/internal/pkg/db/goxus/rbacrolepermission.xo.go:70.16,72.3 1 0
goxus/src/internal/pkg/db/goxus/rbacrolepermission.xo.go:75.2,77.12 2 0
goxus/src/internal/pkg/db/goxus/rbacrolepermission.xo.go:81.63,89.18 4 0
goxus/src/internal/pkg/db/goxus/rbacrolepermission.xo.go:89.18,91.3 1 0
goxus/src/internal/pkg/db/goxus/rbacrolepermission.xo.go:94.2,94.18 1 0
goxus/src/internal/pkg/db/goxus/rbacrolepermission.xo.go:94.18,96.3 1 0
goxus/src/internal/pkg/db/goxus/rbacrolepermission.xo.go:100.2,113.12 4 0
goxus/src/internal/pkg/db/goxus/rbacrolepermission.xo.go:117.61,118.18 1 0
goxus/src/internal/pkg/db/goxus/rbacrolepermission.xo.go:118.18,120.3 1 0
goxus/src/internal/pkg/db/goxus/rbacrolepermission.xo.go:122.2,122.23 1 0
goxus/src/internal/pkg/db/goxus/rbacrolepermission.xo.go:128.63,136.17 4 0
goxus/src/internal/pkg/db/goxus/rbacrolepermission.xo.go:136.17,138.3 1 0
goxus/src/internal/pkg/db/goxus/rbacrolepermission.xo.go:142.2,159.16 4 0
goxus/src/internal/pkg/db/goxus/rbacrolepermission.xo.go:159.16,161.3 1 0
goxus/src/internal/pkg/db/goxus/rbacrolepermission.xo.go:164.2,166.12 2 0
goxus/src/internal/pkg/db/goxus/rbacrolepermission.xo.go:170.63,178.18 4 0
goxus/src/internal/pkg/db/goxus/rbacrolepermission.xo.go:178.18,180.3 1 0
goxus/src/internal/pkg/db/goxus/rbacrolepermission.xo.go:183.2,183.18 1 0
goxus/src/internal/pkg/db/goxus/rbacrolepermission.xo.go:183.18,185.3 1 0
goxus/src/internal/pkg/db/goxus/rbacrolepermission.xo.go:189.2,199.16 4 0
goxus/src/internal/pkg/db/goxus/rbacrolepermission.xo.go:199.16,201.3 1 0
goxus/src/internal/pkg/db/goxus/rbacrolepermission.xo.go:204.2,206.12 2 0
goxus/src/internal/pkg/db/goxus/rbacrolepermission.xo.go:210.80,228.16 6 0
goxus/src/internal/pkg/db/goxus/rbacrolepermission.xo.go:228.16,230.3 1 0
goxus/src/internal/pkg/db/goxus/rbacrolepermission.xo.go:231.2,235.15 3 0
goxus/src/internal/pkg/db/goxus/rbacrolepermission.xo.go:235.15,240.17 3 0
goxus/src/internal/pkg/db/goxus/rbacrolepermission.xo.go:240.17,242.4 1 0
goxus/src/internal/pkg/db/goxus/rbacrolepermission.xo.go:243.3,245.26 2 0
goxus/src/internal/pkg/db/goxus/rbacrolepermission.xo.go:248.2,248.17 1 0
goxus/src/internal/pkg/db/goxus/rbacrolepermission.xo.go:252.113,271.16 6 0
goxus/src/internal/pkg/db/goxus/rbacrolepermission.xo.go:271.16,273.3 1 0
goxus/src/internal/pkg/db/goxus/rbacrolepermission.xo.go:274.2,278.15 3 0
goxus/src/internal/pkg/db/goxus/rbacrolepermission.xo.go:278.15,283.17 3 0
goxus/src/internal/pkg/db/goxus/rbacrolepermission.xo.go:283.17,285.4 1 0
goxus/src/internal/pkg/db/goxus/rbacrolepermission.xo.go:286.3,288.26 2 0
goxus/src/internal/pkg/db/goxus/rbacrolepermission.xo.go:291.2,291.17 1 0
goxus/src/internal/pkg/db/goxus/rbacrolepermission.xo.go:295.69,308.16 7 0
goxus/src/internal/pkg/db/goxus/rbacrolepermission.xo.go:308.16,310.3 1 0
goxus/src/internal/pkg/db/goxus/rbacrolepermission.xo.go:312.2,312.19 1 0
goxus/src/internal/pkg/db/goxus/rbacrolepermission.xo.go:316.111,325.16 5 0
goxus/src/internal/pkg/db/goxus/rbacrolepermission.xo.go:325.16,327.3 1 0
goxus/src/internal/pkg/db/goxus/rbacrolepermission.xo.go:328.2,332.15 3 0
goxus/src/internal/pkg/db/goxus/rbacrolepermission.xo.go:332.15,337.17 3 0
goxus/src/internal/pkg/db/goxus/rbacrolepermission.xo.go:337.17,339.4 1 0
goxus/src/internal/pkg/db/goxus/rbacrolepermission.xo.go:341.3,341.26 1 0
goxus/src/internal/pkg/db/goxus/rbacrolepermission.xo.go:344.2,344.17 1 0
goxus/src/internal/pkg/db/goxus/rbacrolepermission.xo.go:348.144,360.16 7 0
goxus/src/internal/pkg/db/goxus/rbacrolepermission.xo.go:360.16,362.3 1 0
goxus/src/internal/pkg/db/goxus/rbacrolepermission.xo.go:363.2,367.15 3 0
goxus/src/internal/pkg/db/goxus/rbacrolepermission.xo.go:367.15,372.17 3 0
goxus/src/internal/pkg/db/goxus/rbacrolepermission.xo.go:372.17,374.4 1 0
goxus/src/internal/pkg/db/goxus/rbacrolepermission.xo.go:376.3,376.26 1 0
goxus/src/internal/pkg/db/goxus/rbacrolepermission.xo.go:379.2,379.17 1 0
goxus/src/internal/pkg/db/goxus/rbacrolepermission.xo.go:383.100,395.16 7 0
goxus/src/internal/pkg/db/goxus/rbacrolepermission.xo.go:395.16,397.3 1 0
goxus/src/internal/pkg/db/goxus/rbacrolepermission.xo.go:399.2,399.19 1 0
goxus/src/internal/pkg/db/goxus/rbacrolepermission.xo.go:407.81,427.16 7 0
goxus/src/internal/pkg/db/goxus/rbacrolepermission.xo.go:427.16,429.3 1 0
goxus/src/internal/pkg/db/goxus/rbacrolepermission.xo.go:430.2,433.18 3 0
goxus/src/internal/pkg/db/goxus/rbacrolepermission.xo.go:439.93,441.2 1 0
goxus/src/internal/pkg/db/goxus/rbacrolepermission.xo.go:446.81,448.2 1 0
goxus/src/internal/pkg/db/goxus/rbacrolepermission.xo.go:453.89,480.16 8 0
goxus/src/internal/pkg/db/goxus/rbacrolepermission.xo.go:480.16,482.3 1 0
goxus/src/internal/pkg/db/goxus/rbacrolepermission.xo.go:484.2,484.18 1 0
goxus/src/internal/pkg/db/goxus/rbacrolepermission.xo.go:488.80,512.16 8 0
goxus/src/internal/pkg/db/goxus/rbacrolepermission.xo.go:512.16,514.3 1 0
goxus/src/internal/pkg/db/goxus/rbacrolepermission.xo.go:516.2,516.19 1 0
goxus/src/internal/pkg/db/goxus/rbacrolepermission.xo.go:524.129,551.16 8 0
goxus/src/internal/pkg/db/goxus/rbacrolepermission.xo.go:551.16,553.3 1 0
goxus/src/internal/pkg/db/goxus/rbacrolepermission.xo.go:555.2,555.18 1 0
goxus/src/internal/pkg/db/goxus/rbacrolepermission.xo.go:559.120,583.16 8 0
goxus/src/internal/pkg/db/goxus/rbacrolepermission.xo.go:583.16,585.3 1 0
goxus/src/internal/pkg/db/goxus/rbacrolepermission.xo.go:587.2,587.19 1 0
goxus/src/internal/pkg/db/goxus/rbacrolepermission.xo.go:593.111,615.16 7 0
goxus/src/internal/pkg/db/goxus/rbacrolepermission.xo.go:615.16,617.3 1 0
goxus/src/internal/pkg/db/goxus/rbacrolepermission.xo.go:618.2,622.15 3 0
goxus/src/internal/pkg/db/goxus/rbacrolepermission.xo.go:622.15,627.17 3 0
goxus/src/internal/pkg/db/goxus/rbacrolepermission.xo.go:627.17,629.4 1 0
goxus/src/internal/pkg/db/goxus/rbacrolepermission.xo.go:631.3,634.26 3 0
goxus/src/internal/pkg/db/goxus/rbacrolepermission.xo.go:637.2,637.17 1 0
goxus/src/internal/pkg/db/goxus/rbacrolepermission.xo.go:641.100,666.16 9 0
goxus/src/internal/pkg/db/goxus/rbacrolepermission.xo.go:666.16,668.3 1 0
goxus/src/internal/pkg/db/goxus/rbacrolepermission.xo.go:670.2,670.19 1 0
goxus/src/internal/pkg/db/goxus/rbacrolepermission.xo.go:674.144,698.16 8 0
goxus/src/internal/pkg/db/goxus/rbacrolepermission.xo.go:698.16,700.3 1 0
goxus/src/internal/pkg/db/goxus/rbacrolepermission.xo.go:701.2,705.15 3 0
goxus/src/internal/pkg/db/goxus/rbacrolepermission.xo.go:705.15,710.17 3 0
goxus/src/internal/pkg/db/goxus/rbacrolepermission.xo.go:710.17,712.4 1 0
goxus/src/internal/pkg/db/goxus/rbacrolepermission.xo.go:714.3,717.26 3 0
goxus/src/internal/pkg/db/goxus/rbacrolepermission.xo.go:720.2,720.17 1 0
goxus/src/internal/pkg/db/goxus/rbacrolepermission.xo.go:724.99,746.16 7 0
goxus/src/internal/pkg/db/goxus/rbacrolepermission.xo.go:746.16,748.3 1 0
goxus/src/internal/pkg/db/goxus/rbacrolepermission.xo.go:749.2,753.15 3 0
goxus/src/internal/pkg/db/goxus/rbacrolepermission.xo.go:753.15,758.17 3 0
goxus/src/internal/pkg/db/goxus/rbacrolepermission.xo.go:758.17,760.4 1 0
goxus/src/internal/pkg/db/goxus/rbacrolepermission.xo.go:762.3,765.26 3 0
goxus/src/internal/pkg/db/goxus/rbacrolepermission.xo.go:768.2,768.17 1 0
goxus/src/internal/pkg/db/goxus/rbacrolepermission.xo.go:772.88,797.16 9 0
goxus/src/internal/pkg/db/goxus/rbacrolepermission.xo.go:797.16,799.3 1 0
goxus/src/internal/pkg/db/goxus/rbacrolepermission.xo.go:801.2,801.19 1 0
goxus/src/internal/pkg/db/goxus/rbacrolepermission.xo.go:805.132,829.16 8 0
goxus/src/internal/pkg/db/goxus/rbacrolepermission.xo.go:829.16,831.3 1 0
goxus/src/internal/pkg/db/goxus/rbacrolepermission.xo.go:832.2,836.15 3 0
goxus/src/internal/pkg/db/goxus/rbacrolepermission.xo.go:836.15,841.17 3 0
goxus/src/internal/pkg/db/goxus/rbacrolepermission.xo.go:841.17,843.4 1 0
goxus/src/internal/pkg/db/goxus/rbacrolepermission.xo.go:845.3,848.26 3 0
goxus/src/internal/pkg/db/goxus/rbacrolepermission.xo.go:851.2,851.17 1 0
goxus/src/internal/pkg/db/goxus/rbacuserrole-repo.xo.go:29.67,31.2 1 0
goxus/src/internal/pkg/db/goxus/rbacuserrole-repo.xo.go:34.69,36.2 1 0
goxus/src/internal/pkg/db/goxus/rbacuserrole-repo.xo.go:44.74,46.2 1 0
goxus/src/internal/pkg/db/goxus/rbacuserrole-repo.xo.go:49.71,51.2 1 0
goxus/src/internal/pkg/db/goxus/rbacuserrole-repo.xo.go:54.102,56.2 1 0
goxus/src/internal/pkg/db/goxus/rbacuserrole-repo.xo.go:59.66,61.2 1 0
goxus/src/internal/pkg/db/goxus/rbacuserrole-repo.xo.go:64.99,66.2 1 0
goxus/src/internal/pkg/db/goxus/rbacuserrole-repo.xo.go:69.132,71.2 1 0
goxus/src/internal/pkg/db/goxus/rbacuserrole-repo.xo.go:74.94,76.2 1 0
goxus/src/internal/pkg/db/goxus/rbacuserrole-repo.xo.go:79.72,81.2 1 0
goxus/src/internal/pkg/db/goxus/rbacuserrole-repo.xo.go:84.90,86.2 1 0
goxus/src/internal/pkg/db/goxus/rbacuserrole-repo.xo.go:89.87,91.2 1 0
goxus/src/internal/pkg/db/goxus/rbacuserrole-repo.xo.go:94.118,96.2 1 0
goxus/src/internal/pkg/db/goxus/rbacuserrole-repo.xo.go:99.115,101.2 1 0
goxus/src/internal/pkg/db/goxus/rbacuserrole-repo.xo.go:104.100,106.2 1 0
goxus/src/internal/pkg/db/goxus/rbacuserrole-repo.xo.go:109.95,111.2 1 0
goxus/src/internal/pkg/db/goxus/rbacuserrole-repo.xo.go:114.133,116.2 1 0
goxus/src/internal/pkg/db/goxus/rbacuserrole.xo.go:28.40,30.2 1 0
goxus/src/internal/pkg/db/goxus/rbacuserrole.xo.go:33.49,35.2 1 0
goxus/src/internal/pkg/db/goxus/rbacuserrole.xo.go:38.41,40.2 1 0
goxus/src/internal/pkg/db/goxus/rbacuserrole.xo.go:43.57,51.17 4 0
goxus/src/internal/pkg/db/goxus/rbacuserrole.xo.go:51.17,53.3 1 0
goxus/src/internal/pkg/db/goxus/rbacuserrole.xo.go:57.2,70.16 4 0
goxus/src/internal/pkg/db/goxus/rbacuserrole.xo.go:70.16,72.3 1 0
goxus/src/internal/pkg/db/goxus/rbacuserrole.xo.go:75.2,77.12 2 0
goxus/src/internal/pkg/db/goxus/rbacuserrole.xo.go:81.57,89.18 4 0
goxus/src/internal/pkg/db/goxus/rbacuserrole.xo.go:89.18,91.3 1 0
goxus/src/internal/pkg/db/goxus/rbacuserrole.xo.go:94.2,94.18 1 0
goxus/src/internal/pkg/db/goxus/rbacuserrole.xo.go:94.18,96.3 1 0
goxus/src/internal/pkg/db/goxus/rbacuserrole.xo.go:100.2,113.12 4 0
goxus/src/internal/pkg/db/goxus/rbacuserrole.xo.go:117.55,118.18 1 0
goxus/src/internal/pkg/db/goxus/rbacuserrole.xo.go:118.18,120.3 1 0
goxus/src/internal/pkg/db/goxus/rbacuserrole.xo.go:122.2,122.23 1 0
goxus/src/internal/pkg/db/goxus/rbacuserrole.xo.go:128.57,136.17 4 0
goxus/src/internal/pkg/db/goxus/rbacuserrole.xo.go:136.17,138.3 1 0
goxus/src/internal/pkg/db/goxus/rbacuserrole.xo.go:142.2,159.16 4 0
goxus/src/internal/pkg/db/goxus/rbacuserrole.xo.go:159.16,161.3 1 0
goxus/src/internal/pkg/db/goxus/rbacuserrole.xo.go:164.2,166.12 2 0
goxus/src/internal/pkg/db/goxus/rbacuserrole.xo.go:170.57,178.18 4 0
goxus/src/internal/pkg/db/goxus/rbacuserrole.xo.go:178.18,180.3 1 0
goxus/src/internal/pkg/db/goxus/rbacuserrole.xo.go:183.2,183.18 1 0
goxus/src/internal/pkg/db/goxus/rbacuserrole.xo.go:183.18,185.3 1 0
goxus/src/internal/pkg/db/goxus/rbacuserrole.xo.go:189.2,199.16 4 0
goxus/src/internal/pkg/db/goxus/rbacuserrole.xo.go:199.16,201.3 1 0
goxus/src/internal/pkg/db/goxus/rbacuserrole.xo.go:204.2,206.12 2 0
goxus/src/internal/pkg/db/goxus/rbacuserrole.xo.go:210.68,228.16 6 0
goxus/src/internal/pkg/db/goxus/rbacuserrole.xo.go:228.16,230.3 1 0
goxus/src/internal/pkg/db/goxus/rbacuserrole.xo.go:231.2,235.15 3 0
goxus/src/internal/pkg/db/goxus/rbacuserrole.xo.go:235.15,240.17 3 0
goxus/src/internal/pkg/db/goxus/rbacuserrole.xo.go:240.17,242.4 1 0
goxus/src/internal/pkg/db/goxus/rbacuserrole.xo.go:243.3,245.26 2 0
goxus/src/internal/pkg/db/goxus/rbacuserrole.xo.go:248.2,248.17 1 0
goxus/src/internal/pkg/db/goxus/rbacuserrole.xo.go:252.101,271.16 6 0
goxus/src/internal/pkg/db/goxus/rbacuserrole.xo.go:271.16,273.3 1 0
goxus/src/internal/pkg/db/goxus/rbacuserrole.xo.go:274.2,278.15 3 0
goxus/src/internal/pkg/db/goxus/rbacuserrole.xo.go:278.15,283.17 3 0
goxus/src/internal/pkg/db/goxus/rbacuserrole.xo.go:283.17,285.4 1 0
goxus/src/internal/pkg/db/goxus/rbacuserrole.xo.go:286.3,288.26 2 0
goxus/src/internal/pkg/db/goxus/rbacuserrole.xo.go:291.2,291.17 1 0
goxus/src/internal/pkg/db/goxus/rbacuserrole.xo.go:295.63,308.16 7 0
goxus/src/internal/pkg/db/goxus/rbacuserrole.xo.go:308.16,310.3 1 0
goxus/src/internal/pkg/db/goxus/rbacuserrole.xo.go:312.2,312.19 1 0
goxus/src/internal/pkg/db/goxus/rbacuserrole.xo.go:316.99,325.16 5 0
goxus/src/internal/pkg/db/goxus/rbacuserrole.xo.go:325.16,327.3 1 0
goxus/src/internal/pkg/db/goxus/rbacuserrole.xo.go:328.2,332.15 3 0
goxus/src/internal/pkg/db/goxus/rbacuserrole.xo.go:332.15,337.17 3 0
goxus/src/internal/pkg/db/goxus/rbacuserrole.xo.go:337.17,339.4 1 0
goxus/src/internal/pkg/db/goxus/rbacuserrole.xo.go:341.3,341.26 1 0
goxus/src/internal/pkg/db/goxus/rbacuserrole.xo.go:344.2,344.17 1 0
goxus/src/internal/pkg/db/goxus/rbacuserrole.xo.go:348.132,360.16 7 0
goxus/src/internal/pkg/db/goxus/rbacuserrole.xo.go:360.16,362.3 1 0
goxus/src/internal/pkg/db/goxus/rbacuserrole.xo.go:363.2,367.15 3 0
goxus/src/internal/pkg/db/goxus/rbacuserrole.xo.go:367.15,372.17 3 0
goxus/src/internal/pkg/db/goxus/rbacuserrole.xo.go:372.17,374.4 1 0
goxus/src/internal/pkg/db/goxus/rbacuserrole.xo.go:376.3,376.26 1 0
goxus/src/internal/pkg/db/goxus/rbacuserrole.xo.go:379.2,379.17 1 0
goxus/src/internal/pkg/db/goxus/rbacuserrole.xo.go:383.94,395.16 7 0
goxus/src/internal/pkg/db/goxus/rbacuserrole.xo.go:395.16,397.3 1 0
goxus/src/internal/pkg/db/goxus/rbacuserrole.xo.go:399.2,399.19 1 0
goxus/src/internal/pkg/db/goxus/rbacuserrole.xo.go:407.69,427.16 7 0
goxus/src/internal/pkg/db/goxus/rbacuserrole.xo.go:427.16,429.3 1 0
goxus/src/internal/pkg/db/goxus/rbacuserrole.xo.go:430.2,433.18 3 0
goxus/src/internal/pkg/db/goxus/rbacuserrole.xo.go:439.75,441.2 1 0
goxus/src/internal/pkg/db/goxus/rbacuserrole.xo.go:446.67,448.2 1 0
goxus/src/internal/pkg/db/goxus/rbacuserrole.xo.go:453.77,480.16 8 0
goxus/src/internal/pkg/db/goxus/rbacuserrole.xo.go:480.16,482.3 1 0
goxus/src/internal/pkg/db/goxus/rbacuserrole.xo.go:484.2,484.18 1 0
goxus/src/internal/pkg/db/goxus/rbacuserrole.xo.go:488.74,512.16 8 0
goxus/src/internal/pkg/db/goxus/rbacuserrole.xo.go:512.16,514.3 1 0
goxus/src/internal/pkg/db/goxus/rbacuserrole.xo.go:516.2,516.19 1 0
goxus/src/internal/pkg/db/goxus/rbacuserrole.xo.go:524.105,551.16 8 0
goxus/src/internal/pkg/db/goxus/rbacuserrole.xo.go:551.16,553.3 1 0
goxus/src/internal/pkg/db/goxus/rbacuserrole.xo.go:555.2,555.18 1 0
goxus/src/internal/pkg/db/goxus/rbacuserrole.xo.go:559.102,583.16 8 0
goxus/src/internal/pkg/db/goxus/rbacuserrole.xo.go:583.16,585.3 1 0
goxus/src/internal/pkg/db/goxus/rbacuserrole.xo.go:587.2,587.19 1 0
goxus/src/internal/pkg/db/goxus/rbacuserrole.xo.go:593.87,615.16 7 0
goxus/src/internal/pkg/db/goxus/rbacuserrole.xo.go:615.16,617.3 1 0
goxus/src/internal/pkg/db/goxus/rbacuserrole.xo.go:618.2,622.15 3 0
goxus/src/internal/pkg/db/goxus/rbacuserrole.xo.go:622.15,627.17 3 0
goxus/src/internal/pkg/db/goxus/rbacuserrole.xo.go:627.17,629.4 1 0
goxus/src/internal/pkg/db/goxus/rbacuserrole.xo.go:631.3,634.26 3 0
goxus/src/internal/pkg/db/goxus/rbacuserrole.xo.go:637.2,637.17 1 0
goxus/src/internal/pkg/db/goxus/rbacuserrole.xo.go:641.82,666.16 9 0
goxus/src/internal/pkg/db/goxus/rbacuserrole.xo.go:666.16,668.3 1 0
goxus/src/internal/pkg/db/goxus/rbacuserrole.xo.go:670.2,670.19 1 0
goxus/src/internal/pkg/db/goxus/rbacuserrole.xo.go:674.120,698.16 8 0
goxus/src/internal/pkg/db/goxus/rbacuserrole.xo.go:698.16,700.3 1 0
goxus/src/internal/pkg/db/goxus/rbacuserrole.xo.go:701.2,705.15 3 0
goxus/src/internal/pkg/db/goxus/rbacuserrole.xo.go:705.15,710.17 3 0
goxus/src/internal/pkg/db/goxus/rbacuserrole.xo.go:710.17,712.4 1 0
goxus/src/internal/pkg/db/goxus/rbacuserrole.xo.go:714.3,717.26 3 0
goxus/src/internal/pkg/db/goxus/rbacuserrole.xo.go:720.2,720.17 1 0
goxus/src/internal/pkg/db/goxus/schemamigration-repo.xo.go:24.72,26.2 1 0
goxus/src/internal/pkg/db/goxus/schemamigration-repo.xo.go:29.74,31.2 1 0
goxus/src/internal/pkg/db/goxus/schemamigration-repo.xo.go:39.80,41.2 1 0
goxus/src/internal/pkg/db/goxus/schemamigration-repo.xo.go:44.77,46.2 1 0
goxus/src/internal/pkg/db/goxus/schemamigration-repo.xo.go:49.108,51.2 1 0
goxus/src/internal/pkg/db/goxus/schemamigration-repo.xo.go:54.69,56.2 1 0
goxus/src/internal/pkg/db/goxus/schemamigration-repo.xo.go:59.105,61.2 1 0
goxus/src/internal/pkg/db/goxus/schemamigration-repo.xo.go:64.138,66.2 1 0
goxus/src/internal/pkg/db/goxus/schemamigration-repo.xo.go:69.97,71.2 1 0
goxus/src/internal/pkg/db/goxus/schemamigration-repo.xo.go:74.78,76.2 1 0
goxus/src/internal/pkg/db/goxus/schemamigration-repo.xo.go:79.109,81.2 1 0
goxus/src/internal/pkg/db/goxus/schemamigration-repo.xo.go:84.103,86.2 1 0
goxus/src/internal/pkg/db/goxus/schemamigration.xo.go:25.42,27.2 1 0
goxus/src/internal/pkg/db/goxus/schemamigration.xo.go:30.51,32.2 1 0
goxus/src/internal/pkg/db/goxus/schemamigration.xo.go:35.43,37.2 1 0
goxus/src/internal/pkg/db/goxus/schemamigration.xo.go:40.59,48.16 4 0
goxus/src/internal/pkg/db/goxus/schemamigration.xo.go:48.16,50.3 1 0
goxus/src/internal/pkg/db/goxus/schemamigration.xo.go:54.2,67.16 4 0
goxus/src/internal/pkg/db/goxus/schemamigration.xo.go:67.16,69.3 1 0
goxus/src/internal/pkg/db/goxus/schemamigration.xo.go:72.2,74.12 2 0
goxus/src/internal/pkg/db/goxus/schemamigration.xo.go:78.59,86.17 4 0
goxus/src/internal/pkg/db/goxus/schemamigration.xo.go:86.17,88.3 1 0
goxus/src/internal/pkg/db/goxus/schemamigration.xo.go:91.2,91.17 1 0
goxus/src/internal/pkg/db/goxus/schemamigration.xo.go:91.17,93.3 1 0
goxus/src/internal/pkg/db/goxus/schemamigration.xo.go:97.2,110.12 4 0
goxus/src/internal/pkg/db/goxus/schemamigration.xo.go:114.57,115.17 1 0
goxus/src/internal/pkg/db/goxus/schemamigration.xo.go:115.17,117.3 1 0
goxus/src/internal/pkg/db/goxus/schemamigration.xo.go:119.2,119.22 1 0
goxus/src/internal/pkg/db/goxus/schemamigration.xo.go:125.59,133.16 4 0
goxus/src/internal/pkg/db/goxus/schemamigration.xo.go:133.16,135.3 1 0
goxus/src/internal/pkg/db/goxus/schemamigration.xo.go:139.2,156.16 4 0
goxus/src/internal/pkg/db/goxus/schemamigration.xo.go:156.16,158.3 1 0
goxus/src/internal/pkg/db/goxus/schemamigration.xo.go:161.2,163.12 2 0
goxus/src/internal/pkg/db/goxus/schemamigration.xo.go:167.59,175.17 4 0
goxus/src/internal/pkg/db/goxus/schemamigration.xo.go:175.17,177.3 1 0
goxus/src/internal/pkg/db/goxus/schemamigration.xo.go:180.2,180.17 1 0
goxus/src/internal/pkg/db/goxus/schemamigration.xo.go:180.17,182.3 1 0
goxus/src/internal/pkg/db/goxus/schemamigration.xo.go:186.2,196.16 4 0
goxus/src/internal/pkg/db/goxus/schemamigration.xo.go:196.16,198.3 1 0
goxus/src/internal/pkg/db/goxus/schemamigration.xo.go:201.2,203.12 2 0
goxus/src/internal/pkg/db/goxus/schemamigration.xo.go:207.74,225.16 6 0
goxus/src/internal/pkg/db/goxus/schemamigration.xo.go:225.16,227.3 1 0
goxus/src/internal/pkg/db/goxus/schemamigration.xo.go:228.2,232.15 3 0
goxus/src/internal/pkg/db/goxus/schemamigration.xo.go:232.15,237.17 3 0
goxus/src/internal/pkg/db/goxus/schemamigration.xo.go:237.17,239.4 1 0
goxus/src/internal/pkg/db/goxus/schemamigration.xo.go:240.3,242.25 2 0
goxus/src/internal/pkg/db/goxus/schemamigration.xo.go:245.2,245.17 1 0
goxus/src/internal/pkg/db/goxus/schemamigration.xo.go:249.107,268.16 6 0
goxus/src/internal/pkg/db/goxus/schemamigration.xo.go:268.16,270.3 1 0
goxus/src/internal/pkg/db/goxus/schemamigration.xo.go:271.2,275.15 3 0
goxus/src/internal/pkg/db/goxus/schemamigration.xo.go:275.15,280.17 3 0
goxus/src/internal/pkg/db/goxus/schemamigration.xo.go:280.17,282.4 1 0
goxus/src/internal/pkg/db/goxus/schemamigration.xo.go:283.3,285.25 2 0
goxus/src/internal/pkg/db/goxus/schemamigration.xo.go:288.2,288.17 1 0
goxus/src/internal/pkg/db/goxus/schemamigration.xo.go:292.66,305.16 7 0
goxus/src/internal/pkg/db/goxus/schemamigration.xo.go:305.16,307.3 1 0
goxus/src/internal/pkg/db/goxus/schemamigration.xo.go:309.2,309.19 1 0
goxus/src/internal/pkg/db/goxus/schemamigration.xo.go:313.105,322.16 5 0
goxus/src/internal/pkg/db/goxus/schemamigration.xo.go:322.16,324.3 1 0
goxus/src/internal/pkg/db/goxus/schemamigration.xo.go:325.2,329.15 3 0
goxus/src/internal/pkg/db/goxus/schemamigration.xo.go:329.15,334.17 3 0
goxus/src/internal/pkg/db/goxus/schemamigration.xo.go:334.17,336.4 1 0
goxus/src/internal/pkg/db/goxus/schemamigration.xo.go:338.3,338.25 1 0
goxus/src/internal/pkg/db/goxus/schemamigration.xo.go:341.2,341.17 1 0
goxus/src/internal/pkg/db/goxus/schemamigration.xo.go:345.138,357.16 7 0
goxus/src/internal/pkg/db/goxus/schemamigration.xo.go:357.16,359.3 1 0
goxus/src/internal/pkg/db/goxus/schemamigration.xo.go:360.2,364.15 3 0
goxus/src/internal/pkg/db/goxus/schemamigration.xo.go:364.15,369.17 3 0
goxus/src/internal/pkg/db/goxus/schemamigration.xo.go:369.17,371.4 1 0
goxus/src/internal/pkg/db/goxus/schemamigration.xo.go:373.3,373.25 1 0
goxus/src/internal/pkg/db/goxus/schemamigration.xo.go:376.2,376.17 1 0
goxus/src/internal/pkg/db/goxus/schemamigration.xo.go:380.97,392.16 7 0
goxus/src/internal/pkg/db/goxus/schemamigration.xo.go:392.16,394.3 1 0
goxus/src/internal/pkg/db/goxus/schemamigration.xo.go:396.2,396.19 1 0
goxus/src/internal/pkg/db/goxus/schemamigration.xo.go:404.75,424.16 7 0
goxus/src/internal/pkg/db/goxus/schemamigration.xo.go:424.16,426.3 1 0
goxus/src/internal/pkg/db/goxus/schemamigration.xo.go:427.2,430.17 3 0
goxus/src/internal/pkg/db/goxus/schemamigration.xo.go:436.93,463.16 8 0
goxus/src/internal/pkg/db/goxus/schemamigration.xo.go:463.16,465.3 1 0
goxus/src/internal/pkg/db/goxus/schemamigration.xo.go:467.2,467.17 1 0
goxus/src/internal/pkg/db/goxus/schemamigration.xo.go:471.87,495.16 8 0
goxus/src/internal/pkg/db/goxus/schemamigration.xo.go:495.16,497.3 1 0
goxus/src/internal/pkg/db/goxus/schemamigration.xo.go:499.2,499.19 1 0
goxus/src/internal/pkg/db/goxus/setting-repo.xo.go:24.55,26.2 1 0
goxus/src/internal/pkg/db/goxus/setting-repo.xo.go:29.57,31.2 1 0
goxus/src/internal/pkg/db/goxus/setting-repo.xo.go:39.64,41.2 1 0
goxus/src/internal/pkg/db/goxus/setting-repo.xo.go:44.61,46.2 1 0
goxus/src/internal/pkg/db/goxus/setting-repo.xo.go:49.92,51.2 1 0
goxus/src/internal/pkg/db/goxus/setting-repo.xo.go:54.61,56.2 1 0
goxus/src/internal/pkg/db/goxus/setting-repo.xo.go:59.89,61.2 1 0
goxus/src/internal/pkg/db/goxus/setting-repo.xo.go:64.122,66.2 1 0
goxus/src/internal/pkg/db/goxus/setting-repo.xo.go:69.89,71.2 1 0
goxus/src/internal/pkg/db/goxus/setting-repo.xo.go:74.62,76.2 1 0
goxus/src/internal/pkg/db/goxus/setting-repo.xo.go:79.75,81.2 1 0
goxus/src/internal/pkg/db/goxus/setting-repo.xo.go:84.77,86.2 1 0
goxus/src/internal/pkg/db/goxus/setting.xo.go:31.33,33.2 1 0
goxus/src/internal/pkg/db/goxus/setting.xo.go:36.42,38.2 1 0
goxus/src/internal/pkg/db/goxus/setting.xo.go:41.34,43.2 1 0
goxus/src/internal/pkg/db/goxus/setting.xo.go:46.50,54.15 4 0
goxus/src/internal/pkg/db/goxus/setting.xo.go:54.15,56.3 1 0
goxus/src/internal/pkg/db/goxus/setting.xo.go:60.2,73.16 4 0
goxus/src/internal/pkg/db/goxus/setting.xo.go:73.16,75.3 1 0
goxus/src/internal/pkg/db/goxus/setting.xo.go:78.2,80.12 2 0
goxus/src/internal/pkg/db/goxus/setting.xo.go:84.50,92.16 4 0
goxus/src/internal/pkg/db/goxus/setting.xo.go:92.16,94.3 1 0
goxus/src/internal/pkg/db/goxus/setting.xo.go:97.2,97.16 1 0
goxus/src/internal/pkg/db/goxus/setting.xo.go:97.16,99.3 1 0
goxus/src/internal/pkg/db/goxus/setting.xo.go:103.2,116.12 4 0
goxus/src/internal/pkg/db/goxus/setting.xo.go:120.48,121.16 1 0
goxus/src/internal/pkg/db/goxus/setting.xo.go:121.16,123.3 1 0
goxus/src/internal/pkg/db/goxus/setting.xo.go:125.2,125.21 1 0
goxus/src/internal/pkg/db/goxus/setting.xo.go:131.50,139.15 4 0
goxus/src/internal/pkg/db/goxus/setting.xo.go:139.15,141.3 1 0
goxus/src/internal/pkg/db/goxus/setting.xo.go:145.2,162.16 4 0
goxus/src/internal/pkg/db/goxus/setting.xo.go:162.16,164.3 1 0
goxus/src/internal/pkg/db/goxus/setting.xo.go:167.2,169.12 2 0
goxus/src/internal/pkg/db/goxus/setting.xo.go:173.50,181.16 4 0
goxus/src/internal/pkg/db/goxus/setting.xo.go:181.16,183.3 1 0
goxus/src/internal/pkg/db/goxus/setting.xo.go:186.2,186.16 1 0
goxus/src/internal/pkg/db/goxus/setting.xo.go:186.16,188.3 1 0
goxus/src/internal/pkg/db/goxus/setting.xo.go:192.2,202.16 4 0
goxus/src/internal/pkg/db/goxus/setting.xo.go:202.16,204.3 1 0
goxus/src/internal/pkg/db/goxus/setting.xo.go:207.2,209.12 2 0
goxus/src/internal/pkg/db/goxus/setting.xo.go:213.58,231.16 6 0
goxus/src/internal/pkg/db/goxus/setting.xo.go:231.16,233.3 1 0
goxus/src/internal/pkg/db/goxus/setting.xo.go:234.2,238.15 3 0
goxus/src/internal/pkg/db/goxus/setting.xo.go:238.15,243.17 3 0
goxus/src/internal/pkg/db/goxus/setting.xo.go:243.17,245.4 1 0
goxus/src/internal/pkg/db/goxus/setting.xo.go:246.3,248.24 2 0
goxus/src/internal/pkg/db/goxus/setting.xo.go:251.2,251.17 1 0
goxus/src/internal/pkg/db/goxus/setting.xo.go:255.91,274.16 6 0
goxus/src/internal/pkg/db/goxus/setting.xo.go:274.16,276.3 1 0
goxus/src/internal/pkg/db/goxus/setting.xo.go:277.2,281.15 3 0
goxus/src/internal/pkg/db/goxus/setting.xo.go:281.15,286.17 3 0
goxus/src/internal/pkg/db/goxus/setting.xo.go:286.17,288.4 1 0
goxus/src/internal/pkg/db/goxus/setting.xo.go:289.3,291.24 2 0
goxus/src/internal/pkg/db/goxus/setting.xo.go:294.2,294.17 1 0
goxus/src/internal/pkg/db/goxus/setting.xo.go:298.58,311.16 7 0
goxus/src/internal/pkg/db/goxus/setting.xo.go:311.16,313.3 1 0
goxus/src/internal/pkg/db/goxus/setting.xo.go:315.2,315.19 1 0
goxus/src/internal/pkg/db/goxus/setting.xo.go:319.89,328.16 5 0
goxus/src/internal/pkg/db/goxus/setting.xo.go:328.16,330.3 1 0
goxus/src/internal/pkg/db/goxus/setting.xo.go:331.2,335.15 3 0
goxus/src/internal/pkg/db/goxus/setting.xo.go:335.15,340.17 3 0
goxus/src/internal/pkg/db/goxus/setting.xo.go:340.17,342.4 1 0
goxus/src/internal/pkg/db/goxus/setting.xo.go:344.3,344.24 1 0
goxus/src/internal/pkg/db/goxus/setting.xo.go:347.2,347.17 1 0
goxus/src/internal/pkg/db/goxus/setting.xo.go:351.122,363.16 7 0
goxus/src/internal/pkg/db/goxus/setting.xo.go:363.16,365.3 1 0
goxus/src/internal/pkg/db/goxus/setting.xo.go:366.2,370.15 3 0
goxus/src/internal/pkg/db/goxus/setting.xo.go:370.15,375.17 3 0
goxus/src/internal/pkg/db/goxus/setting.xo.go:375.17,377.4 1 0
goxus/src/internal/pkg/db/goxus/setting.xo.go:379.3,379.24 1 0
goxus/src/internal/pkg/db/goxus/setting.xo.go:382.2,382.17 1 0
goxus/src/internal/pkg/db/goxus/setting.xo.go:386.89,398.16 7 0
goxus/src/internal/pkg/db/goxus/setting.xo.go:398.16,400.3 1 0
goxus/src/internal/pkg/db/goxus/setting.xo.go:402.2,402.19 1 0
goxus/src/internal/pkg/db/goxus/setting.xo.go:410.59,430.16 7 0
goxus/src/internal/pkg/db/goxus/setting.xo.go:430.16,432.3 1 0
goxus/src/internal/pkg/db/goxus/setting.xo.go:433.2,436.16 3 0
goxus/src/internal/pkg/db/goxus/setting.xo.go:442.78,444.2 1 0
goxus/src/internal/pkg/db/goxus/setting.xo.go:449.76,451.2 1 0
goxus/src/internal/pkg/db/goxus/setting.xo.go:456.67,483.16 8 0
goxus/src/internal/pkg/db/goxus/setting.xo.go:483.16,485.3 1 0
goxus/src/internal/pkg/db/goxus/setting.xo.go:487.2,487.16 1 0
goxus/src/internal/pkg/db/goxus/setting.xo.go:491.69,515.16 8 0
goxus/src/internal/pkg/db/goxus/setting.xo.go:515.16,517.3 1 0
goxus/src/internal/pkg/db/goxus/setting.xo.go:519.2,519.19 1 0
goxus/src/internal/pkg/db/goxus/settingsgroup-repo.xo.go:24.68,26.2 1 0
goxus/src/internal/pkg/db/goxus/settingsgroup-repo.xo.go:29.70,31.2 1 0
goxus/src/internal/pkg/db/goxus/settingsgroup-repo.xo.go:39.76,41.2 1 0
goxus/src/internal/pkg/db/goxus/settingsgroup-repo.xo.go:44.73,46.2 1 0
goxus/src/internal/pkg/db/goxus/settingsgroup-repo.xo.go:49.104,51.2 1 0
goxus/src/internal/pkg/db/goxus/settingsgroup-repo.xo.go:54.67,56.2 1 0
goxus/src/internal/pkg/db/goxus/settingsgroup-repo.xo.go:59.101,61.2 1 0
goxus/src/internal/pkg/db/goxus/settingsgroup-repo.xo.go:64.134,66.2 1 0
goxus/src/internal/pkg/db/goxus/settingsgroup-repo.xo.go:69.95,71.2 1 0
goxus/src/internal/pkg/db/goxus/settingsgroup-repo.xo.go:74.74,76.2 1 0
goxus/src/internal/pkg/db/goxus/settingsgroup-repo.xo.go:79.93,81.2 1 0
goxus/src/internal/pkg/db/goxus/settingsgroup-repo.xo.go:84.89,86.2 1 0
goxus/src/internal/pkg/db/goxus/settingsgroup.xo.go:28.40,30.2 1 0
goxus/src/internal/pkg/db/goxus/settingsgroup.xo.go:33.49,35.2 1 0
goxus/src/internal/pkg/db/goxus/settingsgroup.xo.go:38.41,40.2 1 0
goxus/src/internal/pkg/db/goxus/settingsgroup.xo.go:43.57,51.16 4 0
goxus/src/internal/pkg/db/goxus/settingsgroup.xo.go:51.16,53.3 1 0
goxus/src/internal/pkg/db/goxus/settingsgroup.xo.go:57.2,70.16 4 0
goxus/src/internal/pkg/db/goxus/settingsgroup.xo.go:70.16,72.3 1 0
goxus/src/internal/pkg/db/goxus/settingsgroup.xo.go:75.2,77.12 2 0
goxus/src/internal/pkg/db/goxus/settingsgroup.xo.go:81.57,89.17 4 0
goxus/src/internal/pkg/db/goxus/settingsgroup.xo.go:89.17,91.3 1 0
goxus/src/internal/pkg/db/goxus/settingsgroup.xo.go:94.2,94.17 1 0
goxus/src/internal/pkg/db/goxus/settingsgroup.xo.go:94.17,96.3 1 0
goxus/src/internal/pkg/db/goxus/settingsgroup.xo.go:100.2,113.12 4 0
goxus/src/internal/pkg/db/goxus/settingsgroup.xo.go:117.55,118.17 1 0
goxus/src/internal/pkg/db/goxus/settingsgroup.xo.go:118.17,120.3 1 0
[...]
goxus/src/internal/pkg/services/rbac/service.go:217.2,218.16 2 1
goxus/src/internal/pkg/services/rbac/service.go:218.16,220.3 1 1
goxus/src/internal/pkg/services/rbac/service.go:222.2,224.29 2 1
goxus/src/internal/pkg/services/rbac/service.go:224.29,226.3 1 1
goxus/src/internal/pkg/services/rbac/service.go:228.2,228.18 1 1
goxus/src/internal/pkg/services/rbac/service.go:232.68,234.16 2 1
goxus/src/internal/pkg/services/rbac/service.go:234.16,236.3 1 1
goxus/src/internal/pkg/services/rbac/service.go:238.2,239.29 2 1
goxus/src/internal/pkg/services/rbac/service.go:239.29,241.3 1 1
goxus/src/internal/pkg/services/rbac/service.go:243.2,244.16 2 1
goxus/src/internal/pkg/services/rbac/service.go:244.16,246.3 1 1
goxus/src/internal/pkg/services/rbac/service.go:247.2,247.12 1 1
goxus/src/internal/pkg/services/rbac/service.go:251.77,253.16 2 1
goxus/src/internal/pkg/services/rbac/service.go:253.16,255.3 1 1
goxus/src/internal/pkg/services/rbac/service.go:257.2,258.16 2 1
goxus/src/internal/pkg/services/rbac/service.go:258.16,260.3 1 1
goxus/src/internal/pkg/services/rbac/service.go:262.2,264.29 2 1
goxus/src/internal/pkg/services/rbac/service.go:264.29,266.3 1 1
goxus/src/internal/pkg/services/rbac/service.go:268.2,269.16 2 1
goxus/src/internal/pkg/services/rbac/service.go:269.16,271.3 1 1
goxus/src/internal/pkg/services/rbac/service.go:272.2,272.12 1 1
goxus/src/internal/pkg/services/rbac/service.go:276.57,278.16 2 1
goxus/src/internal/pkg/services/rbac/service.go:278.16,280.3 1 1
goxus/src/internal/pkg/services/rbac/service.go:281.2,281.17 1 1
goxus/src/internal/pkg/services/rbac/service.go:285.70,287.16 2 1
goxus/src/internal/pkg/services/rbac/service.go:287.16,289.3 1 1
goxus/src/internal/pkg/services/rbac/service.go:290.2,290.19 1 1
goxus/src/internal/pkg/services/rbac/service.go:290.19,292.3 1 1
goxus/src/internal/pkg/services/rbac/service.go:293.2,293.17 1 1
goxus/src/internal/pkg/services/rbac/service.go:297.85,300.16 2 1
goxus/src/internal/pkg/services/rbac/service.go:300.16,302.3 1 1
goxus/src/internal/pkg/services/rbac/service.go:304.2,305.16 2 1
goxus/src/internal/pkg/services/rbac/service.go:305.16,307.3 1 1
goxus/src/internal/pkg/services/rbac/service.go:308.2,308.19 1 1
goxus/src/internal/pkg/services/rbac/service.go:308.19,310.3 1 1
goxus/src/internal/pkg/services/rbac/service.go:311.2,311.17 1 1
goxus/src/internal/pkg/services/rbac/service.go:315.69,317.16 2 1
goxus/src/internal/pkg/services/rbac/service.go:317.16,319.3 1 1
goxus/src/internal/pkg/services/rbac/service.go:320.2,320.17 1 1
goxus/src/internal/pkg/services/rbac/service.go:324.50,326.16 2 1
goxus/src/internal/pkg/services/rbac/service.go:326.16,328.3 1 1
goxus/src/internal/pkg/services/rbac/service.go:331.2,332.16 2 1
goxus/src/internal/pkg/services/rbac/service.go:332.16,334.3 1 1
goxus/src/internal/pkg/services/rbac/service.go:336.2,336.24 1 1
goxus/src/internal/pkg/services/rbac/service.go:336.24,338.3 1 1
goxus/src/internal/pkg/services/rbac/service.go:341.2,342.16 2 1
goxus/src/internal/pkg/services/rbac/service.go:342.16,344.3 1 1
goxus/src/internal/pkg/services/rbac/service.go:346.2,346.31 1 1
goxus/src/internal/pkg/services/rbac/service.go:346.31,348.17 2 1
goxus/src/internal/pkg/services/rbac/service.go:348.17,350.4 1 1
goxus/src/internal/pkg/services/rbac/service.go:353.2,354.16 2 1
goxus/src/internal/pkg/services/rbac/service.go:354.16,356.3 1 1
goxus/src/internal/pkg/services/rbac/service.go:357.2,357.12 1 1
goxus/src/internal/pkg/services/rbac/service.go:361.56,363.16 2 1
goxus/src/internal/pkg/services/rbac/service.go:363.16,365.3 1 1
goxus/src/internal/pkg/services/rbac/service.go:368.2,369.16 2 1
goxus/src/internal/pkg/services/rbac/service.go:369.16,371.3 1 1
goxus/src/internal/pkg/services/rbac/service.go:373.2,373.24 1 1
goxus/src/internal/pkg/services/rbac/service.go:373.24,375.3 1 1
goxus/src/internal/pkg/services/rbac/service.go:377.2,378.16 2 1
goxus/src/internal/pkg/services/rbac/service.go:378.16,380.3 1 1
goxus/src/internal/pkg/services/rbac/service.go:381.2,381.12 1 1
goxus/src/internal/app/goxus/domain/user/authorized_service.go:23.65,28.2 1 1
goxus/src/internal/app/goxus/domain/user/authorized_service.go:31.108,33.9 2 1
goxus/src/internal/app/goxus/domain/user/authorized_service.go:33.9,35.3 1 1
goxus/src/internal/app/goxus/domain/user/authorized_service.go:37.2,38.16 2 1
goxus/src/internal/app/goxus/domain/user/authorized_service.go:38.16,40.3 1 0
goxus/src/internal/app/goxus/domain/user/authorized_service.go:41.2,41.9 1 1
goxus/src/internal/app/goxus/domain/user/authorized_service.go:41.9,43.3 1 1
goxus/src/internal/app/goxus/domain/user/authorized_service.go:45.2,45.51 1 1
goxus/src/internal/app/goxus/domain/user/authorized_service.go:49.112,51.9 2 1
goxus/src/internal/app/goxus/domain/user/authorized_service.go:51.9,53.3 1 1
goxus/src/internal/app/goxus/domain/user/authorized_service.go:55.2,56.16 2 1
goxus/src/internal/app/goxus/domain/user/authorized_service.go:56.16,58.3 1 0
goxus/src/internal/app/goxus/domain/user/authorized_service.go:59.2,59.9 1 1
goxus/src/internal/app/goxus/domain/user/authorized_service.go:59.9,61.3 1 1
goxus/src/internal/app/goxus/domain/user/authorized_service.go:63.2,63.41 1 1
goxus/src/internal/app/goxus/domain/user/authorized_service.go:68.89,70.9 2 1
goxus/src/internal/app/goxus/domain/user/authorized_service.go:70.9,72.3 1 1
goxus/src/internal/app/goxus/domain/user/authorized_service.go:74.2,74.19 1 1
goxus/src/internal/app/goxus/domain/user/authorized_service.go:74.19,76.17 2 1
goxus/src/internal/app/goxus/domain/user/authorized_service.go:76.17,78.4 1 0
goxus/src/internal/app/goxus/domain/user/authorized_service.go:79.3,79.10 1 1
goxus/src/internal/app/goxus/domain/user/authorized_service.go:79.10,81.4 1 1
goxus/src/internal/app/goxus/domain/user/authorized_service.go:84.2,84.33 1 1
goxus/src/internal/app/goxus/domain/user/authorized_service.go:88.108,90.9 2 1
goxus/src/internal/app/goxus/domain/user/authorized_service.go:90.9,92.3 1 1
goxus/src/internal/app/goxus/domain/user/authorized_service.go:94.2,95.16 2 1
goxus/src/internal/app/goxus/domain/user/authorized_service.go:95.16,97.3 1 0
goxus/src/internal/app/goxus/domain/user/authorized_service.go:98.2,98.9 1 1
goxus/src/internal/app/goxus/domain/user/authorized_service.go:98.9,100.3 1 1
goxus/src/internal/app/goxus/domain/user/authorized_service.go:102.2,102.45 1 1
goxus/src/internal/app/goxus/domain/user/authorized_service.go:106.98,108.9 2 1
goxus/src/internal/app/goxus/domain/user/authorized_service.go:108.9,110.3 1 1
goxus/src/internal/app/goxus/domain/user/authorized_service.go:112.2,113.16 2 1
goxus/src/internal/app/goxus/domain/user/authorized_service.go:113.16,115.3 1 0
goxus/src/internal/app/goxus/domain/user/authorized_service.go:116.2,116.9 1 1
goxus/src/internal/app/goxus/domain/user/authorized_service.go:116.9,118.3 1 1
goxus/src/internal/app/goxus/domain/user/authorized_service.go:120.2,120.50 1 1
goxus/src/internal/app/goxus/domain/user/authorized_service.go:125.73,127.9 2 1
goxus/src/internal/app/goxus/domain/user/authorized_service.go:127.9,129.3 1 1
goxus/src/internal/app/goxus/domain/user/authorized_service.go:132.2,132.19 1 1
goxus/src/internal/app/goxus/domain/user/authorized_service.go:132.19,134.3 1 1
goxus/src/internal/app/goxus/domain/user/authorized_service.go:136.2,137.16 2 1
goxus/src/internal/app/goxus/domain/user/authorized_service.go:137.16,139.3 1 0
goxus/src/internal/app/goxus/domain/user/authorized_service.go:140.2,140.9 1 1
goxus/src/internal/app/goxus/domain/user/authorized_service.go:140.9,142.3 1 1
goxus/src/internal/app/goxus/domain/user/authorized_service.go:144.2,144.32 1 1
goxus/src/internal/app/goxus/domain/user/authorized_service.go:148.89,150.9 2 1
goxus/src/internal/app/goxus/domain/user/authorized_service.go:150.9,152.3 1 1
goxus/src/internal/app/goxus/domain/user/authorized_service.go:154.2,155.16 2 1
goxus/src/internal/app/goxus/domain/user/authorized_service.go:155.16,157.3 1 0
goxus/src/internal/app/goxus/domain/user/authorized_service.go:158.2,158.9 1 1
goxus/src/internal/app/goxus/domain/user/authorized_service.go:158.9,160.3 1 1
goxus/src/internal/app/goxus/domain/user/authorized_service.go:162.2,162.33 1 1
goxus/src/internal/app/goxus/domain/user/authorized_service.go:166.120,168.2 1 1
goxus/src/internal/app/goxus/domain/user/authorized_service.go:171.77,173.2 1 1
goxus/src/internal/app/goxus/domain/user/authorized_service.go:176.118,178.2 1 1
goxus/src/internal/app/goxus/domain/user/authorized_service.go:181.100,183.9 2 1
goxus/src/internal/app/goxus/domain/user/authorized_service.go:183.9,185.3 1 1
goxus/src/internal/app/goxus/domain/user/authorized_service.go:187.2,188.16 2 1
goxus/src/internal/app/goxus/domain/user/authorized_service.go:188.16,190.3 1 0
goxus/src/internal/app/goxus/domain/user/authorized_service.go:191.2,191.9 1 1
goxus/src/internal/app/goxus/domain/user/authorized_service.go:191.9,193.3 1 1
goxus/src/internal/app/goxus/domain/user/authorized_service.go:195.2,195.38 1 1
goxus/src/internal/app/goxus/domain/user/authorized_service.go:199.98,201.9 2 1
goxus/src/internal/app/goxus/domain/user/authorized_service.go:201.9,203.3 1 1
goxus/src/internal/app/goxus/domain/user/authorized_service.go:205.2,206.16 2 1
goxus/src/internal/app/goxus/domain/user/authorized_service.go:206.16,208.3 1 0
goxus/src/internal/app/goxus/domain/user/authorized_service.go:209.2,209.9 1 1
goxus/src/internal/app/goxus/domain/user/authorized_service.go:209.9,211.3 1 1
goxus/src/internal/app/goxus/domain/user/authorized_service.go:213.2,213.50 1 1
goxus/src/internal/app/goxus/domain/user/authorized_service.go:217.98,219.9 2 1
goxus/src/internal/app/goxus/domain/user/authorized_service.go:219.9,221.3 1 1
goxus/src/internal/app/goxus/domain/user/authorized_service.go:223.2,224.16 2 1
goxus/src/internal/app/goxus/domain/user/authorized_service.go:224.16,226.3 1 0
goxus/src/internal/app/goxus/domain/user/authorized_service.go:227.2,227.9 1 1
goxus/src/internal/app/goxus/domain/user/authorized_service.go:227.9,229.3 1 1
goxus/src/internal/app/goxus/domain/user/authorized_service.go:231.2,231.50 1 1
goxus/src/internal/app/goxus/domain/user/authorized_service.go:235.89,237.2 1 1
goxus/src/internal/app/goxus/domain/user/authorized_service.go:241.98,243.2 1 0
goxus/src/internal/app/goxus/domain/user/authorized_service.go:246.96,248.9 2 0
goxus/src/internal/app/goxus/domain/user/authorized_service.go:248.9,250.3 1 0
goxus/src/internal/app/goxus/domain/user/authorized_service.go:252.2,253.16 2 0
goxus/src/internal/app/goxus/domain/user/authorized_service.go:253.16,255.3 1 0
goxus/src/internal/app/goxus/domain/user/authorized_service.go:256.2,256.9 1 0
goxus/src/internal/app/goxus/domain/user/authorized_service.go:256.9,258.3 1 0
goxus/src/internal/app/goxus/domain/user/authorized_service.go:260.2,260.48 1 0
goxus/src/internal/app/goxus/domain/user/authorized_service.go:264.83,266.9 2 0
goxus/src/internal/app/goxus/domain/user/authorized_service.go:266.9,268.3 1 0
goxus/src/internal/app/goxus/domain/user/authorized_service.go:270.2,271.16 2 0
goxus/src/internal/app/goxus/domain/user/authorized_service.go:271.16,273.3 1 0
goxus/src/internal/app/goxus/domain/user/authorized_service.go:274.2,274.9 1 0
goxus/src/internal/app/goxus/domain/user/authorized_service.go:274.9,276.3 1 0
goxus/src/internal/app/goxus/domain/user/authorized_service.go:278.2,278.42 1 0
goxus/src/internal/app/goxus/domain/user/avatar.go:36.42,38.2 1 0
goxus/src/internal/app/goxus/domain/user/avatar.go:41.57,43.2 1 0
goxus/src/internal/app/goxus/domain/user/avatar.go:46.50,48.2 1 0
goxus/src/internal/app/goxus/domain/user/avatar.go:51.49,53.16 2 0
goxus/src/internal/app/goxus/domain/user/avatar.go:53.16,55.3 1 0
goxus/src/internal/app/goxus/domain/user/avatar.go:57.2,57.60 1 0
goxus/src/internal/app/goxus/domain/user/avatar.go:57.60,59.3 1 0
goxus/src/internal/app/goxus/domain/user/avatar.go:61.2,61.12 1 0
goxus/src/internal/app/goxus/domain/user/avatar.go:67.83,71.16 3 0
goxus/src/internal/app/goxus/domain/user/avatar.go:71.16,73.3 1 0
goxus/src/internal/app/goxus/domain/user/avatar.go:75.2,75.37 1 0
goxus/src/internal/app/goxus/domain/user/avatar.go:75.37,77.3 1 0
goxus/src/internal/app/goxus/domain/user/avatar.go:80.2,82.16 3 0
goxus/src/internal/app/goxus/domain/user/avatar.go:82.16,84.3 1 0
goxus/src/internal/app/goxus/domain/user/avatar.go:86.2,86.37 1 0
goxus/src/internal/app/goxus/domain/user/avatar.go:86.37,88.3 1 0
goxus/src/internal/app/goxus/domain/user/avatar.go:91.2,91.69 1 0
goxus/src/internal/app/goxus/domain/user/avatar.go:91.69,93.3 1 0
goxus/src/internal/app/goxus/domain/user/avatar.go:94.2,94.80 1 0
goxus/src/internal/app/goxus/domain/user/avatar.go:94.80,96.3 1 0
goxus/src/internal/app/goxus/domain/user/avatar.go:98.2,98.54 1 0
goxus/src/internal/app/goxus/domain/user/avatar.go:103.81,104.20 1 0
goxus/src/internal/app/goxus/domain/user/avatar.go:104.20,106.3 1 0
goxus/src/internal/app/goxus/domain/user/avatar.go:109.2,110.16 2 0
goxus/src/internal/app/goxus/domain/user/avatar.go:110.16,112.3 1 0
goxus/src/internal/app/goxus/domain/user/avatar.go:115.2,116.16 2 0
goxus/src/internal/app/goxus/domain/user/avatar.go:116.16,118.3 1 0
goxus/src/internal/app/goxus/domain/user/avatar.go:121.2,123.16 3 0
goxus/src/internal/app/goxus/domain/user/avatar.go:123.16,125.3 1 0
goxus/src/internal/app/goxus/domain/user/avatar.go:127.2,127.12 1 0
goxus/src/internal/app/goxus/domain/user/avatar.go:132.68,136.16 3 0
goxus/src/internal/app/goxus/domain/user/avatar.go:136.16,137.37 1 0
goxus/src/internal/app/goxus/domain/user/avatar.go:137.37,140.4 1 0
goxus/src/internal/app/goxus/domain/user/avatar.go:141.3,141.76 1 0
goxus/src/internal/app/goxus/domain/user/avatar.go:144.2,144.12 1 0
goxus/src/internal/app/goxus/domain/user/impl.go:43.90,49.2 1 1
goxus/src/internal/app/goxus/domain/user/impl.go:52.93,55.35 2 1
goxus/src/internal/app/goxus/domain/user/impl.go:55.35,57.3 1 1
goxus/src/internal/app/goxus/domain/user/impl.go:59.2,69.16 4 1
goxus/src/internal/app/goxus/domain/user/impl.go:69.16,71.3 1 0
goxus/src/internal/app/goxus/domain/user/impl.go:73.2,73.18 1 1
goxus/src/internal/app/goxus/domain/user/impl.go:78.99,79.16 1 1
goxus/src/internal/app/goxus/domain/user/impl.go:79.16,81.3 1 1
goxus/src/internal/app/goxus/domain/user/impl.go:82.2,82.16 1 1
goxus/src/internal/app/goxus/domain/user/impl.go:82.16,84.3 1 1
goxus/src/internal/app/goxus/domain/user/impl.go:86.2,87.16 2 1
goxus/src/internal/app/goxus/domain/user/impl.go:87.16,89.3 1 0
goxus/src/internal/app/goxus/domain/user/impl.go:91.2,92.16 2 1
goxus/src/internal/app/goxus/domain/user/impl.go:92.16,94.3 1 0
goxus/src/internal/app/goxus/domain/user/impl.go:96.2,96.26 1 1
goxus/src/internal/app/goxus/domain/user/impl.go:100.74,102.16 2 1
goxus/src/internal/app/goxus/domain/user/impl.go:102.16,104.3 1 1
goxus/src/internal/app/goxus/domain/user/impl.go:105.2,105.18 1 1
goxus/src/internal/app/goxus/domain/user/impl.go:109.93,111.16 2 1
goxus/src/internal/app/goxus/domain/user/impl.go:111.16,113.3 1 1
goxus/src/internal/app/goxus/domain/user/impl.go:116.2,116.25 1 1
goxus/src/internal/app/goxus/domain/user/impl.go:116.25,118.36 2 1
goxus/src/internal/app/goxus/domain/user/impl.go:118.36,120.4 1 1
goxus/src/internal/app/goxus/domain/user/impl.go:123.2,128.16 5 1
goxus/src/internal/app/goxus/domain/user/impl.go:128.16,130.3 1 0
goxus/src/internal/app/goxus/domain/user/impl.go:132.2,132.18 1 1
goxus/src/internal/app/goxus/domain/user/impl.go:136.83,138.16 2 1
goxus/src/internal/app/goxus/domain/user/impl.go:138.16,140.3 1 1
goxus/src/internal/app/goxus/domain/user/impl.go:142.2,146.16 4 1
goxus/src/internal/app/goxus/domain/user/impl.go:146.16,148.3 1 0
goxus/src/internal/app/goxus/domain/user/impl.go:150.2,150.12 1 1
goxus/src/internal/app/goxus/domain/user/impl.go:154.58,156.16 2 1
goxus/src/internal/app/goxus/domain/user/impl.go:156.16,158.3 1 1
goxus/src/internal/app/goxus/domain/user/impl.go:160.2,160.26 1 1
goxus/src/internal/app/goxus/domain/user/impl.go:160.26,162.3 1 1
goxus/src/internal/app/goxus/domain/user/impl.go:164.2,169.16 5 1
goxus/src/internal/app/goxus/domain/user/impl.go:169.16,171.3 1 0
goxus/src/internal/app/goxus/domain/user/impl.go:173.2,173.12 1 1
goxus/src/internal/app/goxus/domain/user/impl.go:177.74,179.16 2 1
goxus/src/internal/app/goxus/domain/user/impl.go:179.16,181.3 1 1
goxus/src/internal/app/goxus/domain/user/impl.go:183.2,183.27 1 1
goxus/src/internal/app/goxus/domain/user/impl.go:183.27,185.3 1 1
goxus/src/internal/app/goxus/domain/user/impl.go:187.2,192.16 5 1
goxus/src/internal/app/goxus/domain/user/impl.go:192.16,194.3 1 0
goxus/src/internal/app/goxus/domain/user/impl.go:196.2,196.18 1 1
goxus/src/internal/app/goxus/domain/user/impl.go:200.85,203.16 2 1
goxus/src/internal/app/goxus/domain/user/impl.go:203.16,205.3 1 1
goxus/src/internal/app/goxus/domain/user/impl.go:207.2,208.16 2 1
goxus/src/internal/app/goxus/domain/user/impl.go:208.16,210.3 1 0
goxus/src/internal/app/goxus/domain/user/impl.go:212.2,212.19 1 1
goxus/src/internal/app/goxus/domain/user/impl.go:216.83,219.16 2 1
goxus/src/internal/app/goxus/domain/user/impl.go:219.16,221.3 1 1
goxus/src/internal/app/goxus/domain/user/impl.go:223.2,223.53 1 1
goxus/src/internal/app/goxus/domain/user/impl.go:227.83,230.16 2 1
goxus/src/internal/app/goxus/domain/user/impl.go:230.16,232.3 1 1
goxus/src/internal/app/goxus/domain/user/impl.go:234.2,234.51 1 1
goxus/src/internal/app/goxus/domain/user/impl.go:238.74,240.2 1 1
goxus/src/internal/app/goxus/domain/user/impl.go:243.29,245.2 1 1
goxus/src/internal/app/goxus/domain/user/impl.go:248.105,251.16 2 1
goxus/src/internal/app/goxus/domain/user/impl.go:251.16,252.36 1 1
goxus/src/internal/app/goxus/domain/user/impl.go:252.36,254.4 1 1
goxus/src/internal/app/goxus/domain/user/impl.go:255.3,255.31 1 0
goxus/src/internal/app/goxus/domain/user/impl.go:259.2,259.31 1 1
goxus/src/internal/app/goxus/domain/user/impl.go:259.31,261.3 1 1
goxus/src/internal/app/goxus/domain/user/impl.go:264.2,273.16 4 1
goxus/src/internal/app/goxus/domain/user/impl.go:273.16,275.3 1 0
goxus/src/internal/app/goxus/domain/user/impl.go:277.2,277.25 1 1
goxus/src/internal/app/goxus/domain/user/impl.go:283.103,285.16 2 1
goxus/src/internal/app/goxus/domain/user/impl.go:285.16,286.36 1 1
goxus/src/internal/app/goxus/domain/user/impl.go:286.36,288.4 1 1
goxus/src/internal/app/goxus/domain/user/impl.go:289.3,289.31 1 0
goxus/src/internal/app/goxus/domain/user/impl.go:292.2,292.24 1 1
goxus/src/internal/app/goxus/domain/user/impl.go:292.24,294.3 1 1
goxus/src/internal/app/goxus/domain/user/impl.go:296.2,297.16 2 1
goxus/src/internal/app/goxus/domain/user/impl.go:297.16,298.36 1 0
goxus/src/internal/app/goxus/domain/user/impl.go:298.36,300.4 1 0
goxus/src/internal/app/goxus/domain/user/impl.go:301.3,301.31 1 0
goxus/src/internal/app/goxus/domain/user/impl.go:304.2,304.26 1 1
goxus/src/internal/app/goxus/domain/user/impl.go:304.26,306.3 1 1
goxus/src/internal/app/goxus/domain/user/impl.go:309.2,311.16 3 1
goxus/src/internal/app/goxus/domain/user/impl.go:311.16,313.3 1 0
goxus/src/internal/app/goxus/domain/user/impl.go:315.2,315.22 1 1
goxus/src/internal/app/goxus/domain/user/impl.go:319.62,321.16 2 1
goxus/src/internal/app/goxus/domain/user/impl.go:321.16,322.36 1 1
goxus/src/internal/app/goxus/domain/user/impl.go:322.36,324.4 1 1
goxus/src/internal/app/goxus/domain/user/impl.go:325.3,325.21 1 0
goxus/src/internal/app/goxus/domain/user/impl.go:329.2,334.16 5 1
goxus/src/internal/app/goxus/domain/user/impl.go:334.16,336.3 1 0
goxus/src/internal/app/goxus/domain/user/impl.go:338.2,338.12 1 1
goxus/src/internal/app/goxus/domain/user/provider.go:21.128,22.20 1 0
goxus/src/internal/app/goxus/domain/user/provider.go:22.20,24.3 1 0
goxus/src/internal/app/goxus/domain/user/provider.go:26.2,35.26 5 0
goxus/src/internal/app/goxus/domain/user/service.go:21.70,23.2 1 1
goxus/src/internal/app/goxus/domain/user/service.go:27.60,30.2 2 1
