mode: set
goxus/src/internal/app/goxus/config/config-app.go:35.44,39.16 3 0
goxus/src/internal/app/goxus/config/config-app.go:39.16,41.3 1 0
goxus/src/internal/app/goxus/config/config-app.go:43.2,43.17 1 0
goxus/src/internal/app/goxus/config/config-app.go:46.46,50.16 3 1
goxus/src/internal/app/goxus/config/config-app.go:50.16,52.3 1 0
goxus/src/internal/app/goxus/config/config-app.go:54.2,55.16 2 1
goxus/src/internal/app/goxus/config/config-app.go:55.16,57.3 1 0
goxus/src/internal/app/goxus/config/config-app.go:59.2,59.12 1 1
goxus/src/internal/app/goxus/config/config-app.go:62.46,66.16 3 1
goxus/src/internal/app/goxus/config/config-app.go:66.16,68.3 1 0
goxus/src/internal/app/goxus/config/config-app.go:70.2,71.16 2 1
goxus/src/internal/app/goxus/config/config-app.go:71.16,73.3 1 0
goxus/src/internal/app/goxus/config/config-app.go:75.2,75.12 1 1
goxus/src/internal/app/goxus/config/config-app.go:78.32,80.2 1 0
goxus/src/internal/app/goxus/config/provider.go:20.71,21.20 1 0
goxus/src/internal/app/goxus/config/provider.go:21.20,23.3 1 0
goxus/src/internal/app/goxus/config/provider.go:25.2,26.16 2 0
goxus/src/internal/app/goxus/config/provider.go:26.16,28.3 1 0
goxus/src/internal/app/goxus/config/provider.go:30.2,30.26 1 0
goxus/src/internal/app/goxus/config/provider.go:34.64,36.2 1 0
goxus/src/internal/app/goxus/cli/cli.go:25.29,29.16 3 0
goxus/src/internal/app/goxus/cli/cli.go:29.16,31.3 1 0
goxus/src/internal/app/goxus/cli/cli.go:33.2,33.17 1 0
goxus/src/internal/app/goxus/cli/provider.go:16.44,17.20 1 0
goxus/src/internal/app/goxus/cli/provider.go:17.20,19.3 1 0
goxus/src/internal/app/goxus/cli/provider.go:21.2,22.16 2 0
goxus/src/internal/app/goxus/cli/provider.go:22.16,24.3 1 0
goxus/src/internal/app/goxus/cli/provider.go:26.2,26.26 1 0
goxus/src/internal/app/goxus/cron-job/jobs/token-cleanup/job.go:21.96,22.16 1 0
goxus/src/internal/app/goxus/cron-job/jobs/token-cleanup/job.go:22.16,26.3 1 0
goxus/src/internal/app/goxus/cron-job/jobs/token-cleanup/job.go:28.2,33.8 2 0
goxus/src/internal/app/goxus/cron-job/jobs/token-cleanup/job.go:37.21,39.16 2 0
goxus/src/internal/app/goxus/cron-job/jobs/token-cleanup/job.go:39.16,42.3 2 0
goxus/src/internal/app/goxus/cron-job/jobs/token-cleanup/job.go:44.2,44.53 1 0
goxus/src/internal/app/goxus/cron-job/jobs/token-cleanup/provider.go:19.109,20.20 1 0
goxus/src/internal/app/goxus/cron-job/jobs/token-cleanup/provider.go:20.20,22.3 1 0
goxus/src/internal/app/goxus/cron-job/jobs/token-cleanup/provider.go:24.2,27.16 3 0
goxus/src/internal/app/goxus/cron-job/jobs/token-cleanup/provider.go:27.16,29.3 1 0
goxus/src/internal/app/goxus/cron-job/jobs/token-cleanup/provider.go:31.2,31.26 1 0
goxus/src/internal/app/goxus/api/server/router/handlers/handlers.go:16.73,20.2 3 0
goxus/src/internal/app/goxus/api/server/router/handlers/handlers.go:23.54,28.2 1 0
goxus/src/internal/app/goxus/api/server/router/v1/middlewares/middlewares.auth.go:20.66,21.30 1 0
goxus/src/internal/app/goxus/api/server/router/v1/middlewares/middlewares.auth.go:21.30,26.26 4 0
goxus/src/internal/app/goxus/api/server/router/v1/middlewares/middlewares.auth.go:26.26,29.4 2 0
goxus/src/internal/app/goxus/api/server/router/v1/middlewares/middlewares.auth.go:31.3,32.17 2 0
goxus/src/internal/app/goxus/api/server/router/v1/middlewares/middlewares.auth.go:32.17,33.51 1 0
goxus/src/internal/app/goxus/api/server/router/v1/middlewares/middlewares.auth.go:33.51,36.5 2 0
goxus/src/internal/app/goxus/api/server/router/v1/middlewares/middlewares.auth.go:38.4,38.50 1 0
goxus/src/internal/app/goxus/api/server/router/v1/middlewares/middlewares.auth.go:38.50,41.5 2 0
goxus/src/internal/app/goxus/api/server/router/v1/middlewares/middlewares.auth.go:43.4,44.10 2 0
goxus/src/internal/app/goxus/api/server/router/v1/middlewares/middlewares.auth.go:47.3,50.11 3 0
goxus/src/internal/app/goxus/api/server/router/v1/middlewares/middlewares.go:16.97,22.2 4 0
goxus/src/internal/app/goxus/api/server/router/v1/middlewares/middlewares.ratelimit.go:13.71,14.30 1 0
goxus/src/internal/app/goxus/api/server/router/v1/middlewares/middlewares.ratelimit.go:14.30,18.34 2 0
goxus/src/internal/app/goxus/api/server/router/v1/middlewares/middlewares.ratelimit.go:18.34,26.4 4 0
goxus/src/internal/app/goxus/api/server/router/v1/middlewares/middlewares.ratelimit.go:28.3,28.11 1 0
goxus/src/internal/app/goxus/cron-job/jobs/example/job.go:18.90,19.16 1 0
goxus/src/internal/app/goxus/cron-job/jobs/example/job.go:19.16,23.3 1 0
goxus/src/internal/app/goxus/cron-job/jobs/example/job.go:25.2,27.8 1 0
goxus/src/internal/app/goxus/cron-job/jobs/example/job.go:31.21,34.2 1 0
goxus/src/internal/app/goxus/cron-job/jobs/example/provider.go:21.104,22.20 1 0
goxus/src/internal/app/goxus/cron-job/jobs/example/provider.go:22.20,24.3 1 0
goxus/src/internal/app/goxus/cron-job/jobs/example/provider.go:26.2,29.16 3 0
goxus/src/internal/app/goxus/cron-job/jobs/example/provider.go:29.16,31.3 1 0
goxus/src/internal/app/goxus/cron-job/jobs/example/provider.go:33.2,33.26 1 0
goxus/src/internal/app/goxus/api/server/provider.go:21.147,22.20 1 0
goxus/src/internal/app/goxus/api/server/provider.go:22.20,24.3 1 0
goxus/src/internal/app/goxus/api/server/provider.go:26.2,27.16 2 0
goxus/src/internal/app/goxus/api/server/provider.go:27.16,29.3 1 0
goxus/src/internal/app/goxus/api/server/provider.go:31.2,31.26 1 0
goxus/src/internal/app/goxus/api/server/server.go:28.157,39.2 4 0
goxus/src/internal/app/goxus/api/server/server.go:42.36,43.12 1 0
goxus/src/internal/app/goxus/api/server/server.go:43.12,45.58 2 0
goxus/src/internal/app/goxus/api/server/server.go:45.58,47.4 1 0
goxus/src/internal/app/goxus/api/server/server.go:50.2,52.12 2 0
goxus/src/internal/app/goxus/api/server/server.graceful.shutdown.go:13.48,18.2 4 0
goxus/src/internal/app/goxus/api/server/server.graceful.shutdown.go:21.42,26.16 4 0
goxus/src/internal/app/goxus/api/server/server.graceful.shutdown.go:26.16,28.3 1 0
goxus/src/internal/app/goxus/api/server/server.graceful.shutdown.go:30.2,30.9 1 0
goxus/src/internal/app/goxus/api/server/server.graceful.shutdown.go:31.20,32.39 1 0
goxus/src/internal/app/goxus/api/server/server.graceful.shutdown.go:35.2,35.31 1 0
goxus/src/internal/app/goxus/api/server/server.graceful.shutdown.go:39.43,42.2 2 0
goxus/src/internal/app/goxus/cron-job/jobs/token-cleanup/config/config-token-cleanup.go:10.44,11.20 1 0
goxus/src/internal/app/goxus/cron-job/jobs/token-cleanup/config/config-token-cleanup.go:11.20,13.3 1 0
goxus/src/internal/app/goxus/api/server/router/middlewares/middlewares.api-logger.go:11.66,12.30 1 0
goxus/src/internal/app/goxus/api/server/router/middlewares/middlewares.api-logger.go:12.30,20.3 5 0
goxus/src/internal/app/goxus/api/server/router/middlewares/middlewares.cors.go:6.61,7.30 1 0
goxus/src/internal/app/goxus/api/server/router/middlewares/middlewares.cors.go:7.30,12.36 4 0
goxus/src/internal/app/goxus/api/server/router/middlewares/middlewares.cors.go:12.36,15.4 2 0
goxus/src/internal/app/goxus/api/server/router/middlewares/middlewares.cors.go:17.3,17.11 1 0
goxus/src/internal/app/goxus/api/server/router/middlewares/middlewares.go:13.75,17.2 3 0
goxus/src/internal/app/goxus/api/server/router/v1/router.v1.go:14.91,16.2 2 0
goxus/src/internal/app/goxus/api/server/router/v1/router.v1.go:16.2,30.3 8 0
goxus/src/internal/app/goxus/api/server/router/v1/router.v1.go:30.3,32.4 1 0
goxus/src/internal/app/goxus/api/server/router/v1/router.v1.go:35.3,37.3 3 0
goxus/src/internal/app/goxus/api/server/router/v1/router.v1.go:37.3,39.4 1 0
goxus/src/internal/app/goxus/api/server/router/v1/router.v1.go:42.3,44.3 3 0
goxus/src/internal/app/goxus/api/server/router/v1/router.v1.go:44.3,46.4 2 0
goxus/src/internal/app/goxus/api/server/router/v1/router.v1.go:46.4,60.5 9 0
goxus/src/internal/app/goxus/cron-job/jobs/provider.go:28.31,33.33 3 0
goxus/src/internal/app/goxus/cron-job/jobs/provider.go:33.33,35.17 2 0
goxus/src/internal/app/goxus/cron-job/jobs/provider.go:35.17,37.4 1 0
goxus/src/internal/app/goxus/cron-job/jobs/provider.go:38.3,38.92 1 0
goxus/src/internal/app/goxus/cron-job/jobs/provider.go:41.2,41.38 1 0
goxus/src/internal/app/goxus/cron-job/jobs/provider.go:41.38,43.17 2 0
goxus/src/internal/app/goxus/cron-job/jobs/provider.go:43.17,45.4 1 0
goxus/src/internal/app/goxus/cron-job/jobs/provider.go:46.3,46.103 1 0
goxus/src/internal/app/goxus/cron-job/jobs/provider.go:49.2,49.20 1 0
goxus/src/internal/app/goxus/cron-job/jobs/provider.go:49.20,52.3 2 0
goxus/src/internal/app/goxus/cron-job/jobs/provider.go:54.2,54.24 1 0
goxus/src/internal/app/goxus/domain/domain-app.go:55.134,62.2 1 0
goxus/src/internal/app/goxus/domain/domain-app.go:64.33,67.2 1 0
goxus/src/internal/app/goxus/domain/domain-app.go:69.51,71.2 1 0
goxus/src/internal/app/goxus/domain/domain-app.go:75.104,77.2 1 0
goxus/src/internal/app/goxus/domain/domain-app.go:79.75,81.2 1 0
goxus/src/internal/app/goxus/domain/domain-app.go:83.81,85.2 1 0
goxus/src/internal/app/goxus/domain/domain-app.go:87.104,89.2 1 0
goxus/src/internal/app/goxus/domain/domain-app.go:91.69,93.2 1 0
goxus/src/internal/app/goxus/domain/domain-app.go:95.85,97.2 1 0
goxus/src/internal/app/goxus/domain/domain-app.go:99.112,101.2 1 0
goxus/src/internal/app/goxus/domain/domain-app.go:103.69,105.2 1 0
goxus/src/internal/app/goxus/domain/domain-app.go:107.110,109.2 1 0
goxus/src/internal/app/goxus/domain/domain-app.go:111.96,113.2 1 0
goxus/src/internal/app/goxus/domain/domain-app.go:115.94,117.2 1 0
goxus/src/internal/app/goxus/domain/domain-app.go:119.94,121.2 1 0
goxus/src/internal/app/goxus/domain/domain-app.go:123.81,125.2 1 0
goxus/src/internal/app/goxus/domain/provider.go:20.161,21.20 1 0
goxus/src/internal/app/goxus/domain/provider.go:21.20,23.3 1 0
goxus/src/internal/app/goxus/domain/provider.go:25.2,27.26 2 0
goxus/src/internal/app/goxus/api/server/router/v1/handlers/handlers.auth.go:33.52,36.16 3 0
goxus/src/internal/app/goxus/api/server/router/v1/handlers/handlers.auth.go:36.16,39.3 2 0
goxus/src/internal/app/goxus/api/server/router/v1/handlers/handlers.auth.go:41.2,42.16 2 0
goxus/src/internal/app/goxus/api/server/router/v1/handlers/handlers.auth.go:42.16,43.49 1 0
goxus/src/internal/app/goxus/api/server/router/v1/handlers/handlers.auth.go:43.49,46.4 2 0
goxus/src/internal/app/goxus/api/server/router/v1/handlers/handlers.auth.go:47.3,47.49 1 0
goxus/src/internal/app/goxus/api/server/router/v1/handlers/handlers.auth.go:47.49,50.4 2 0
goxus/src/internal/app/goxus/api/server/router/v1/handlers/handlers.auth.go:51.3,52.9 2 0
goxus/src/internal/app/goxus/api/server/router/v1/handlers/handlers.auth.go:55.2,64.4 1 0
goxus/src/internal/app/goxus/api/server/router/v1/handlers/handlers.auth.go:69.53,71.13 2 0
goxus/src/internal/app/goxus/api/server/router/v1/handlers/handlers.auth.go:71.13,74.3 2 0
goxus/src/internal/app/goxus/api/server/router/v1/handlers/handlers.auth.go:76.2,77.9 2 0
goxus/src/internal/app/goxus/api/server/router/v1/handlers/handlers.auth.go:77.9,80.3 2 0
goxus/src/internal/app/goxus/api/server/router/v1/handlers/handlers.auth.go:82.2,83.16 2 0
goxus/src/internal/app/goxus/api/server/router/v1/handlers/handlers.auth.go:83.16,84.50 1 0
goxus/src/internal/app/goxus/api/server/router/v1/handlers/handlers.auth.go:84.50,87.4 2 0
goxus/src/internal/app/goxus/api/server/router/v1/handlers/handlers.auth.go:88.3,89.9 2 0
goxus/src/internal/app/goxus/api/server/router/v1/handlers/handlers.auth.go:92.2,95.4 1 0
goxus/src/internal/app/goxus/api/server/router/v1/handlers/handlers.go:19.63,23.2 1 0
goxus/src/internal/app/goxus/api/server/router/v1/handlers/handlers.go:26.47,31.2 1 0
goxus/src/internal/app/goxus/api/server/router/v1/handlers/handlers.go:34.46,40.2 1 0
goxus/src/internal/app/goxus/api/server/router/v1/handlers/handlers.user.go:48.49,56.29 2 0
goxus/src/internal/app/goxus/api/server/router/v1/handlers/handlers.user.go:56.29,58.3 1 0
goxus/src/internal/app/goxus/api/server/router/v1/handlers/handlers.user.go:59.2,59.13 1 0
goxus/src/internal/app/goxus/api/server/router/v1/handlers/handlers.user.go:63.58,65.13 2 0
goxus/src/internal/app/goxus/api/server/router/v1/handlers/handlers.user.go:65.13,67.3 1 0
goxus/src/internal/app/goxus/api/server/router/v1/handlers/handlers.user.go:68.2,69.9 2 0
goxus/src/internal/app/goxus/api/server/router/v1/handlers/handlers.user.go:69.9,71.3 1 0
goxus/src/internal/app/goxus/api/server/router/v1/handlers/handlers.user.go:72.2,72.68 1 0
goxus/src/internal/app/goxus/api/server/router/v1/handlers/handlers.user.go:78.50,80.9 2 0
goxus/src/internal/app/goxus/api/server/router/v1/handlers/handlers.user.go:80.9,83.3 2 0
goxus/src/internal/app/goxus/api/server/router/v1/handlers/handlers.user.go:85.2,87.16 3 0
goxus/src/internal/app/goxus/api/server/router/v1/handlers/handlers.user.go:87.16,90.3 2 0
goxus/src/internal/app/goxus/api/server/router/v1/handlers/handlers.user.go:92.2,93.16 2 0
goxus/src/internal/app/goxus/api/server/router/v1/handlers/handlers.user.go:93.16,96.3 2 0
goxus/src/internal/app/goxus/api/server/router/v1/handlers/handlers.user.go:98.2,101.4 1 0
goxus/src/internal/app/goxus/api/server/router/v1/handlers/handlers.user.go:105.49,107.9 2 0
goxus/src/internal/app/goxus/api/server/router/v1/handlers/handlers.user.go:107.9,110.3 2 0
goxus/src/internal/app/goxus/api/server/router/v1/handlers/handlers.user.go:112.2,113.16 2 0
goxus/src/internal/app/goxus/api/server/router/v1/handlers/handlers.user.go:113.16,116.3 2 0
goxus/src/internal/app/goxus/api/server/router/v1/handlers/handlers.user.go:118.2,119.26 2 0
goxus/src/internal/app/goxus/api/server/router/v1/handlers/handlers.user.go:119.26,121.3 1 0
goxus/src/internal/app/goxus/api/server/router/v1/handlers/handlers.user.go:123.2,126.4 1 0
goxus/src/internal/app/goxus/api/server/router/v1/handlers/handlers.user.go:130.47,132.9 2 0
goxus/src/internal/app/goxus/api/server/router/v1/handlers/handlers.user.go:132.9,135.3 2 0
goxus/src/internal/app/goxus/api/server/router/v1/handlers/handlers.user.go:137.2,138.16 2 0
goxus/src/internal/app/goxus/api/server/router/v1/handlers/handlers.user.go:138.16,141.3 2 0
goxus/src/internal/app/goxus/api/server/router/v1/handlers/handlers.user.go:143.2,144.16 2 0
goxus/src/internal/app/goxus/api/server/router/v1/handlers/handlers.user.go:144.16,147.3 2 0
goxus/src/internal/app/goxus/api/server/router/v1/handlers/handlers.user.go:149.2,152.4 1 0
goxus/src/internal/app/goxus/api/server/router/v1/handlers/handlers.user.go:156.50,158.9 2 0
goxus/src/internal/app/goxus/api/server/router/v1/handlers/handlers.user.go:158.9,161.3 2 0
goxus/src/internal/app/goxus/api/server/router/v1/handlers/handlers.user.go:163.2,164.16 2 0
goxus/src/internal/app/goxus/api/server/router/v1/handlers/handlers.user.go:164.16,167.3 2 0
goxus/src/internal/app/goxus/api/server/router/v1/handlers/handlers.user.go:169.2,171.16 3 0
goxus/src/internal/app/goxus/api/server/router/v1/handlers/handlers.user.go:171.16,174.3 2 0
goxus/src/internal/app/goxus/api/server/router/v1/handlers/handlers.user.go:176.2,177.16 2 0
goxus/src/internal/app/goxus/api/server/router/v1/handlers/handlers.user.go:177.16,180.3 2 0
goxus/src/internal/app/goxus/api/server/router/v1/handlers/handlers.user.go:182.2,185.4 1 0
goxus/src/internal/app/goxus/api/server/router/v1/handlers/handlers.user.go:189.50,191.9 2 0
goxus/src/internal/app/goxus/api/server/router/v1/handlers/handlers.user.go:191.9,194.3 2 0
goxus/src/internal/app/goxus/api/server/router/v1/handlers/handlers.user.go:196.2,197.16 2 0
goxus/src/internal/app/goxus/api/server/router/v1/handlers/handlers.user.go:197.16,200.3 2 0
goxus/src/internal/app/goxus/api/server/router/v1/handlers/handlers.user.go:202.2,203.16 2 0
goxus/src/internal/app/goxus/api/server/router/v1/handlers/handlers.user.go:203.16,206.3 2 0
goxus/src/internal/app/goxus/api/server/router/v1/handlers/handlers.user.go:208.2,211.4 1 0
goxus/src/internal/app/goxus/api/server/router/v1/handlers/handlers.user.go:215.51,217.9 2 0
goxus/src/internal/app/goxus/api/server/router/v1/handlers/handlers.user.go:217.9,220.3 2 0
goxus/src/internal/app/goxus/api/server/router/v1/handlers/handlers.user.go:222.2,223.16 2 0
goxus/src/internal/app/goxus/api/server/router/v1/handlers/handlers.user.go:223.16,226.3 2 0
goxus/src/internal/app/goxus/api/server/router/v1/handlers/handlers.user.go:228.2,229.16 2 0
goxus/src/internal/app/goxus/api/server/router/v1/handlers/handlers.user.go:229.16,232.3 2 0
goxus/src/internal/app/goxus/api/server/router/v1/handlers/handlers.user.go:234.2,238.4 1 0
goxus/src/internal/app/goxus/api/server/router/v1/handlers/handlers.user.go:242.52,244.9 2 0
goxus/src/internal/app/goxus/api/server/router/v1/handlers/handlers.user.go:244.9,247.3 2 0
goxus/src/internal/app/goxus/api/server/router/v1/handlers/handlers.user.go:249.2,250.16 2 0
goxus/src/internal/app/goxus/api/server/router/v1/handlers/handlers.user.go:250.16,253.3 2 0
goxus/src/internal/app/goxus/api/server/router/v1/handlers/handlers.user.go:255.2,256.16 2 0
goxus/src/internal/app/goxus/api/server/router/v1/handlers/handlers.user.go:256.16,259.3 2 0
goxus/src/internal/app/goxus/api/server/router/v1/handlers/handlers.user.go:261.2,264.4 1 0
goxus/src/internal/app/goxus/api/server/router/v1/handlers/handlers.user.go:268.54,270.9 2 0
goxus/src/internal/app/goxus/api/server/router/v1/handlers/handlers.user.go:270.9,273.3 2 0
goxus/src/internal/app/goxus/api/server/router/v1/handlers/handlers.user.go:275.2,276.16 2 0
goxus/src/internal/app/goxus/api/server/router/v1/handlers/handlers.user.go:276.16,279.3 2 0
goxus/src/internal/app/goxus/api/server/router/v1/handlers/handlers.user.go:281.2,283.16 3 0
goxus/src/internal/app/goxus/api/server/router/v1/handlers/handlers.user.go:283.16,286.3 2 0
goxus/src/internal/app/goxus/api/server/router/v1/handlers/handlers.user.go:288.2,289.16 2 0
goxus/src/internal/app/goxus/api/server/router/v1/handlers/handlers.user.go:289.16,292.3 2 0
goxus/src/internal/app/goxus/api/server/router/v1/handlers/handlers.user.go:294.2,297.4 1 0
goxus/src/internal/app/goxus/api/server/router/v1/handlers/handlers.user.go:301.54,303.9 2 0
goxus/src/internal/app/goxus/api/server/router/v1/handlers/handlers.user.go:303.9,306.3 2 0
goxus/src/internal/app/goxus/api/server/router/v1/handlers/handlers.user.go:308.2,309.16 2 0
goxus/src/internal/app/goxus/api/server/router/v1/handlers/handlers.user.go:309.16,312.3 2 0
goxus/src/internal/app/goxus/api/server/router/v1/handlers/handlers.user.go:314.2,315.20 2 0
goxus/src/internal/app/goxus/api/server/router/v1/handlers/handlers.user.go:315.20,318.3 2 0
goxus/src/internal/app/goxus/api/server/router/v1/handlers/handlers.user.go:320.2,321.16 2 0
goxus/src/internal/app/goxus/api/server/router/v1/handlers/handlers.user.go:321.16,324.3 2 0
goxus/src/internal/app/goxus/api/server/router/v1/handlers/handlers.user.go:326.2,329.4 1 0
goxus/src/internal/app/goxus/api/server/router/router.go:27.110,30.20 2 0
goxus/src/internal/app/goxus/api/server/router/router.go:30.20,33.3 2 0
goxus/src/internal/app/goxus/api/server/router/router.go:35.2,44.8 7 0
goxus/src/internal/app/goxus/api/server/router/router.go:48.85,50.47 1 0
goxus/src/internal/app/goxus/api/server/router/router.go:50.47,56.3 1 0
goxus/src/internal/app/goxus/api/server/router/router.go:59.2,60.2 2 0
goxus/src/internal/app/goxus/api/server/router/router.go:60.2,62.3 1 0
goxus/src/cmd/goxus/app.go:26.27,29.27 2 0
goxus/src/cmd/goxus/app.go:30.23,31.37 1 0
goxus/src/cmd/goxus/app.go:33.26,34.23 1 0
goxus/src/cmd/goxus/app.go:34.23,36.4 1 0
goxus/src/cmd/goxus/app.go:38.3,38.28 1 0
goxus/src/cmd/goxus/app.go:40.10,42.21 2 0
goxus/src/cmd/goxus/app.go:45.2,45.12 1 0
goxus/src/cmd/goxus/app.go:49.138,50.20 1 0
goxus/src/cmd/goxus/app.go:50.20,52.21 2 0
goxus/src/cmd/goxus/app.go:52.21,54.4 1 0
goxus/src/cmd/goxus/app.go:57.2,62.17 1 0
goxus/src/cmd/goxus/main.go:12.13,14.15 1 0
goxus/src/cmd/goxus/main.go:14.15,16.15 2 0
goxus/src/cmd/goxus/main.go:16.15,18.4 1 0
goxus/src/cmd/goxus/main.go:22.2,22.34 1 0
goxus/src/cmd/goxus/main.go:22.34,23.46 1 0
goxus/src/cmd/goxus/main.go:23.46,26.4 2 0
goxus/src/cmd/goxus/main.go:30.2,31.16 2 0
goxus/src/cmd/goxus/main.go:31.16,33.3 1 0
goxus/src/cmd/goxus/main.go:34.2,37.16 3 0
goxus/src/cmd/goxus/main.go:37.16,39.3 1 0
goxus/src/cmd/goxus/wire_gen.go:28.44,30.16 2 0
goxus/src/cmd/goxus/wire_gen.go:30.16,32.3 1 0
goxus/src/cmd/goxus/wire_gen.go:33.2,34.16 2 0
goxus/src/cmd/goxus/wire_gen.go:34.16,37.3 2 0
goxus/src/cmd/goxus/wire_gen.go:38.2,39.16 2 0
goxus/src/cmd/goxus/wire_gen.go:39.16,43.3 3 0
goxus/src/cmd/goxus/wire_gen.go:44.2,45.16 2 0
goxus/src/cmd/goxus/wire_gen.go:45.16,49.3 3 0
goxus/src/cmd/goxus/wire_gen.go:50.2,51.16 2 0
goxus/src/cmd/goxus/wire_gen.go:51.16,56.3 4 0
goxus/src/cmd/goxus/wire_gen.go:57.2,58.16 2 0
goxus/src/cmd/goxus/wire_gen.go:58.16,64.3 5 0
goxus/src/cmd/goxus/wire_gen.go:65.2,66.16 2 0
goxus/src/cmd/goxus/wire_gen.go:66.16,73.3 6 0
goxus/src/cmd/goxus/wire_gen.go:74.2,75.16 2 0
goxus/src/cmd/goxus/wire_gen.go:75.16,83.3 7 0
goxus/src/cmd/goxus/wire_gen.go:84.2,85.16 2 0
goxus/src/cmd/goxus/wire_gen.go:85.16,94.3 8 0
goxus/src/cmd/goxus/wire_gen.go:95.2,96.16 2 0
goxus/src/cmd/goxus/wire_gen.go:96.16,106.3 9 0
goxus/src/cmd/goxus/wire_gen.go:107.2,108.16 2 0
goxus/src/cmd/goxus/wire_gen.go:108.16,119.3 10 0
goxus/src/cmd/goxus/wire_gen.go:120.2,121.16 2 0
goxus/src/cmd/goxus/wire_gen.go:121.16,133.3 11 0
goxus/src/cmd/goxus/wire_gen.go:134.2,135.16 2 0
goxus/src/cmd/goxus/wire_gen.go:135.16,148.3 12 0
goxus/src/cmd/goxus/wire_gen.go:149.2,150.16 2 0
goxus/src/cmd/goxus/wire_gen.go:150.16,164.3 13 0
goxus/src/cmd/goxus/wire_gen.go:165.2,166.16 2 0
goxus/src/cmd/goxus/wire_gen.go:166.16,181.3 14 0
goxus/src/cmd/goxus/wire_gen.go:182.2,182.22 1 0
goxus/src/cmd/goxus/wire_gen.go:182.22,197.3 14 0
goxus/src/pkg/tests/postgres/postgres.go:21.108,39.16 3 0
goxus/src/pkg/tests/postgres/postgres.go:39.16,41.3 1 0
goxus/src/pkg/tests/postgres/postgres.go:44.2,49.36 4 0
goxus/src/internal/pkg/services/ratelimit/config/config-ratelimit.go:16.46,17.24 1 0
goxus/src/internal/pkg/services/ratelimit/config/config-ratelimit.go:17.24,19.3 1 0
goxus/src/internal/pkg/services/ratelimit/config/config-ratelimit.go:21.2,21.20 1 0
goxus/src/internal/pkg/services/ratelimit/config/config-ratelimit.go:21.20,23.3 1 0
goxus/src/internal/app/goxus/log/log-file.go:21.38,23.16 2 0
goxus/src/internal/app/goxus/log/log-file.go:23.16,25.3 1 0
goxus/src/internal/app/goxus/log/log-file.go:27.2,29.24 2 0
goxus/src/internal/app/goxus/log/log-file.go:33.28,34.20 1 0
goxus/src/internal/app/goxus/log/log-file.go:34.20,36.17 2 0
goxus/src/internal/app/goxus/log/log-file.go:36.17,38.4 1 0
goxus/src/internal/app/goxus/log/log-file.go:43.35,45.2 1 0
goxus/src/internal/app/goxus/log/provider.go:20.70,21.20 1 0
goxus/src/internal/app/goxus/log/provider.go:21.20,23.3 1 0
goxus/src/internal/app/goxus/log/provider.go:25.2,27.47 2 0
goxus/src/internal/app/goxus/log/provider.go:27.47,30.3 2 0
goxus/src/internal/app/goxus/log/provider.go:32.2,32.30 1 0
goxus/src/internal/app/goxus/log/provider.go:36.62,37.20 1 0
goxus/src/internal/app/goxus/log/provider.go:37.21,37.22 0 0
goxus/src/internal/app/goxus/log/provider.go:39.2,39.85 1 0
goxus/src/internal/app/goxus/log/provider.go:39.85,41.3 1 0
goxus/src/internal/app/goxus/log/provider.go:43.2,43.29 1 0
goxus/src/internal/pkg/hash/md5.go:10.27,12.2 1 0
goxus/src/internal/pkg/db/goxus/a-db-repo.go:21.96,23.16 2 0
goxus/src/internal/pkg/db/goxus/a-db-repo.go:23.16,25.3 1 0
goxus/src/internal/pkg/db/goxus/a-db-repo.go:27.2,36.8 1 0
goxus/src/internal/pkg/db/goxus/a-db-repo.go:40.36,42.2 1 0
goxus/src/internal/pkg/db/goxus/provider.go:17.97,19.16 2 0
goxus/src/internal/pkg/db/goxus/provider.go:19.16,21.3 1 0
goxus/src/internal/pkg/db/goxus/provider.go:23.2,23.20 1 0
goxus/src/internal/pkg/db/goxus/provider.go:23.20,25.3 1 0
goxus/src/internal/pkg/db/goxus/provider.go:27.2,27.29 1 0
goxus/src/internal/pkg/db/goxus/rbacpermission-repo.xo.go:19.70,21.2 1 0
goxus/src/internal/pkg/db/goxus/rbacpermission-repo.xo.go:24.72,26.2 1 0
goxus/src/internal/pkg/db/goxus/rbacpermission-repo.xo.go:34.78,36.2 1 0
goxus/src/internal/pkg/db/goxus/rbacpermission-repo.xo.go:39.75,41.2 1 0
goxus/src/internal/pkg/db/goxus/rbacpermission-repo.xo.go:44.76,46.2 1 0
goxus/src/internal/pkg/db/goxus/rbacpermission-repo.xo.go:49.96,51.2 1 0
goxus/src/internal/pkg/db/goxus/rbacpermission-repo.xo.go:54.101,56.2 1 0
goxus/src/internal/pkg/db/goxus/rbacpermission.xo.go:27.41,29.2 1 0
goxus/src/internal/pkg/db/goxus/rbacpermission.xo.go:32.50,34.2 1 0
goxus/src/internal/pkg/db/goxus/rbacpermission.xo.go:37.42,39.2 1 0
goxus/src/internal/pkg/db/goxus/rbacpermission.xo.go:42.58,50.16 4 0
goxus/src/internal/pkg/db/goxus/rbacpermission.xo.go:50.16,52.3 1 0
goxus/src/internal/pkg/db/goxus/rbacpermission.xo.go:56.2,69.16 4 0
goxus/src/internal/pkg/db/goxus/rbacpermission.xo.go:69.16,71.3 1 0
goxus/src/internal/pkg/db/goxus/rbacpermission.xo.go:74.2,76.12 2 0
goxus/src/internal/pkg/db/goxus/rbacpermission.xo.go:80.58,88.17 4 0
goxus/src/internal/pkg/db/goxus/rbacpermission.xo.go:88.17,90.3 1 0
goxus/src/internal/pkg/db/goxus/rbacpermission.xo.go:93.2,93.17 1 0
goxus/src/internal/pkg/db/goxus/rbacpermission.xo.go:93.17,95.3 1 0
goxus/src/internal/pkg/db/goxus/rbacpermission.xo.go:99.2,112.12 4 0
goxus/src/internal/pkg/db/goxus/rbacpermission.xo.go:116.56,117.17 1 0
goxus/src/internal/pkg/db/goxus/rbacpermission.xo.go:117.17,119.3 1 0
goxus/src/internal/pkg/db/goxus/rbacpermission.xo.go:121.2,121.22 1 0
goxus/src/internal/pkg/db/goxus/rbacpermission.xo.go:127.58,135.16 4 0
goxus/src/internal/pkg/db/goxus/rbacpermission.xo.go:135.16,137.3 1 0
goxus/src/internal/pkg/db/goxus/rbacpermission.xo.go:141.2,158.16 4 0
goxus/src/internal/pkg/db/goxus/rbacpermission.xo.go:158.16,160.3 1 0
goxus/src/internal/pkg/db/goxus/rbacpermission.xo.go:163.2,165.12 2 0
goxus/src/internal/pkg/db/goxus/rbacpermission.xo.go:169.58,177.17 4 0
goxus/src/internal/pkg/db/goxus/rbacpermission.xo.go:177.17,179.3 1 0
goxus/src/internal/pkg/db/goxus/rbacpermission.xo.go:182.2,182.17 1 0
goxus/src/internal/pkg/db/goxus/rbacpermission.xo.go:182.17,184.3 1 0
goxus/src/internal/pkg/db/goxus/rbacpermission.xo.go:188.2,198.16 4 0
goxus/src/internal/pkg/db/goxus/rbacpermission.xo.go:198.16,200.3 1 0
goxus/src/internal/pkg/db/goxus/rbacpermission.xo.go:203.2,205.12 2 0
goxus/src/internal/pkg/db/goxus/rbacpermission.xo.go:209.72,227.16 6 0
goxus/src/internal/pkg/db/goxus/rbacpermission.xo.go:227.16,229.3 1 0
goxus/src/internal/pkg/db/goxus/rbacpermission.xo.go:230.2,234.15 3 0
goxus/src/internal/pkg/db/goxus/rbacpermission.xo.go:234.15,239.17 3 0
goxus/src/internal/pkg/db/goxus/rbacpermission.xo.go:239.17,241.4 1 0
goxus/src/internal/pkg/db/goxus/rbacpermission.xo.go:242.3,244.25 2 0
goxus/src/internal/pkg/db/goxus/rbacpermission.xo.go:247.2,247.17 1 0
goxus/src/internal/pkg/db/goxus/rbacpermission.xo.go:251.103,260.16 5 0
goxus/src/internal/pkg/db/goxus/rbacpermission.xo.go:260.16,262.3 1 0
goxus/src/internal/pkg/db/goxus/rbacpermission.xo.go:263.2,267.15 3 0
goxus/src/internal/pkg/db/goxus/rbacpermission.xo.go:267.15,272.17 3 0
goxus/src/internal/pkg/db/goxus/rbacpermission.xo.go:272.17,274.4 1 0
goxus/src/internal/pkg/db/goxus/rbacpermission.xo.go:276.3,276.25 1 0
goxus/src/internal/pkg/db/goxus/rbacpermission.xo.go:279.2,279.17 1 0
goxus/src/internal/pkg/db/goxus/rbacpermission.xo.go:287.73,307.16 7 0
goxus/src/internal/pkg/db/goxus/rbacpermission.xo.go:307.16,309.3 1 0
goxus/src/internal/pkg/db/goxus/rbacpermission.xo.go:310.2,313.17 3 0
goxus/src/internal/pkg/db/goxus/rbacpermission.xo.go:319.81,346.16 8 0
goxus/src/internal/pkg/db/goxus/rbacpermission.xo.go:346.16,348.3 1 0
goxus/src/internal/pkg/db/goxus/rbacpermission.xo.go:350.2,350.17 1 0
goxus/src/internal/pkg/db/goxus/rbacpermission.xo.go:358.86,385.16 8 0
goxus/src/internal/pkg/db/goxus/rbacpermission.xo.go:385.16,387.3 1 0
goxus/src/internal/pkg/db/goxus/rbacpermission.xo.go:389.2,389.17 1 0
goxus/src/internal/pkg/db/goxus/rbacrole-repo.xo.go:19.58,21.2 1 0
goxus/src/internal/pkg/db/goxus/rbacrole-repo.xo.go:24.60,26.2 1 0
goxus/src/internal/pkg/db/goxus/rbacrole-repo.xo.go:34.66,36.2 1 0
goxus/src/internal/pkg/db/goxus/rbacrole-repo.xo.go:39.63,41.2 1 0
goxus/src/internal/pkg/db/goxus/rbacrole-repo.xo.go:44.64,46.2 1 0
goxus/src/internal/pkg/db/goxus/rbacrole-repo.xo.go:49.78,51.2 1 0
goxus/src/internal/pkg/db/goxus/rbacrole-repo.xo.go:54.83,56.2 1 0
goxus/src/internal/pkg/db/goxus/rbacrole.xo.go:27.35,29.2 1 0
goxus/src/internal/pkg/db/goxus/rbacrole.xo.go:32.44,34.2 1 0
goxus/src/internal/pkg/db/goxus/rbacrole.xo.go:37.36,39.2 1 0
goxus/src/internal/pkg/db/goxus/rbacrole.xo.go:42.52,50.16 4 0
goxus/src/internal/pkg/db/goxus/rbacrole.xo.go:50.16,52.3 1 0
goxus/src/internal/pkg/db/goxus/rbacrole.xo.go:56.2,69.16 4 0
goxus/src/internal/pkg/db/goxus/rbacrole.xo.go:69.16,71.3 1 0
goxus/src/internal/pkg/db/goxus/rbacrole.xo.go:74.2,76.12 2 0
goxus/src/internal/pkg/db/goxus/rbacrole.xo.go:80.52,88.17 4 0
goxus/src/internal/pkg/db/goxus/rbacrole.xo.go:88.17,90.3 1 0
goxus/src/internal/pkg/db/goxus/rbacrole.xo.go:93.2,93.17 1 0
goxus/src/internal/pkg/db/goxus/rbacrole.xo.go:93.17,95.3 1 0
goxus/src/internal/pkg/db/goxus/rbacrole.xo.go:99.2,112.12 4 0
goxus/src/internal/pkg/db/goxus/rbacrole.xo.go:116.50,117.17 1 0
goxus/src/internal/pkg/db/goxus/rbacrole.xo.go:117.17,119.3 1 0
goxus/src/internal/pkg/db/goxus/rbacrole.xo.go:121.2,121.22 1 0
goxus/src/internal/pkg/db/goxus/rbacrole.xo.go:127.52,135.16 4 0
goxus/src/internal/pkg/db/goxus/rbacrole.xo.go:135.16,137.3 1 0
goxus/src/internal/pkg/db/goxus/rbacrole.xo.go:141.2,158.16 4 0
goxus/src/internal/pkg/db/goxus/rbacrole.xo.go:158.16,160.3 1 0
goxus/src/internal/pkg/db/goxus/rbacrole.xo.go:163.2,165.12 2 0
goxus/src/internal/pkg/db/goxus/rbacrole.xo.go:169.52,177.17 4 0
goxus/src/internal/pkg/db/goxus/rbacrole.xo.go:177.17,179.3 1 0
goxus/src/internal/pkg/db/goxus/rbacrole.xo.go:182.2,182.17 1 0
goxus/src/internal/pkg/db/goxus/rbacrole.xo.go:182.17,184.3 1 0
goxus/src/internal/pkg/db/goxus/rbacrole.xo.go:188.2,198.16 4 0
goxus/src/internal/pkg/db/goxus/rbacrole.xo.go:198.16,200.3 1 0
goxus/src/internal/pkg/db/goxus/rbacrole.xo.go:203.2,205.12 2 0
goxus/src/internal/pkg/db/goxus/rbacrole.xo.go:209.60,227.16 6 0
goxus/src/internal/pkg/db/goxus/rbacrole.xo.go:227.16,229.3 1 0
goxus/src/internal/pkg/db/goxus/rbacrole.xo.go:230.2,234.15 3 0
goxus/src/internal/pkg/db/goxus/rbacrole.xo.go:234.15,239.17 3 0
goxus/src/internal/pkg/db/goxus/rbacrole.xo.go:239.17,241.4 1 0
goxus/src/internal/pkg/db/goxus/rbacrole.xo.go:242.3,244.25 2 0
goxus/src/internal/pkg/db/goxus/rbacrole.xo.go:247.2,247.17 1 0
goxus/src/internal/pkg/db/goxus/rbacrole.xo.go:251.91,260.16 5 0
goxus/src/internal/pkg/db/goxus/rbacrole.xo.go:260.16,262.3 1 0
goxus/src/internal/pkg/db/goxus/rbacrole.xo.go:263.2,267.15 3 0
goxus/src/internal/pkg/db/goxus/rbacrole.xo.go:267.15,272.17 3 0
goxus/src/internal/pkg/db/goxus/rbacrole.xo.go:272.17,274.4 1 0
goxus/src/internal/pkg/db/goxus/rbacrole.xo.go:276.3,276.25 1 0
goxus/src/internal/pkg/db/goxus/rbacrole.xo.go:279.2,279.17 1 0
goxus/src/internal/pkg/db/goxus/rbacrole.xo.go:287.61,307.16 7 0
goxus/src/internal/pkg/db/goxus/rbacrole.xo.go:307.16,309.3 1 0
goxus/src/internal/pkg/db/goxus/rbacrole.xo.go:310.2,313.17 3 0
goxus/src/internal/pkg/db/goxus/rbacrole.xo.go:319.69,346.16 8 0
goxus/src/internal/pkg/db/goxus/rbacrole.xo.go:346.16,348.3 1 0
goxus/src/internal/pkg/db/goxus/rbacrole.xo.go:350.2,350.17 1 0
goxus/src/internal/pkg/db/goxus/rbacrole.xo.go:358.74,385.16 8 0
goxus/src/internal/pkg/db/goxus/rbacrole.xo.go:385.16,387.3 1 0
goxus/src/internal/pkg/db/goxus/rbacrole.xo.go:389.2,389.17 1 0
goxus/src/internal/pkg/db/goxus/rbacrolepermission-repo.xo.go:19.79,21.2 1 0
goxus/src/internal/pkg/db/goxus/rbacrolepermission-repo.xo.go:24.81,26.2 1 0
goxus/src/internal/pkg/db/goxus/rbacrolepermission-repo.xo.go:34.86,36.2 1 0
goxus/src/internal/pkg/db/goxus/rbacrolepermission-repo.xo.go:39.83,41.2 1 0
goxus/src/internal/pkg/db/goxus/rbacrolepermission-repo.xo.go:44.84,46.2 1 0
goxus/src/internal/pkg/db/goxus/rbacrolepermission-repo.xo.go:49.108,51.2 1 0
goxus/src/internal/pkg/db/goxus/rbacrolepermission-repo.xo.go:54.148,56.2 1 0
goxus/src/internal/pkg/db/goxus/rbacrolepermission.xo.go:27.46,29.2 1 0
goxus/src/internal/pkg/db/goxus/rbacrolepermission.xo.go:32.55,34.2 1 0
goxus/src/internal/pkg/db/goxus/rbacrolepermission.xo.go:37.47,39.2 1 0
goxus/src/internal/pkg/db/goxus/rbacrolepermission.xo.go:42.63,50.17 4 0
goxus/src/internal/pkg/db/goxus/rbacrolepermission.xo.go:50.17,52.3 1 0
goxus/src/internal/pkg/db/goxus/rbacrolepermission.xo.go:56.2,69.16 4 0
goxus/src/internal/pkg/db/goxus/rbacrolepermission.xo.go:69.16,71.3 1 0
goxus/src/internal/pkg/db/goxus/rbacrolepermission.xo.go:74.2,76.12 2 0
goxus/src/internal/pkg/db/goxus/rbacrolepermission.xo.go:80.63,88.18 4 0
goxus/src/internal/pkg/db/goxus/rbacrolepermission.xo.go:88.18,90.3 1 0
goxus/src/internal/pkg/db/goxus/rbacrolepermission.xo.go:93.2,93.18 1 0
goxus/src/internal/pkg/db/goxus/rbacrolepermission.xo.go:93.18,95.3 1 0
goxus/src/internal/pkg/db/goxus/rbacrolepermission.xo.go:99.2,112.12 4 0
goxus/src/internal/pkg/db/goxus/rbacrolepermission.xo.go:116.61,117.18 1 0
goxus/src/internal/pkg/db/goxus/rbacrolepermission.xo.go:117.18,119.3 1 0
goxus/src/internal/pkg/db/goxus/rbacrolepermission.xo.go:121.2,121.23 1 0
goxus/src/internal/pkg/db/goxus/rbacrolepermission.xo.go:127.63,135.17 4 0
goxus/src/internal/pkg/db/goxus/rbacrolepermission.xo.go:135.17,137.3 1 0
goxus/src/internal/pkg/db/goxus/rbacrolepermission.xo.go:141.2,158.16 4 0
goxus/src/internal/pkg/db/goxus/rbacrolepermission.xo.go:158.16,160.3 1 0
goxus/src/internal/pkg/db/goxus/rbacrolepermission.xo.go:163.2,165.12 2 0
goxus/src/internal/pkg/db/goxus/rbacrolepermission.xo.go:169.63,177.18 4 0
goxus/src/internal/pkg/db/goxus/rbacrolepermission.xo.go:177.18,179.3 1 0
goxus/src/internal/pkg/db/goxus/rbacrolepermission.xo.go:182.2,182.18 1 0
goxus/src/internal/pkg/db/goxus/rbacrolepermission.xo.go:182.18,184.3 1 0
goxus/src/internal/pkg/db/goxus/rbacrolepermission.xo.go:188.2,198.16 4 0
goxus/src/internal/pkg/db/goxus/rbacrolepermission.xo.go:198.16,200.3 1 0
goxus/src/internal/pkg/db/goxus/rbacrolepermission.xo.go:203.2,205.12 2 0
goxus/src/internal/pkg/db/goxus/rbacrolepermission.xo.go:209.80,227.16 6 0
goxus/src/internal/pkg/db/goxus/rbacrolepermission.xo.go:227.16,229.3 1 0
goxus/src/internal/pkg/db/goxus/rbacrolepermission.xo.go:230.2,234.15 3 0
goxus/src/internal/pkg/db/goxus/rbacrolepermission.xo.go:234.15,239.17 3 0
goxus/src/internal/pkg/db/goxus/rbacrolepermission.xo.go:239.17,241.4 1 0
goxus/src/internal/pkg/db/goxus/rbacrolepermission.xo.go:242.3,244.26 2 0
goxus/src/internal/pkg/db/goxus/rbacrolepermission.xo.go:247.2,247.17 1 0
goxus/src/internal/pkg/db/goxus/rbacrolepermission.xo.go:251.111,260.16 5 0
goxus/src/internal/pkg/db/goxus/rbacrolepermission.xo.go:260.16,262.3 1 0
goxus/src/internal/pkg/db/goxus/rbacrolepermission.xo.go:263.2,267.15 3 0
goxus/src/internal/pkg/db/goxus/rbacrolepermission.xo.go:267.15,272.17 3 0
goxus/src/internal/pkg/db/goxus/rbacrolepermission.xo.go:272.17,274.4 1 0
goxus/src/internal/pkg/db/goxus/rbacrolepermission.xo.go:276.3,276.26 1 0
goxus/src/internal/pkg/db/goxus/rbacrolepermission.xo.go:279.2,279.17 1 0
goxus/src/internal/pkg/db/goxus/rbacrolepermission.xo.go:287.81,307.16 7 0
goxus/src/internal/pkg/db/goxus/rbacrolepermission.xo.go:307.16,309.3 1 0
goxus/src/internal/pkg/db/goxus/rbacrolepermission.xo.go:310.2,313.18 3 0
goxus/src/internal/pkg/db/goxus/rbacrolepermission.xo.go:319.93,321.2 1 0
goxus/src/internal/pkg/db/goxus/rbacrolepermission.xo.go:326.81,328.2 1 0
goxus/src/internal/pkg/db/goxus/rbacrolepermission.xo.go:333.89,360.16 8 0
goxus/src/internal/pkg/db/goxus/rbacrolepermission.xo.go:360.16,362.3 1 0
goxus/src/internal/pkg/db/goxus/rbacrolepermission.xo.go:364.2,364.18 1 0
goxus/src/internal/pkg/db/goxus/rbacrolepermission.xo.go:372.129,399.16 8 0
goxus/src/internal/pkg/db/goxus/rbacrolepermission.xo.go:399.16,401.3 1 0
goxus/src/internal/pkg/db/goxus/rbacrolepermission.xo.go:403.2,403.18 1 0
goxus/src/internal/pkg/db/goxus/rbacuserrole-repo.xo.go:19.67,21.2 1 0
goxus/src/internal/pkg/db/goxus/rbacuserrole-repo.xo.go:24.69,26.2 1 0
goxus/src/internal/pkg/db/goxus/rbacuserrole-repo.xo.go:34.74,36.2 1 0
goxus/src/internal/pkg/db/goxus/rbacuserrole-repo.xo.go:39.71,41.2 1 0
goxus/src/internal/pkg/db/goxus/rbacuserrole-repo.xo.go:44.72,46.2 1 0
goxus/src/internal/pkg/db/goxus/rbacuserrole-repo.xo.go:49.90,51.2 1 0
goxus/src/internal/pkg/db/goxus/rbacuserrole-repo.xo.go:54.118,56.2 1 0
goxus/src/internal/pkg/db/goxus/rbacuserrole.xo.go:27.40,29.2 1 0
goxus/src/internal/pkg/db/goxus/rbacuserrole.xo.go:32.49,34.2 1 0
goxus/src/internal/pkg/db/goxus/rbacuserrole.xo.go:37.41,39.2 1 0
goxus/src/internal/pkg/db/goxus/rbacuserrole.xo.go:42.57,50.17 4 0
goxus/src/internal/pkg/db/goxus/rbacuserrole.xo.go:50.17,52.3 1 0
goxus/src/internal/pkg/db/goxus/rbacuserrole.xo.go:56.2,69.16 4 0
goxus/src/internal/pkg/db/goxus/rbacuserrole.xo.go:69.16,71.3 1 0
goxus/src/internal/pkg/db/goxus/rbacuserrole.xo.go:74.2,76.12 2 0
goxus/src/internal/pkg/db/goxus/rbacuserrole.xo.go:80.57,88.18 4 0
goxus/src/internal/pkg/db/goxus/rbacuserrole.xo.go:88.18,90.3 1 0
goxus/src/internal/pkg/db/goxus/rbacuserrole.xo.go:93.2,93.18 1 0
goxus/src/internal/pkg/db/goxus/rbacuserrole.xo.go:93.18,95.3 1 0
goxus/src/internal/pkg/db/goxus/rbacuserrole.xo.go:99.2,112.12 4 0
goxus/src/internal/pkg/db/goxus/rbacuserrole.xo.go:116.55,117.18 1 0
goxus/src/internal/pkg/db/goxus/rbacuserrole.xo.go:117.18,119.3 1 0
goxus/src/internal/pkg/db/goxus/rbacuserrole.xo.go:121.2,121.23 1 0
goxus/src/internal/pkg/db/goxus/rbacuserrole.xo.go:127.57,135.17 4 0
goxus/src/internal/pkg/db/goxus/rbacuserrole.xo.go:135.17,137.3 1 0
goxus/src/internal/pkg/db/goxus/rbacuserrole.xo.go:141.2,158.16 4 0
goxus/src/internal/pkg/db/goxus/rbacuserrole.xo.go:158.16,160.3 1 0
goxus/src/internal/pkg/db/goxus/rbacuserrole.xo.go:163.2,165.12 2 0
goxus/src/internal/pkg/db/goxus/rbacuserrole.xo.go:169.57,177.18 4 0
goxus/src/internal/pkg/db/goxus/rbacuserrole.xo.go:177.18,179.3 1 0
goxus/src/internal/pkg/db/goxus/rbacuserrole.xo.go:182.2,182.18 1 0
goxus/src/internal/pkg/db/goxus/rbacuserrole.xo.go:182.18,184.3 1 0
goxus/src/internal/pkg/db/goxus/rbacuserrole.xo.go:188.2,198.16 4 0
goxus/src/internal/pkg/db/goxus/rbacuserrole.xo.go:198.16,200.3 1 0
goxus/src/internal/pkg/db/goxus/rbacuserrole.xo.go:203.2,205.12 2 0
goxus/src/internal/pkg/db/goxus/rbacuserrole.xo.go:209.68,227.16 6 0
goxus/src/internal/pkg/db/goxus/rbacuserrole.xo.go:227.16,229.3 1 0
goxus/src/internal/pkg/db/goxus/rbacuserrole.xo.go:230.2,234.15 3 0
goxus/src/internal/pkg/db/goxus/rbacuserrole.xo.go:234.15,239.17 3 0
goxus/src/internal/pkg/db/goxus/rbacuserrole.xo.go:239.17,241.4 1 0
goxus/src/internal/pkg/db/goxus/rbacuserrole.xo.go:242.3,244.26 2 0
goxus/src/internal/pkg/db/goxus/rbacuserrole.xo.go:247.2,247.17 1 0
goxus/src/internal/pkg/db/goxus/rbacuserrole.xo.go:251.99,260.16 5 0
goxus/src/internal/pkg/db/goxus/rbacuserrole.xo.go:260.16,262.3 1 0
goxus/src/internal/pkg/db/goxus/rbacuserrole.xo.go:263.2,267.15 3 0
goxus/src/internal/pkg/db/goxus/rbacuserrole.xo.go:267.15,272.17 3 0
goxus/src/internal/pkg/db/goxus/rbacuserrole.xo.go:272.17,274.4 1 0
goxus/src/internal/pkg/db/goxus/rbacuserrole.xo.go:276.3,276.26 1 0
goxus/src/internal/pkg/db/goxus/rbacuserrole.xo.go:279.2,279.17 1 0
goxus/src/internal/pkg/db/goxus/rbacuserrole.xo.go:287.69,307.16 7 0
goxus/src/internal/pkg/db/goxus/rbacuserrole.xo.go:307.16,309.3 1 0
goxus/src/internal/pkg/db/goxus/rbacuserrole.xo.go:310.2,313.18 3 0
goxus/src/internal/pkg/db/goxus/rbacuserrole.xo.go:319.75,321.2 1 0
goxus/src/internal/pkg/db/goxus/rbacuserrole.xo.go:326.67,328.2 1 0
goxus/src/internal/pkg/db/goxus/rbacuserrole.xo.go:333.77,360.16 8 0
goxus/src/internal/pkg/db/goxus/rbacuserrole.xo.go:360.16,362.3 1 0
goxus/src/internal/pkg/db/goxus/rbacuserrole.xo.go:364.2,364.18 1 0
goxus/src/internal/pkg/db/goxus/rbacuserrole.xo.go:372.105,399.16 8 0
goxus/src/internal/pkg/db/goxus/rbacuserrole.xo.go:399.16,401.3 1 0
goxus/src/internal/pkg/db/goxus/rbacuserrole.xo.go:403.2,403.18 1 0
goxus/src/internal/pkg/db/goxus/schemamigration-repo.xo.go:18.72,20.2 1 0
goxus/src/internal/pkg/db/goxus/schemamigration-repo.xo.go:23.74,25.2 1 0
goxus/src/internal/pkg/db/goxus/schemamigration-repo.xo.go:33.80,35.2 1 0
goxus/src/internal/pkg/db/goxus/schemamigration-repo.xo.go:38.77,40.2 1 0
goxus/src/internal/pkg/db/goxus/schemamigration-repo.xo.go:43.78,45.2 1 0
goxus/src/internal/pkg/db/goxus/schemamigration-repo.xo.go:48.109,50.2 1 0
goxus/src/internal/pkg/db/goxus/schemamigration.xo.go:24.42,26.2 1 0
goxus/src/internal/pkg/db/goxus/schemamigration.xo.go:29.51,31.2 1 0
goxus/src/internal/pkg/db/goxus/schemamigration.xo.go:34.43,36.2 1 0
goxus/src/internal/pkg/db/goxus/schemamigration.xo.go:39.59,47.16 4 0
goxus/src/internal/pkg/db/goxus/schemamigration.xo.go:47.16,49.3 1 0
goxus/src/internal/pkg/db/goxus/schemamigration.xo.go:53.2,66.16 4 0
goxus/src/internal/pkg/db/goxus/schemamigration.xo.go:66.16,68.3 1 0
goxus/src/internal/pkg/db/goxus/schemamigration.xo.go:71.2,73.12 2 0
goxus/src/internal/pkg/db/goxus/schemamigration.xo.go:77.59,85.17 4 0
goxus/src/internal/pkg/db/goxus/schemamigration.xo.go:85.17,87.3 1 0
goxus/src/internal/pkg/db/goxus/schemamigration.xo.go:90.2,90.17 1 0
goxus/src/internal/pkg/db/goxus/schemamigration.xo.go:90.17,92.3 1 0
goxus/src/internal/pkg/db/goxus/schemamigration.xo.go:96.2,109.12 4 0
goxus/src/internal/pkg/db/goxus/schemamigration.xo.go:113.57,114.17 1 0
goxus/src/internal/pkg/db/goxus/schemamigration.xo.go:114.17,116.3 1 0
goxus/src/internal/pkg/db/goxus/schemamigration.xo.go:118.2,118.22 1 0
goxus/src/internal/pkg/db/goxus/schemamigration.xo.go:124.59,132.16 4 0
goxus/src/internal/pkg/db/goxus/schemamigration.xo.go:132.16,134.3 1 0
goxus/src/internal/pkg/db/goxus/schemamigration.xo.go:138.2,155.16 4 0
goxus/src/internal/pkg/db/goxus/schemamigration.xo.go:155.16,157.3 1 0
goxus/src/internal/pkg/db/goxus/schemamigration.xo.go:160.2,162.12 2 0
goxus/src/internal/pkg/db/goxus/schemamigration.xo.go:166.59,174.17 4 0
goxus/src/internal/pkg/db/goxus/schemamigration.xo.go:174.17,176.3 1 0
goxus/src/internal/pkg/db/goxus/schemamigration.xo.go:179.2,179.17 1 0
goxus/src/internal/pkg/db/goxus/schemamigration.xo.go:179.17,181.3 1 0
goxus/src/internal/pkg/db/goxus/schemamigration.xo.go:185.2,195.16 4 0
goxus/src/internal/pkg/db/goxus/schemamigration.xo.go:195.16,197.3 1 0
goxus/src/internal/pkg/db/goxus/schemamigration.xo.go:200.2,202.12 2 0
goxus/src/internal/pkg/db/goxus/schemamigration.xo.go:206.74,224.16 6 0
goxus/src/internal/pkg/db/goxus/schemamigration.xo.go:224.16,226.3 1 0
goxus/src/internal/pkg/db/goxus/schemamigration.xo.go:227.2,231.15 3 0
goxus/src/internal/pkg/db/goxus/schemamigration.xo.go:231.15,236.17 3 0
goxus/src/internal/pkg/db/goxus/schemamigration.xo.go:236.17,238.4 1 0
goxus/src/internal/pkg/db/goxus/schemamigration.xo.go:239.3,241.25 2 0
goxus/src/internal/pkg/db/goxus/schemamigration.xo.go:244.2,244.17 1 0
goxus/src/internal/pkg/db/goxus/schemamigration.xo.go:248.105,257.16 5 0
goxus/src/internal/pkg/db/goxus/schemamigration.xo.go:257.16,259.3 1 0
goxus/src/internal/pkg/db/goxus/schemamigration.xo.go:260.2,264.15 3 0
goxus/src/internal/pkg/db/goxus/schemamigration.xo.go:264.15,269.17 3 0
goxus/src/internal/pkg/db/goxus/schemamigration.xo.go:269.17,271.4 1 0
goxus/src/internal/pkg/db/goxus/schemamigration.xo.go:273.3,273.25 1 0
goxus/src/internal/pkg/db/goxus/schemamigration.xo.go:276.2,276.17 1 0
goxus/src/internal/pkg/db/goxus/schemamigration.xo.go:284.75,304.16 7 0
goxus/src/internal/pkg/db/goxus/schemamigration.xo.go:304.16,306.3 1 0
goxus/src/internal/pkg/db/goxus/schemamigration.xo.go:307.2,310.17 3 0
goxus/src/internal/pkg/db/goxus/schemamigration.xo.go:316.93,343.16 8 0
goxus/src/internal/pkg/db/goxus/schemamigration.xo.go:343.16,345.3 1 0
goxus/src/internal/pkg/db/goxus/schemamigration.xo.go:347.2,347.17 1 0
goxus/src/internal/pkg/db/goxus/user-repo.xo.go:20.49,22.2 1 0
goxus/src/internal/pkg/db/goxus/user-repo.xo.go:25.51,27.2 1 0
goxus/src/internal/pkg/db/goxus/user-repo.xo.go:35.58,37.2 1 0
goxus/src/internal/pkg/db/goxus/user-repo.xo.go:40.55,42.2 1 0
goxus/src/internal/pkg/db/goxus/user-repo.xo.go:45.56,47.2 1 0
goxus/src/internal/pkg/db/goxus/user-repo.xo.go:50.73,52.2 1 0
goxus/src/internal/pkg/db/goxus/user-repo.xo.go:55.66,57.2 1 0
goxus/src/internal/pkg/db/goxus/user-repo.xo.go:60.79,62.2 1 0
goxus/src/internal/pkg/db/goxus/user.xo.go:31.30,33.2 1 0
goxus/src/internal/pkg/db/goxus/user.xo.go:36.39,38.2 1 0
goxus/src/internal/pkg/db/goxus/user.xo.go:41.31,43.2 1 0
goxus/src/internal/pkg/db/goxus/user.xo.go:46.47,54.15 4 0
goxus/src/internal/pkg/db/goxus/user.xo.go:54.15,56.3 1 0
goxus/src/internal/pkg/db/goxus/user.xo.go:60.2,73.16 4 0
goxus/src/internal/pkg/db/goxus/user.xo.go:73.16,75.3 1 0
goxus/src/internal/pkg/db/goxus/user.xo.go:78.2,80.12 2 0
goxus/src/internal/pkg/db/goxus/user.xo.go:84.47,92.16 4 0
goxus/src/internal/pkg/db/goxus/user.xo.go:92.16,94.3 1 0
goxus/src/internal/pkg/db/goxus/user.xo.go:97.2,97.16 1 0
goxus/src/internal/pkg/db/goxus/user.xo.go:97.16,99.3 1 0
goxus/src/internal/pkg/db/goxus/user.xo.go:103.2,116.12 4 0
goxus/src/internal/pkg/db/goxus/user.xo.go:120.45,121.16 1 0
goxus/src/internal/pkg/db/goxus/user.xo.go:121.16,123.3 1 0
goxus/src/internal/pkg/db/goxus/user.xo.go:125.2,125.21 1 0
goxus/src/internal/pkg/db/goxus/user.xo.go:131.47,139.15 4 0
goxus/src/internal/pkg/db/goxus/user.xo.go:139.15,141.3 1 0
goxus/src/internal/pkg/db/goxus/user.xo.go:145.2,162.16 4 0
goxus/src/internal/pkg/db/goxus/user.xo.go:162.16,164.3 1 0
goxus/src/internal/pkg/db/goxus/user.xo.go:167.2,169.12 2 0
goxus/src/internal/pkg/db/goxus/user.xo.go:173.47,181.16 4 0
goxus/src/internal/pkg/db/goxus/user.xo.go:181.16,183.3 1 0
goxus/src/internal/pkg/db/goxus/user.xo.go:186.2,186.16 1 0
goxus/src/internal/pkg/db/goxus/user.xo.go:186.16,188.3 1 0
goxus/src/internal/pkg/db/goxus/user.xo.go:192.2,202.16 4 0
goxus/src/internal/pkg/db/goxus/user.xo.go:202.16,204.3 1 0
goxus/src/internal/pkg/db/goxus/user.xo.go:207.2,209.12 2 0
goxus/src/internal/pkg/db/goxus/user.xo.go:213.52,231.16 6 0
goxus/src/internal/pkg/db/goxus/user.xo.go:231.16,233.3 1 0
goxus/src/internal/pkg/db/goxus/user.xo.go:234.2,238.15 3 0
goxus/src/internal/pkg/db/goxus/user.xo.go:238.15,243.17 3 0
goxus/src/internal/pkg/db/goxus/user.xo.go:243.17,245.4 1 0
goxus/src/internal/pkg/db/goxus/user.xo.go:246.3,248.24 2 0
goxus/src/internal/pkg/db/goxus/user.xo.go:251.2,251.17 1 0
goxus/src/internal/pkg/db/goxus/user.xo.go:255.83,264.16 5 0
goxus/src/internal/pkg/db/goxus/user.xo.go:264.16,266.3 1 0
goxus/src/internal/pkg/db/goxus/user.xo.go:267.2,271.15 3 0
goxus/src/internal/pkg/db/goxus/user.xo.go:271.15,276.17 3 0
goxus/src/internal/pkg/db/goxus/user.xo.go:276.17,278.4 1 0
goxus/src/internal/pkg/db/goxus/user.xo.go:280.3,280.24 1 0
goxus/src/internal/pkg/db/goxus/user.xo.go:283.2,283.17 1 0
goxus/src/internal/pkg/db/goxus/user.xo.go:291.53,311.16 7 0
goxus/src/internal/pkg/db/goxus/user.xo.go:311.16,313.3 1 0
goxus/src/internal/pkg/db/goxus/user.xo.go:314.2,317.16 3 0
goxus/src/internal/pkg/db/goxus/user.xo.go:323.68,350.16 8 0
goxus/src/internal/pkg/db/goxus/user.xo.go:350.16,352.3 1 0
goxus/src/internal/pkg/db/goxus/user.xo.go:354.2,354.16 1 0
goxus/src/internal/pkg/db/goxus/user.xo.go:362.61,389.16 8 0
goxus/src/internal/pkg/db/goxus/user.xo.go:389.16,391.3 1 0
goxus/src/internal/pkg/db/goxus/user.xo.go:393.2,393.16 1 0
goxus/src/internal/pkg/db/goxus/user.xo.go:399.74,421.16 8 0
goxus/src/internal/pkg/db/goxus/user.xo.go:421.16,423.3 1 0
goxus/src/internal/pkg/db/goxus/user.xo.go:425.2,428.16 3 0
goxus/src/internal/pkg/db/goxus/userstoken-repo.xo.go:21.62,23.2 1 0
goxus/src/internal/pkg/db/goxus/userstoken-repo.xo.go:26.64,28.2 1 0
goxus/src/internal/pkg/db/goxus/userstoken-repo.xo.go:36.70,38.2 1 0
goxus/src/internal/pkg/db/goxus/userstoken-repo.xo.go:41.67,43.2 1 0
goxus/src/internal/pkg/db/goxus/userstoken-repo.xo.go:46.68,48.2 1 0
goxus/src/internal/pkg/db/goxus/userstoken-repo.xo.go:51.84,53.2 1 0
goxus/src/internal/pkg/db/goxus/userstoken-repo.xo.go:56.91,58.2 1 0
goxus/src/internal/pkg/db/goxus/userstoken-repo.xo.go:61.99,63.2 1 0
goxus/src/internal/pkg/db/goxus/userstoken-repo.xo.go:65.74,67.2 1 0
goxus/src/internal/pkg/db/goxus/userstoken.xo.go:30.37,32.2 1 0
goxus/src/internal/pkg/db/goxus/userstoken.xo.go:35.46,37.2 1 0
goxus/src/internal/pkg/db/goxus/userstoken.xo.go:40.38,42.2 1 0
goxus/src/internal/pkg/db/goxus/userstoken.xo.go:45.54,53.16 4 0
goxus/src/internal/pkg/db/goxus/userstoken.xo.go:53.16,55.3 1 0
goxus/src/internal/pkg/db/goxus/userstoken.xo.go:59.2,72.16 4 0
goxus/src/internal/pkg/db/goxus/userstoken.xo.go:72.16,74.3 1 0
goxus/src/internal/pkg/db/goxus/userstoken.xo.go:77.2,79.12 2 0
goxus/src/internal/pkg/db/goxus/userstoken.xo.go:83.54,91.17 4 0
goxus/src/internal/pkg/db/goxus/userstoken.xo.go:91.17,93.3 1 0
goxus/src/internal/pkg/db/goxus/userstoken.xo.go:96.2,96.17 1 0
goxus/src/internal/pkg/db/goxus/userstoken.xo.go:96.17,98.3 1 0
goxus/src/internal/pkg/db/goxus/userstoken.xo.go:102.2,115.12 4 0
goxus/src/internal/pkg/db/goxus/userstoken.xo.go:119.52,120.17 1 0
goxus/src/internal/pkg/db/goxus/userstoken.xo.go:120.17,122.3 1 0
goxus/src/internal/pkg/db/goxus/userstoken.xo.go:124.2,124.22 1 0
goxus/src/internal/pkg/db/goxus/userstoken.xo.go:130.54,138.16 4 0
goxus/src/internal/pkg/db/goxus/userstoken.xo.go:138.16,140.3 1 0
goxus/src/internal/pkg/db/goxus/userstoken.xo.go:144.2,161.16 4 0
goxus/src/internal/pkg/db/goxus/userstoken.xo.go:161.16,163.3 1 0
goxus/src/internal/pkg/db/goxus/userstoken.xo.go:166.2,168.12 2 0
goxus/src/internal/pkg/db/goxus/userstoken.xo.go:172.54,180.17 4 0
goxus/src/internal/pkg/db/goxus/userstoken.xo.go:180.17,182.3 1 0
goxus/src/internal/pkg/db/goxus/userstoken.xo.go:185.2,185.17 1 0
goxus/src/internal/pkg/db/goxus/userstoken.xo.go:185.17,187.3 1 0
goxus/src/internal/pkg/db/goxus/userstoken.xo.go:191.2,201.16 4 0
goxus/src/internal/pkg/db/goxus/userstoken.xo.go:201.16,203.3 1 0
goxus/src/internal/pkg/db/goxus/userstoken.xo.go:206.2,208.12 2 0
goxus/src/internal/pkg/db/goxus/userstoken.xo.go:212.64,230.16 6 0
goxus/src/internal/pkg/db/goxus/userstoken.xo.go:230.16,232.3 1 0
goxus/src/internal/pkg/db/goxus/userstoken.xo.go:233.2,237.15 3 0
goxus/src/internal/pkg/db/goxus/userstoken.xo.go:237.15,242.17 3 0
goxus/src/internal/pkg/db/goxus/userstoken.xo.go:242.17,244.4 1 0
goxus/src/internal/pkg/db/goxus/userstoken.xo.go:245.3,247.25 2 0
goxus/src/internal/pkg/db/goxus/userstoken.xo.go:250.2,250.17 1 0
goxus/src/internal/pkg/db/goxus/userstoken.xo.go:254.95,263.16 5 0
goxus/src/internal/pkg/db/goxus/userstoken.xo.go:263.16,265.3 1 0
goxus/src/internal/pkg/db/goxus/userstoken.xo.go:266.2,270.15 3 0
goxus/src/internal/pkg/db/goxus/userstoken.xo.go:270.15,275.17 3 0
goxus/src/internal/pkg/db/goxus/userstoken.xo.go:275.17,277.4 1 0
goxus/src/internal/pkg/db/goxus/userstoken.xo.go:279.3,279.25 1 0
goxus/src/internal/pkg/db/goxus/userstoken.xo.go:282.2,282.17 1 0
goxus/src/internal/pkg/db/goxus/userstoken.xo.go:290.65,310.16 7 0
goxus/src/internal/pkg/db/goxus/userstoken.xo.go:310.16,312.3 1 0
goxus/src/internal/pkg/db/goxus/userstoken.xo.go:313.2,316.17 3 0
goxus/src/internal/pkg/db/goxus/userstoken.xo.go:322.64,324.2 1 0
goxus/src/internal/pkg/db/goxus/userstoken.xo.go:329.73,356.16 8 0
goxus/src/internal/pkg/db/goxus/userstoken.xo.go:356.16,358.3 1 0
goxus/src/internal/pkg/db/goxus/userstoken.xo.go:360.2,360.17 1 0
goxus/src/internal/pkg/db/goxus/userstoken.xo.go:368.80,395.16 8 0
goxus/src/internal/pkg/db/goxus/userstoken.xo.go:395.16,397.3 1 0
goxus/src/internal/pkg/db/goxus/userstoken.xo.go:399.2,399.17 1 0
goxus/src/internal/pkg/db/goxus/userstoken.xo.go:407.84,430.16 7 0
goxus/src/internal/pkg/db/goxus/userstoken.xo.go:430.16,432.3 1 0
goxus/src/internal/pkg/db/goxus/userstoken.xo.go:433.2,437.15 3 0
goxus/src/internal/pkg/db/goxus/userstoken.xo.go:437.15,444.17 3 0
goxus/src/internal/pkg/db/goxus/userstoken.xo.go:444.17,446.4 1 0
goxus/src/internal/pkg/db/goxus/userstoken.xo.go:448.3,448.25 1 0
goxus/src/internal/pkg/db/goxus/userstoken.xo.go:451.2,451.17 1 0
goxus/src/internal/pkg/db/goxus/userstoken.xouid.go:14.69,38.2 6 0
goxus/src/internal/pkg/db/goxus/xo_db.xo.go:15.26,16.16 1 0
goxus/src/internal/pkg/db/goxus/xo_db.xo.go:16.16,17.13 1 0
goxus/src/internal/pkg/db/goxus/xo_db.xo.go:102.45,104.2 1 0
goxus/src/internal/pkg/db/goxus/xo_db.xo.go:106.38,107.18 1 0
goxus/src/internal/pkg/db/goxus/xo_db.xo.go:107.18,111.3 2 0
goxus/src/internal/pkg/db/goxus/xo_db.xo.go:113.2,114.27 2 0
goxus/src/internal/pkg/db/goxus/xo_db.xo.go:115.14,116.11 1 0
goxus/src/internal/pkg/db/goxus/xo_db.xo.go:117.14,118.19 1 0
goxus/src/internal/pkg/db/goxus/xo_db.xo.go:119.10,120.51 1 0
goxus/src/internal/pkg/db/goxus/xo_db.xo.go:123.2,123.38 1 0
goxus/src/internal/pkg/db/goxus/xo_db.xo.go:127.50,131.2 2 0
goxus/src/internal/pkg/db/goxus/xo_db.xo.go:133.51,135.9 2 0
goxus/src/internal/pkg/db/goxus/xo_db.xo.go:135.9,137.3 1 0
goxus/src/internal/pkg/db/goxus/xo_db.xo.go:140.2,141.27 2 0
goxus/src/internal/pkg/db/goxus/xo_db.xo.go:141.27,142.41 1 0
goxus/src/internal/pkg/db/goxus/xo_db.xo.go:142.41,144.4 1 0
goxus/src/internal/pkg/db/goxus/xo_db.xo.go:144.9,146.4 1 0
goxus/src/internal/pkg/db/goxus/xo_db.xo.go:149.2,149.21 1 0
goxus/src/internal/pkg/db/goxus/xo_db.xo.go:156.46,158.2 1 0
goxus/src/internal/pkg/db/goxus/xo_db.xo.go:160.39,161.18 1 0
goxus/src/internal/pkg/db/goxus/xo_db.xo.go:161.18,165.3 2 0
goxus/src/internal/pkg/db/goxus/xo_db.xo.go:167.2,168.27 2 0
goxus/src/internal/pkg/db/goxus/xo_db.xo.go:169.14,170.11 1 0
goxus/src/internal/pkg/db/goxus/xo_db.xo.go:171.14,172.19 1 0
goxus/src/internal/pkg/db/goxus/xo_db.xo.go:173.10,174.51 1 0
goxus/src/internal/pkg/db/goxus/xo_db.xo.go:177.2,177.38 1 0
goxus/src/internal/pkg/db/goxus/xo_db.xo.go:181.51,185.2 2 0
goxus/src/internal/pkg/db/goxus/xo_db.xo.go:187.52,189.9 2 0
goxus/src/internal/pkg/db/goxus/xo_db.xo.go:189.9,191.3 1 0
goxus/src/internal/pkg/db/goxus/xo_db.xo.go:194.2,195.27 2 0
goxus/src/internal/pkg/db/goxus/xo_db.xo.go:195.27,196.41 1 0
goxus/src/internal/pkg/db/goxus/xo_db.xo.go:196.41,198.4 1 0
goxus/src/internal/pkg/db/goxus/xo_db.xo.go:198.9,200.4 1 0
goxus/src/internal/pkg/db/goxus/xo_db.xo.go:203.2,203.21 1 0
goxus/src/internal/pkg/services/ratelimit/provider.go:19.79,20.20 1 0
goxus/src/internal/pkg/services/ratelimit/provider.go:20.20,22.3 1 0
goxus/src/internal/pkg/services/ratelimit/provider.go:24.2,27.18 3 0
goxus/src/internal/pkg/services/ratelimit/provider.go:27.18,33.3 1 0
goxus/src/internal/pkg/services/ratelimit/provider.go:35.2,36.16 2 0
goxus/src/internal/pkg/services/ratelimit/provider.go:36.16,38.3 1 0
goxus/src/internal/pkg/services/ratelimit/provider.go:40.2,45.26 2 0
goxus/src/internal/pkg/services/ratelimit/ratelimit.go:44.30,49.2 1 1
goxus/src/internal/pkg/services/ratelimit/ratelimit.go:52.39,56.28 3 1
goxus/src/internal/pkg/services/ratelimit/ratelimit.go:56.28,59.3 1 1
goxus/src/internal/pkg/services/ratelimit/ratelimit.go:61.2,65.9 4 1
goxus/src/internal/pkg/services/ratelimit/ratelimit.go:65.9,71.3 2 1
goxus/src/internal/pkg/services/ratelimit/ratelimit.go:74.2,75.33 2 1
goxus/src/internal/pkg/services/ratelimit/ratelimit.go:75.33,76.27 1 1
goxus/src/internal/pkg/services/ratelimit/ratelimit.go:76.27,78.4 1 1
goxus/src/internal/pkg/services/ratelimit/ratelimit.go:80.2,82.37 2 1
goxus/src/internal/pkg/services/ratelimit/ratelimit.go:82.37,84.3 1 1
goxus/src/internal/pkg/services/ratelimit/ratelimit.go:86.2,88.13 2 1
goxus/src/internal/pkg/services/ratelimit/ratelimit.go:92.42,96.28 3 1
goxus/src/internal/pkg/services/ratelimit/ratelimit.go:96.28,98.3 1 0
goxus/src/internal/pkg/services/ratelimit/ratelimit.go:100.2,104.9 4 1
goxus/src/internal/pkg/services/ratelimit/ratelimit.go:104.9,106.3 1 1
goxus/src/internal/pkg/services/ratelimit/ratelimit.go:108.2,109.33 2 1
goxus/src/internal/pkg/services/ratelimit/ratelimit.go:109.33,110.27 1 1
goxus/src/internal/pkg/services/ratelimit/ratelimit.go:110.27,112.4 1 1
goxus/src/internal/pkg/services/ratelimit/ratelimit.go:114.2,117.19 3 1
goxus/src/internal/pkg/services/ratelimit/ratelimit.go:117.19,119.3 1 0
goxus/src/internal/pkg/services/ratelimit/ratelimit.go:121.2,121.18 1 1
goxus/src/internal/pkg/services/ratelimit/ratelimit.go:125.53,129.28 3 1
goxus/src/internal/pkg/services/ratelimit/ratelimit.go:129.28,131.3 1 0
goxus/src/internal/pkg/services/ratelimit/ratelimit.go:133.2,134.9 2 1
goxus/src/internal/pkg/services/ratelimit/ratelimit.go:134.9,136.3 1 1
goxus/src/internal/pkg/services/ratelimit/ratelimit.go:138.2,138.28 1 1
goxus/src/internal/pkg/services/ratelimit/ratelimit.go:138.28,140.3 1 0
goxus/src/internal/pkg/services/ratelimit/ratelimit.go:143.2,146.19 4 1
goxus/src/internal/pkg/services/ratelimit/ratelimit.go:146.19,148.3 1 1
goxus/src/internal/pkg/services/ratelimit/ratelimit.go:150.2,150.18 1 1
goxus/src/internal/pkg/services/rbac/provider.go:17.70,18.20 1 0
goxus/src/internal/pkg/services/rbac/provider.go:18.20,20.3 1 0
goxus/src/internal/pkg/services/rbac/provider.go:22.2,24.26 2 0
goxus/src/internal/pkg/services/rbac/service.go:66.45,68.2 1 1
goxus/src/internal/pkg/services/rbac/service.go:71.52,74.35 2 1
goxus/src/internal/pkg/services/rbac/service.go:74.35,76.3 1 1
goxus/src/internal/pkg/services/rbac/service.go:78.2,84.16 3 1
goxus/src/internal/pkg/services/rbac/service.go:84.16,86.3 1 0
goxus/src/internal/pkg/services/rbac/service.go:87.2,87.12 1 1
goxus/src/internal/pkg/services/rbac/service.go:91.58,93.35 2 1
goxus/src/internal/pkg/services/rbac/service.go:93.35,95.3 1 1
goxus/src/internal/pkg/services/rbac/service.go:97.2,103.16 3 1
goxus/src/internal/pkg/services/rbac/service.go:103.16,105.3 1 0
goxus/src/internal/pkg/services/rbac/service.go:106.2,106.12 1 1
goxus/src/internal/pkg/services/rbac/service.go:110.83,113.16 2 1
goxus/src/internal/pkg/services/rbac/service.go:113.16,115.3 1 1
goxus/src/internal/pkg/services/rbac/service.go:118.2,118.37 1 1
goxus/src/internal/pkg/services/rbac/service.go:118.37,120.17 2 1
goxus/src/internal/pkg/services/rbac/service.go:120.17,122.4 1 1
goxus/src/internal/pkg/services/rbac/service.go:125.3,127.36 2 1
goxus/src/internal/pkg/services/rbac/service.go:127.36,128.12 1 1
goxus/src/internal/pkg/services/rbac/service.go:131.3,137.17 3 1
goxus/src/internal/pkg/services/rbac/service.go:137.17,139.4 1 0
goxus/src/internal/pkg/services/rbac/service.go:142.2,142.12 1 1
goxus/src/internal/pkg/services/rbac/service.go:146.70,148.16 2 1
goxus/src/internal/pkg/services/rbac/service.go:148.16,150.3 1 1
goxus/src/internal/pkg/services/rbac/service.go:153.2,154.35 2 1
goxus/src/internal/pkg/services/rbac/service.go:154.35,157.3 1 1
goxus/src/internal/pkg/services/rbac/service.go:159.2,165.16 3 1
goxus/src/internal/pkg/services/rbac/service.go:165.16,167.3 1 0
goxus/src/internal/pkg/services/rbac/service.go:168.2,168.12 1 1
goxus/src/internal/pkg/services/rbac/service.go:172.75,174.16 2 1
goxus/src/internal/pkg/services/rbac/service.go:174.16,176.3 1 1
goxus/src/internal/pkg/services/rbac/service.go:178.2,179.29 2 1
goxus/src/internal/pkg/services/rbac/service.go:179.29,181.3 1 1
goxus/src/internal/pkg/services/rbac/service.go:183.2,183.18 1 1
goxus/src/internal/pkg/services/rbac/service.go:187.81,189.16 2 1
goxus/src/internal/pkg/services/rbac/service.go:189.16,191.3 1 1
goxus/src/internal/pkg/services/rbac/service.go:194.2,195.16 2 1
goxus/src/internal/pkg/services/rbac/service.go:195.16,197.3 1 0
goxus/src/internal/pkg/services/rbac/service.go:200.2,201.31 2 1
goxus/src/internal/pkg/services/rbac/service.go:201.31,202.26 1 1
goxus/src/internal/pkg/services/rbac/service.go:202.26,204.4 1 1
goxus/src/internal/pkg/services/rbac/service.go:207.2,207.23 1 1
goxus/src/internal/pkg/services/rbac/service.go:207.23,209.3 1 1
goxus/src/internal/pkg/services/rbac/service.go:212.2,212.33 1 1
goxus/src/internal/pkg/services/rbac/service.go:212.33,215.30 2 1
goxus/src/internal/pkg/services/rbac/service.go:215.30,217.4 1 1
goxus/src/internal/pkg/services/rbac/service.go:220.2,220.19 1 0
goxus/src/internal/pkg/services/rbac/service.go:224.84,226.16 2 1
goxus/src/internal/pkg/services/rbac/service.go:226.16,228.3 1 1
goxus/src/internal/pkg/services/rbac/service.go:230.2,231.16 2 1
goxus/src/internal/pkg/services/rbac/service.go:231.16,233.3 1 0
goxus/src/internal/pkg/services/rbac/service.go:235.2,237.29 2 1
goxus/src/internal/pkg/services/rbac/service.go:237.29,239.3 1 1
goxus/src/internal/pkg/services/rbac/service.go:241.2,241.18 1 1
goxus/src/internal/pkg/services/rbac/service.go:245.68,247.16 2 1
goxus/src/internal/pkg/services/rbac/service.go:247.16,249.3 1 0
goxus/src/internal/pkg/services/rbac/service.go:251.2,252.29 2 1
goxus/src/internal/pkg/services/rbac/service.go:252.29,254.3 1 1
goxus/src/internal/pkg/services/rbac/service.go:256.2,257.16 2 1
goxus/src/internal/pkg/services/rbac/service.go:257.16,259.3 1 0
goxus/src/internal/pkg/services/rbac/service.go:260.2,260.12 1 1
goxus/src/internal/pkg/services/rbac/service.go:264.77,266.16 2 1
goxus/src/internal/pkg/services/rbac/service.go:266.16,268.3 1 0
goxus/src/internal/pkg/services/rbac/service.go:270.2,271.16 2 1
goxus/src/internal/pkg/services/rbac/service.go:271.16,273.3 1 0
goxus/src/internal/pkg/services/rbac/service.go:275.2,277.29 2 1
goxus/src/internal/pkg/services/rbac/service.go:277.29,279.3 1 1
goxus/src/internal/pkg/services/rbac/service.go:281.2,282.16 2 1
goxus/src/internal/pkg/services/rbac/service.go:282.16,284.3 1 0
goxus/src/internal/pkg/services/rbac/service.go:285.2,285.12 1 1
goxus/src/internal/pkg/services/rbac/service.go:289.57,291.16 2 1
goxus/src/internal/pkg/services/rbac/service.go:291.16,293.3 1 0
goxus/src/internal/pkg/services/rbac/service.go:294.2,294.17 1 1
goxus/src/internal/pkg/services/rbac/service.go:298.70,300.16 2 1
goxus/src/internal/pkg/services/rbac/service.go:300.16,302.3 1 0
goxus/src/internal/pkg/services/rbac/service.go:304.2,305.34 2 1
goxus/src/internal/pkg/services/rbac/service.go:305.34,306.26 1 1
goxus/src/internal/pkg/services/rbac/service.go:306.26,308.4 1 1
goxus/src/internal/pkg/services/rbac/service.go:311.2,311.23 1 1
goxus/src/internal/pkg/services/rbac/service.go:311.23,313.3 1 1
goxus/src/internal/pkg/services/rbac/service.go:315.2,316.16 2 1
goxus/src/internal/pkg/services/rbac/service.go:316.16,318.3 1 0
goxus/src/internal/pkg/services/rbac/service.go:320.2,321.29 2 1
goxus/src/internal/pkg/services/rbac/service.go:321.29,323.3 1 1
goxus/src/internal/pkg/services/rbac/service.go:325.2,326.29 2 1
goxus/src/internal/pkg/services/rbac/service.go:326.29,327.31 1 1
goxus/src/internal/pkg/services/rbac/service.go:327.31,329.4 1 1
goxus/src/internal/pkg/services/rbac/service.go:332.2,332.20 1 1
goxus/src/internal/pkg/services/rbac/service.go:336.85,338.16 2 1
goxus/src/internal/pkg/services/rbac/service.go:338.16,340.3 1 1
goxus/src/internal/pkg/services/rbac/service.go:342.2,343.16 2 1
goxus/src/internal/pkg/services/rbac/service.go:343.16,345.3 1 0
goxus/src/internal/pkg/services/rbac/service.go:347.2,348.34 2 1
goxus/src/internal/pkg/services/rbac/service.go:348.34,349.27 1 1
goxus/src/internal/pkg/services/rbac/service.go:349.27,351.4 1 1
goxus/src/internal/pkg/services/rbac/service.go:354.2,354.23 1 1
goxus/src/internal/pkg/services/rbac/service.go:354.23,356.3 1 1
goxus/src/internal/pkg/services/rbac/service.go:358.2,359.16 2 1
goxus/src/internal/pkg/services/rbac/service.go:359.16,361.3 1 0
goxus/src/internal/pkg/services/rbac/service.go:363.2,364.29 2 1
goxus/src/internal/pkg/services/rbac/service.go:364.29,366.3 1 1
goxus/src/internal/pkg/services/rbac/service.go:368.2,369.29 2 1
goxus/src/internal/pkg/services/rbac/service.go:369.29,370.31 1 1
goxus/src/internal/pkg/services/rbac/service.go:370.31,372.4 1 1
goxus/src/internal/pkg/services/rbac/service.go:375.2,375.20 1 1
goxus/src/internal/pkg/services/rbac/service.go:379.69,381.16 2 1
goxus/src/internal/pkg/services/rbac/service.go:381.16,383.3 1 0
goxus/src/internal/pkg/services/rbac/service.go:384.2,384.17 1 1
goxus/src/internal/pkg/services/rbac/service.go:388.50,390.16 2 1
goxus/src/internal/pkg/services/rbac/service.go:390.16,392.3 1 1
goxus/src/internal/pkg/services/rbac/service.go:395.2,396.16 2 1
goxus/src/internal/pkg/services/rbac/service.go:396.16,398.3 1 0
goxus/src/internal/pkg/services/rbac/service.go:400.2,400.34 1 1
goxus/src/internal/pkg/services/rbac/service.go:400.34,401.27 1 1
goxus/src/internal/pkg/services/rbac/service.go:401.27,403.4 1 1
goxus/src/internal/pkg/services/rbac/service.go:407.2,408.16 2 1
goxus/src/internal/pkg/services/rbac/service.go:408.16,410.3 1 0
goxus/src/internal/pkg/services/rbac/service.go:412.2,412.34 1 1
goxus/src/internal/pkg/services/rbac/service.go:412.34,413.27 1 1
goxus/src/internal/pkg/services/rbac/service.go:413.27,415.18 2 1
goxus/src/internal/pkg/services/rbac/service.go:415.18,417.5 1 0
goxus/src/internal/pkg/services/rbac/service.go:421.2,422.16 2 1
goxus/src/internal/pkg/services/rbac/service.go:422.16,424.3 1 0
goxus/src/internal/pkg/services/rbac/service.go:425.2,425.12 1 1
goxus/src/internal/pkg/services/rbac/service.go:429.56,431.16 2 1
goxus/src/internal/pkg/services/rbac/service.go:431.16,433.3 1 1
goxus/src/internal/pkg/services/rbac/service.go:436.2,437.16 2 1
goxus/src/internal/pkg/services/rbac/service.go:437.16,439.3 1 0
goxus/src/internal/pkg/services/rbac/service.go:441.2,441.34 1 1
goxus/src/internal/pkg/services/rbac/service.go:441.34,442.33 1 1
goxus/src/internal/pkg/services/rbac/service.go:442.33,444.4 1 1
goxus/src/internal/pkg/services/rbac/service.go:447.2,448.16 2 1
goxus/src/internal/pkg/services/rbac/service.go:448.16,450.3 1 0
goxus/src/internal/pkg/services/rbac/service.go:451.2,451.12 1 1
goxus/src/internal/app/goxus/domain/user/authorized_service.go:23.65,28.2 1 1
goxus/src/internal/app/goxus/domain/user/authorized_service.go:31.108,33.9 2 1
goxus/src/internal/app/goxus/domain/user/authorized_service.go:33.9,35.3 1 1
goxus/src/internal/app/goxus/domain/user/authorized_service.go:37.2,38.16 2 1
goxus/src/internal/app/goxus/domain/user/authorized_service.go:38.16,40.3 1 0
goxus/src/internal/app/goxus/domain/user/authorized_service.go:41.2,41.9 1 1
goxus/src/internal/app/goxus/domain/user/authorized_service.go:41.9,43.3 1 1
goxus/src/internal/app/goxus/domain/user/authorized_service.go:45.2,45.51 1 1
goxus/src/internal/app/goxus/domain/user/authorized_service.go:49.78,51.9 2 1
goxus/src/internal/app/goxus/domain/user/authorized_service.go:51.9,53.3 1 1
goxus/src/internal/app/goxus/domain/user/authorized_service.go:55.2,56.16 2 1
goxus/src/internal/app/goxus/domain/user/authorized_service.go:56.16,58.3 1 0
goxus/src/internal/app/goxus/domain/user/authorized_service.go:59.2,59.9 1 1
goxus/src/internal/app/goxus/domain/user/authorized_service.go:59.9,61.3 1 1
goxus/src/internal/app/goxus/domain/user/authorized_service.go:63.2,63.26 1 1
goxus/src/internal/app/goxus/domain/user/authorized_service.go:68.89,70.9 2 1
goxus/src/internal/app/goxus/domain/user/authorized_service.go:70.9,72.3 1 1
goxus/src/internal/app/goxus/domain/user/authorized_service.go:74.2,74.19 1 1
goxus/src/internal/app/goxus/domain/user/authorized_service.go:74.19,76.17 2 1
goxus/src/internal/app/goxus/domain/user/authorized_service.go:76.17,78.4 1 0
goxus/src/internal/app/goxus/domain/user/authorized_service.go:79.3,79.10 1 1
goxus/src/internal/app/goxus/domain/user/authorized_service.go:79.10,81.4 1 1
goxus/src/internal/app/goxus/domain/user/authorized_service.go:84.2,84.33 1 1
goxus/src/internal/app/goxus/domain/user/authorized_service.go:88.108,90.9 2 1
goxus/src/internal/app/goxus/domain/user/authorized_service.go:90.9,92.3 1 1
goxus/src/internal/app/goxus/domain/user/authorized_service.go:94.2,95.16 2 1
goxus/src/internal/app/goxus/domain/user/authorized_service.go:95.16,97.3 1 0
goxus/src/internal/app/goxus/domain/user/authorized_service.go:98.2,98.9 1 1
goxus/src/internal/app/goxus/domain/user/authorized_service.go:98.9,100.3 1 1
goxus/src/internal/app/goxus/domain/user/authorized_service.go:102.2,102.45 1 1
goxus/src/internal/app/goxus/domain/user/authorized_service.go:107.73,109.9 2 1
goxus/src/internal/app/goxus/domain/user/authorized_service.go:109.9,111.3 1 1
goxus/src/internal/app/goxus/domain/user/authorized_service.go:114.2,114.19 1 1
goxus/src/internal/app/goxus/domain/user/authorized_service.go:114.19,116.3 1 1
goxus/src/internal/app/goxus/domain/user/authorized_service.go:118.2,119.16 2 1
goxus/src/internal/app/goxus/domain/user/authorized_service.go:119.16,121.3 1 0
goxus/src/internal/app/goxus/domain/user/authorized_service.go:122.2,122.9 1 1
goxus/src/internal/app/goxus/domain/user/authorized_service.go:122.9,124.3 1 1
goxus/src/internal/app/goxus/domain/user/authorized_service.go:126.2,126.32 1 1
goxus/src/internal/app/goxus/domain/user/authorized_service.go:130.89,132.9 2 1
goxus/src/internal/app/goxus/domain/user/authorized_service.go:132.9,134.3 1 1
goxus/src/internal/app/goxus/domain/user/authorized_service.go:136.2,137.16 2 1
goxus/src/internal/app/goxus/domain/user/authorized_service.go:137.16,139.3 1 0
goxus/src/internal/app/goxus/domain/user/authorized_service.go:140.2,140.9 1 1
goxus/src/internal/app/goxus/domain/user/authorized_service.go:140.9,142.3 1 1
goxus/src/internal/app/goxus/domain/user/authorized_service.go:144.2,144.33 1 1
goxus/src/internal/app/goxus/domain/user/authorized_service.go:148.120,150.2 1 1
goxus/src/internal/app/goxus/domain/user/authorized_service.go:153.77,155.2 1 1
goxus/src/internal/app/goxus/domain/user/authorized_service.go:158.118,160.2 1 1
goxus/src/internal/app/goxus/domain/user/authorized_service.go:163.100,165.9 2 1
goxus/src/internal/app/goxus/domain/user/authorized_service.go:165.9,167.3 1 1
goxus/src/internal/app/goxus/domain/user/authorized_service.go:169.2,170.16 2 1
goxus/src/internal/app/goxus/domain/user/authorized_service.go:170.16,172.3 1 0
goxus/src/internal/app/goxus/domain/user/authorized_service.go:173.2,173.9 1 1
goxus/src/internal/app/goxus/domain/user/authorized_service.go:173.9,175.3 1 1
goxus/src/internal/app/goxus/domain/user/authorized_service.go:177.2,177.38 1 1
goxus/src/internal/app/goxus/domain/user/authorized_service.go:181.98,183.9 2 1
goxus/src/internal/app/goxus/domain/user/authorized_service.go:183.9,185.3 1 1
goxus/src/internal/app/goxus/domain/user/authorized_service.go:187.2,188.16 2 1
goxus/src/internal/app/goxus/domain/user/authorized_service.go:188.16,190.3 1 0
goxus/src/internal/app/goxus/domain/user/authorized_service.go:191.2,191.9 1 1
goxus/src/internal/app/goxus/domain/user/authorized_service.go:191.9,193.3 1 1
goxus/src/internal/app/goxus/domain/user/authorized_service.go:195.2,195.50 1 1
goxus/src/internal/app/goxus/domain/user/authorized_service.go:199.98,201.9 2 1
goxus/src/internal/app/goxus/domain/user/authorized_service.go:201.9,203.3 1 1
goxus/src/internal/app/goxus/domain/user/authorized_service.go:205.2,206.16 2 1
goxus/src/internal/app/goxus/domain/user/authorized_service.go:206.16,208.3 1 0
goxus/src/internal/app/goxus/domain/user/authorized_service.go:209.2,209.9 1 1
goxus/src/internal/app/goxus/domain/user/authorized_service.go:209.9,211.3 1 1
goxus/src/internal/app/goxus/domain/user/authorized_service.go:213.2,213.50 1 1
goxus/src/internal/app/goxus/domain/user/authorized_service.go:217.89,219.2 1 0
goxus/src/internal/app/goxus/domain/user/impl.go:36.67,41.2 1 1
goxus/src/internal/app/goxus/domain/user/impl.go:44.93,47.35 2 1
goxus/src/internal/app/goxus/domain/user/impl.go:47.35,49.3 1 1
goxus/src/internal/app/goxus/domain/user/impl.go:51.2,61.16 4 1
goxus/src/internal/app/goxus/domain/user/impl.go:61.16,63.3 1 0
goxus/src/internal/app/goxus/domain/user/impl.go:65.2,65.18 1 1
goxus/src/internal/app/goxus/domain/user/impl.go:69.63,71.16 2 1
goxus/src/internal/app/goxus/domain/user/impl.go:71.16,73.3 1 0
goxus/src/internal/app/goxus/domain/user/impl.go:74.2,74.19 1 1
goxus/src/internal/app/goxus/domain/user/impl.go:78.74,80.16 2 1
goxus/src/internal/app/goxus/domain/user/impl.go:80.16,82.3 1 1
goxus/src/internal/app/goxus/domain/user/impl.go:83.2,83.18 1 1
goxus/src/internal/app/goxus/domain/user/impl.go:87.93,89.16 2 1
goxus/src/internal/app/goxus/domain/user/impl.go:89.16,91.3 1 1
goxus/src/internal/app/goxus/domain/user/impl.go:94.2,94.25 1 1
goxus/src/internal/app/goxus/domain/user/impl.go:94.25,96.36 2 1
goxus/src/internal/app/goxus/domain/user/impl.go:96.36,98.4 1 1
goxus/src/internal/app/goxus/domain/user/impl.go:101.2,106.16 5 1
goxus/src/internal/app/goxus/domain/user/impl.go:106.16,108.3 1 0
goxus/src/internal/app/goxus/domain/user/impl.go:110.2,110.18 1 1
goxus/src/internal/app/goxus/domain/user/impl.go:114.58,116.16 2 1
goxus/src/internal/app/goxus/domain/user/impl.go:116.16,118.3 1 1
goxus/src/internal/app/goxus/domain/user/impl.go:120.2,120.26 1 1
goxus/src/internal/app/goxus/domain/user/impl.go:120.26,122.3 1 1
goxus/src/internal/app/goxus/domain/user/impl.go:124.2,129.16 5 1
goxus/src/internal/app/goxus/domain/user/impl.go:129.16,131.3 1 0
goxus/src/internal/app/goxus/domain/user/impl.go:133.2,133.12 1 1
goxus/src/internal/app/goxus/domain/user/impl.go:137.74,139.16 2 1
goxus/src/internal/app/goxus/domain/user/impl.go:139.16,141.3 1 1
goxus/src/internal/app/goxus/domain/user/impl.go:143.2,143.27 1 1
goxus/src/internal/app/goxus/domain/user/impl.go:143.27,145.3 1 1
goxus/src/internal/app/goxus/domain/user/impl.go:147.2,152.16 5 1
goxus/src/internal/app/goxus/domain/user/impl.go:152.16,154.3 1 0
goxus/src/internal/app/goxus/domain/user/impl.go:156.2,156.18 1 1
goxus/src/internal/app/goxus/domain/user/impl.go:160.85,163.16 2 1
goxus/src/internal/app/goxus/domain/user/impl.go:163.16,165.3 1 1
goxus/src/internal/app/goxus/domain/user/impl.go:167.2,168.16 2 1
goxus/src/internal/app/goxus/domain/user/impl.go:168.16,170.3 1 0
goxus/src/internal/app/goxus/domain/user/impl.go:172.2,172.19 1 1
goxus/src/internal/app/goxus/domain/user/impl.go:176.83,179.16 2 1
goxus/src/internal/app/goxus/domain/user/impl.go:179.16,181.3 1 1
goxus/src/internal/app/goxus/domain/user/impl.go:183.2,183.53 1 1
goxus/src/internal/app/goxus/domain/user/impl.go:187.83,190.16 2 1
goxus/src/internal/app/goxus/domain/user/impl.go:190.16,192.3 1 1
goxus/src/internal/app/goxus/domain/user/impl.go:194.2,194.51 1 1
goxus/src/internal/app/goxus/domain/user/impl.go:198.74,200.2 1 1
goxus/src/internal/app/goxus/domain/user/impl.go:203.29,205.2 1 1
goxus/src/internal/app/goxus/domain/user/impl.go:208.105,211.16 2 1
goxus/src/internal/app/goxus/domain/user/impl.go:211.16,212.36 1 1
goxus/src/internal/app/goxus/domain/user/impl.go:212.36,214.4 1 1
goxus/src/internal/app/goxus/domain/user/impl.go:215.3,215.31 1 0
goxus/src/internal/app/goxus/domain/user/impl.go:219.2,219.31 1 1
goxus/src/internal/app/goxus/domain/user/impl.go:219.31,221.3 1 1
goxus/src/internal/app/goxus/domain/user/impl.go:224.2,233.16 4 1
goxus/src/internal/app/goxus/domain/user/impl.go:233.16,235.3 1 0
goxus/src/internal/app/goxus/domain/user/impl.go:237.2,237.25 1 1
goxus/src/internal/app/goxus/domain/user/impl.go:243.103,245.16 2 1
goxus/src/internal/app/goxus/domain/user/impl.go:245.16,246.36 1 1
goxus/src/internal/app/goxus/domain/user/impl.go:246.36,248.4 1 1
goxus/src/internal/app/goxus/domain/user/impl.go:249.3,249.31 1 0
goxus/src/internal/app/goxus/domain/user/impl.go:252.2,252.24 1 1
goxus/src/internal/app/goxus/domain/user/impl.go:252.24,254.3 1 1
goxus/src/internal/app/goxus/domain/user/impl.go:256.2,257.16 2 1
goxus/src/internal/app/goxus/domain/user/impl.go:257.16,258.36 1 0
goxus/src/internal/app/goxus/domain/user/impl.go:258.36,260.4 1 0
goxus/src/internal/app/goxus/domain/user/impl.go:261.3,261.31 1 0
goxus/src/internal/app/goxus/domain/user/impl.go:264.2,264.26 1 1
goxus/src/internal/app/goxus/domain/user/impl.go:264.26,266.3 1 1
goxus/src/internal/app/goxus/domain/user/impl.go:269.2,271.16 3 1
goxus/src/internal/app/goxus/domain/user/impl.go:271.16,273.3 1 0
goxus/src/internal/app/goxus/domain/user/impl.go:275.2,275.22 1 1
goxus/src/internal/app/goxus/domain/user/impl.go:279.62,281.16 2 1
goxus/src/internal/app/goxus/domain/user/impl.go:281.16,282.36 1 1
goxus/src/internal/app/goxus/domain/user/impl.go:282.36,284.4 1 1
goxus/src/internal/app/goxus/domain/user/impl.go:285.3,285.21 1 0
goxus/src/internal/app/goxus/domain/user/impl.go:289.2,294.16 5 1
goxus/src/internal/app/goxus/domain/user/impl.go:294.16,296.3 1 0
goxus/src/internal/app/goxus/domain/user/impl.go:298.2,298.12 1 1
goxus/src/internal/app/goxus/domain/user/provider.go:20.99,21.20 1 0
goxus/src/internal/app/goxus/domain/user/provider.go:21.20,23.3 1 0
goxus/src/internal/app/goxus/domain/user/provider.go:26.2,31.26 3 0
goxus/src/internal/app/goxus/domain/user/service.go:21.70,23.2 1 1
goxus/src/internal/app/goxus/domain/user/service.go:27.60,30.2 2 1
